TCP Ping trying to connect to server webdev.dibris.unige.it (130.251.61.30) on port 1491
 ... connected to Pong server: asking for 151 repetitions of 64 bytes TCP messages
 ... Pong server agreed :-)
tcp_ping received 64 bytes back
Round trip time was 57.4223 milliseconds in repetition 1
tcp_ping received 64 bytes back
Round trip time was 59.7464 milliseconds in repetition 2
tcp_ping received 64 bytes back
Round trip time was 55.8774 milliseconds in repetition 3
tcp_ping received 64 bytes back
Round trip time was 52.0419 milliseconds in repetition 4
tcp_ping received 64 bytes back
Round trip time was 73.9597 milliseconds in repetition 5
tcp_ping received 64 bytes back
Round trip time was 54.9709 milliseconds in repetition 6
tcp_ping received 64 bytes back
Round trip time was 51.0217 milliseconds in repetition 7
tcp_ping received 64 bytes back
Round trip time was 63.9564 milliseconds in repetition 8
tcp_ping received 64 bytes back
Round trip time was 52.3316 milliseconds in repetition 9
tcp_ping received 64 bytes back
Round trip time was 98.8763 milliseconds in repetition 10
tcp_ping received 64 bytes back
Round trip time was 50.1393 milliseconds in repetition 11
tcp_ping received 64 bytes back
Round trip time was 54.3669 milliseconds in repetition 12
tcp_ping received 64 bytes back
Round trip time was 58.9343 milliseconds in repetition 13
tcp_ping received 64 bytes back
Round trip time was 50.4411 milliseconds in repetition 14
tcp_ping received 64 bytes back
Round trip time was 61.5479 milliseconds in repetition 15
tcp_ping received 64 bytes back
Round trip time was 49.7292 milliseconds in repetition 16
tcp_ping received 64 bytes back
Round trip time was 51.5502 milliseconds in repetition 17
tcp_ping received 64 bytes back
Round trip time was 52.0574 milliseconds in repetition 18
tcp_ping received 64 bytes back
Round trip time was 51.9742 milliseconds in repetition 19
tcp_ping received 64 bytes back
Round trip time was 51.9953 milliseconds in repetition 20
tcp_ping received 64 bytes back
Round trip time was 64.4929 milliseconds in repetition 21
tcp_ping received 64 bytes back
Round trip time was 63.184 milliseconds in repetition 22
tcp_ping received 64 bytes back
Round trip time was 56.2342 milliseconds in repetition 23
tcp_ping received 64 bytes back
Round trip time was 63.8302 milliseconds in repetition 24
tcp_ping received 64 bytes back
Round trip time was 56.0226 milliseconds in repetition 25
tcp_ping received 64 bytes back
Round trip time was 60.0724 milliseconds in repetition 26
tcp_ping received 64 bytes back
Round trip time was 51.9578 milliseconds in repetition 27
tcp_ping received 64 bytes back
Round trip time was 52.4742 milliseconds in repetition 28
tcp_ping received 64 bytes back
Round trip time was 63.9865 milliseconds in repetition 29
tcp_ping received 64 bytes back
Round trip time was 51.3577 milliseconds in repetition 30
tcp_ping received 64 bytes back
Round trip time was 72.6624 milliseconds in repetition 31
tcp_ping received 64 bytes back
Round trip time was 75.322 milliseconds in repetition 32
tcp_ping received 64 bytes back
Round trip time was 52.0125 milliseconds in repetition 33
tcp_ping received 64 bytes back
Round trip time was 67.9474 milliseconds in repetition 34
tcp_ping received 64 bytes back
Round trip time was 60.5781 milliseconds in repetition 35
tcp_ping received 64 bytes back
Round trip time was 51.2028 milliseconds in repetition 36
tcp_ping received 64 bytes back
Round trip time was 70.8681 milliseconds in repetition 37
tcp_ping received 64 bytes back
Round trip time was 49.3119 milliseconds in repetition 38
tcp_ping received 64 bytes back
Round trip time was 51.6533 milliseconds in repetition 39
tcp_ping received 64 bytes back
Round trip time was 61.808 milliseconds in repetition 40
tcp_ping received 64 bytes back
Round trip time was 56.5975 milliseconds in repetition 41
tcp_ping received 64 bytes back
Round trip time was 49.6195 milliseconds in repetition 42
tcp_ping received 64 bytes back
Round trip time was 52.0161 milliseconds in repetition 43
tcp_ping received 64 bytes back
Round trip time was 68.268 milliseconds in repetition 44
tcp_ping received 64 bytes back
Round trip time was 48.1525 milliseconds in repetition 45
tcp_ping received 64 bytes back
Round trip time was 47.8909 milliseconds in repetition 46
tcp_ping received 64 bytes back
Round trip time was 59.9006 milliseconds in repetition 47
tcp_ping received 64 bytes back
Round trip time was 48.1584 milliseconds in repetition 48
tcp_ping received 64 bytes back
Round trip time was 52.3599 milliseconds in repetition 49
tcp_ping received 64 bytes back
Round trip time was 51.1575 milliseconds in repetition 50
tcp_ping received 64 bytes back
Round trip time was 49.2454 milliseconds in repetition 51
tcp_ping received 64 bytes back
Round trip time was 66.9995 milliseconds in repetition 52
tcp_ping received 64 bytes back
Round trip time was 51.6407 milliseconds in repetition 53
tcp_ping received 64 bytes back
Round trip time was 52.6341 milliseconds in repetition 54
tcp_ping received 64 bytes back
Round trip time was 51.948 milliseconds in repetition 55
tcp_ping received 64 bytes back
Round trip time was 51.4771 milliseconds in repetition 56
tcp_ping received 64 bytes back
Round trip time was 48.297 milliseconds in repetition 57
tcp_ping received 64 bytes back
Round trip time was 48.9549 milliseconds in repetition 58
tcp_ping received 64 bytes back
Round trip time was 46.8111 milliseconds in repetition 59
tcp_ping received 64 bytes back
Round trip time was 52.108 milliseconds in repetition 60
tcp_ping received 64 bytes back
Round trip time was 51.5902 milliseconds in repetition 61
tcp_ping received 64 bytes back
Round trip time was 48.2496 milliseconds in repetition 62
tcp_ping received 64 bytes back
Round trip time was 51.7481 milliseconds in repetition 63
tcp_ping received 64 bytes back
Round trip time was 56.1872 milliseconds in repetition 64
tcp_ping received 64 bytes back
Round trip time was 55.7842 milliseconds in repetition 65
tcp_ping received 64 bytes back
Round trip time was 55.9158 milliseconds in repetition 66
tcp_ping received 64 bytes back
Round trip time was 63.9958 milliseconds in repetition 67
tcp_ping received 64 bytes back
Round trip time was 55.9889 milliseconds in repetition 68
tcp_ping received 64 bytes back
Round trip time was 58.2192 milliseconds in repetition 69
tcp_ping received 64 bytes back
Round trip time was 49.7664 milliseconds in repetition 70
tcp_ping received 64 bytes back
Round trip time was 51.9089 milliseconds in repetition 71
tcp_ping received 64 bytes back
Round trip time was 47.9612 milliseconds in repetition 72
tcp_ping received 64 bytes back
Round trip time was 56.0618 milliseconds in repetition 73
tcp_ping received 64 bytes back
Round trip time was 92.2355 milliseconds in repetition 74
tcp_ping received 64 bytes back
Round trip time was 59.7618 milliseconds in repetition 75
tcp_ping received 64 bytes back
Round trip time was 179.88 milliseconds in repetition 76
tcp_ping received 64 bytes back
Round trip time was 59.8187 milliseconds in repetition 77
tcp_ping received 64 bytes back
Round trip time was 52.2716 milliseconds in repetition 78
tcp_ping received 64 bytes back
Round trip time was 174.559 milliseconds in repetition 79
tcp_ping received 64 bytes back
Round trip time was 150.149 milliseconds in repetition 80
tcp_ping received 64 bytes back
Round trip time was 177.549 milliseconds in repetition 81
tcp_ping received 64 bytes back
Round trip time was 176.06 milliseconds in repetition 82
tcp_ping received 64 bytes back
Round trip time was 175.623 milliseconds in repetition 83
tcp_ping received 64 bytes back
Round trip time was 176.167 milliseconds in repetition 84
tcp_ping received 64 bytes back
Round trip time was 175.628 milliseconds in repetition 85
tcp_ping received 64 bytes back
Round trip time was 175.044 milliseconds in repetition 86
tcp_ping received 64 bytes back
Round trip time was 177.405 milliseconds in repetition 87
tcp_ping received 64 bytes back
Round trip time was 185.553 milliseconds in repetition 88
tcp_ping received 64 bytes back
Round trip time was 166.208 milliseconds in repetition 89
tcp_ping received 64 bytes back
Round trip time was 152.186 milliseconds in repetition 90
tcp_ping received 64 bytes back
Round trip time was 62.3251 milliseconds in repetition 91
tcp_ping received 64 bytes back
Round trip time was 60.1075 milliseconds in repetition 92
tcp_ping received 64 bytes back
Round trip time was 162.097 milliseconds in repetition 93
tcp_ping received 64 bytes back
Round trip time was 152.808 milliseconds in repetition 94
tcp_ping received 64 bytes back
Round trip time was 176.074 milliseconds in repetition 95
tcp_ping received 64 bytes back
Round trip time was 176.052 milliseconds in repetition 96
tcp_ping received 64 bytes back
Round trip time was 176.229 milliseconds in repetition 97
tcp_ping received 64 bytes back
Round trip time was 204.367 milliseconds in repetition 98
tcp_ping received 64 bytes back
Round trip time was 146.129 milliseconds in repetition 99
tcp_ping received 64 bytes back
Round trip time was 177.465 milliseconds in repetition 100
tcp_ping received 64 bytes back
Round trip time was 175.573 milliseconds in repetition 101
tcp_ping received 64 bytes back
Round trip time was 175.967 milliseconds in repetition 102
tcp_ping received 64 bytes back
Round trip time was 176.499 milliseconds in repetition 103
tcp_ping received 64 bytes back
Round trip time was 56.0818 milliseconds in repetition 104
tcp_ping received 64 bytes back
Round trip time was 59.934 milliseconds in repetition 105
tcp_ping received 64 bytes back
Round trip time was 59.4227 milliseconds in repetition 106
tcp_ping received 64 bytes back
Round trip time was 52.2052 milliseconds in repetition 107
tcp_ping received 64 bytes back
Round trip time was 51.8151 milliseconds in repetition 108
tcp_ping received 64 bytes back
Round trip time was 69.1578 milliseconds in repetition 109
tcp_ping received 64 bytes back
Round trip time was 74.9992 milliseconds in repetition 110
tcp_ping received 64 bytes back
Round trip time was 63.8891 milliseconds in repetition 111
tcp_ping received 64 bytes back
Round trip time was 59.915 milliseconds in repetition 112
tcp_ping received 64 bytes back
Round trip time was 51.9341 milliseconds in repetition 113
tcp_ping received 64 bytes back
Round trip time was 68.1002 milliseconds in repetition 114
tcp_ping received 64 bytes back
Round trip time was 59.9574 milliseconds in repetition 115
tcp_ping received 64 bytes back
Round trip time was 59.9466 milliseconds in repetition 116
tcp_ping received 64 bytes back
Round trip time was 56.3047 milliseconds in repetition 117
tcp_ping received 64 bytes back
Round trip time was 51.8043 milliseconds in repetition 118
tcp_ping received 64 bytes back
Round trip time was 71.9654 milliseconds in repetition 119
tcp_ping received 64 bytes back
Round trip time was 59.8697 milliseconds in repetition 120
tcp_ping received 64 bytes back
Round trip time was 51.7572 milliseconds in repetition 121
tcp_ping received 64 bytes back
Round trip time was 68.3029 milliseconds in repetition 122
tcp_ping received 64 bytes back
Round trip time was 59.9229 milliseconds in repetition 123
tcp_ping received 64 bytes back
Round trip time was 59.7612 milliseconds in repetition 124
tcp_ping received 64 bytes back
Round trip time was 64.2078 milliseconds in repetition 125
tcp_ping received 64 bytes back
Round trip time was 63.866 milliseconds in repetition 126
tcp_ping received 64 bytes back
Round trip time was 51.9304 milliseconds in repetition 127
tcp_ping received 64 bytes back
Round trip time was 59.7962 milliseconds in repetition 128
tcp_ping received 64 bytes back
Round trip time was 59.9833 milliseconds in repetition 129
tcp_ping received 64 bytes back
Round trip time was 60.2589 milliseconds in repetition 130
tcp_ping received 64 bytes back
Round trip time was 52.1767 milliseconds in repetition 131
tcp_ping received 64 bytes back
Round trip time was 51.7348 milliseconds in repetition 132
tcp_ping received 64 bytes back
Round trip time was 67.9028 milliseconds in repetition 133
tcp_ping received 64 bytes back
Round trip time was 60.0473 milliseconds in repetition 134
tcp_ping received 64 bytes back
Round trip time was 59.9889 milliseconds in repetition 135
tcp_ping received 64 bytes back
Round trip time was 60.1873 milliseconds in repetition 136
tcp_ping received 64 bytes back
Round trip time was 67.9424 milliseconds in repetition 137
tcp_ping received 64 bytes back
Round trip time was 51.4134 milliseconds in repetition 138
tcp_ping received 64 bytes back
Round trip time was 64.4722 milliseconds in repetition 139
tcp_ping received 64 bytes back
Round trip time was 67.4921 milliseconds in repetition 140
tcp_ping received 64 bytes back
Round trip time was 76.1541 milliseconds in repetition 141
tcp_ping received 64 bytes back
Round trip time was 59.8967 milliseconds in repetition 142
tcp_ping received 64 bytes back
Round trip time was 70.5945 milliseconds in repetition 143
tcp_ping received 64 bytes back
Round trip time was 61.3622 milliseconds in repetition 144
tcp_ping received 64 bytes back
Round trip time was 56.0902 milliseconds in repetition 145
tcp_ping received 64 bytes back
Round trip time was 78.7889 milliseconds in repetition 146
tcp_ping received 64 bytes back
Round trip time was 65.243 milliseconds in repetition 147
tcp_ping received 64 bytes back
Round trip time was 68.559 milliseconds in repetition 148
tcp_ping received 64 bytes back
Round trip time was 60.5808 milliseconds in repetition 149
tcp_ping received 64 bytes back
Round trip time was 50.7053 milliseconds in repetition 150
tcp_ping received 64 bytes back
Round trip time was 60.263 milliseconds in repetition 151

 ... clock resolution was 1e-06 h_min=46.8111,  h_max=204.367, h_incr=7.87781
     rtt[0]=46.8111
     rtt[1]=47.8909
     rtt[2]=47.9612
     rtt[3]=48.1525
     rtt[4]=48.1584
     rtt[5]=48.2496
     rtt[6]=48.297
     rtt[7]=48.9549
     rtt[8]=49.2454
     rtt[9]=49.3119
     rtt[10]=49.6195
     rtt[11]=49.7292
     rtt[12]=49.7664
     rtt[13]=50.1393
     rtt[14]=50.4411
     rtt[15]=50.7053
     rtt[16]=51.0217
     rtt[17]=51.1575
     rtt[18]=51.2028
     rtt[19]=51.3577
     rtt[20]=51.4134
     rtt[21]=51.4771
     rtt[22]=51.5502
     rtt[23]=51.5902
     rtt[24]=51.6407
     rtt[25]=51.6533
     rtt[26]=51.7348
     rtt[27]=51.7481
     rtt[28]=51.7572
     rtt[29]=51.8043
     rtt[30]=51.8151
     rtt[31]=51.9089
     rtt[32]=51.9304
     rtt[33]=51.9341
     rtt[34]=51.948
     rtt[35]=51.9578
     rtt[36]=51.9742
     rtt[37]=51.9953
     rtt[38]=52.0125
     rtt[39]=52.0161
     rtt[40]=52.0419
     rtt[41]=52.0574
     rtt[42]=52.108
     rtt[43]=52.1767
     rtt[44]=52.2052
     rtt[45]=52.2716
     rtt[46]=52.3316
     rtt[47]=52.3599
     rtt[48]=52.4742
     rtt[49]=52.6341
     rtt[50]=54.3669
     rtt[51]=54.9709
     rtt[52]=55.7842
     rtt[53]=55.8774
     rtt[54]=55.9158
     rtt[55]=55.9889
     rtt[56]=56.0226
     rtt[57]=56.0618
     rtt[58]=56.0818
     rtt[59]=56.0902
     rtt[60]=56.1872
     rtt[61]=56.2342
     rtt[62]=56.3047
     rtt[63]=56.5975
     rtt[64]=57.4223
     rtt[65]=58.2192
     rtt[66]=58.9343
     rtt[67]=59.4227
     rtt[68]=59.7464
     rtt[69]=59.7612
     rtt[70]=59.7618
     rtt[71]=59.7962
     rtt[72]=59.8187
     rtt[73]=59.8697
     rtt[74]=59.8967
     rtt[75]=59.9006
     rtt[76]=59.915
     rtt[77]=59.9229
     rtt[78]=59.934
     rtt[79]=59.9466
     rtt[80]=59.9574
     rtt[81]=59.9833
     rtt[82]=59.9889
     rtt[83]=60.0473
     rtt[84]=60.0724
     rtt[85]=60.1075
     rtt[86]=60.1873
     rtt[87]=60.2589
     rtt[88]=60.263
     rtt[89]=60.5781
     rtt[90]=60.5808
     rtt[91]=61.3622
     rtt[92]=61.5479
     rtt[93]=61.808
     rtt[94]=62.3251
     rtt[95]=63.184
     rtt[96]=63.8302
     rtt[97]=63.866
     rtt[98]=63.8891
     rtt[99]=63.9564
     rtt[100]=63.9865
     rtt[101]=63.9958
     rtt[102]=64.2078
     rtt[103]=64.4722
     rtt[104]=64.4929
     rtt[105]=65.243
     rtt[106]=66.9995
     rtt[107]=67.4921
     rtt[108]=67.9028
     rtt[109]=67.9424
     rtt[110]=67.9474
     rtt[111]=68.1002
     rtt[112]=68.268
     rtt[113]=68.3029
     rtt[114]=68.559
     rtt[115]=69.1578
     rtt[116]=70.5945
     rtt[117]=70.8681
     rtt[118]=71.9654
     rtt[119]=72.6624
     rtt[120]=73.9597
     rtt[121]=74.9992
     rtt[122]=75.322
     rtt[123]=76.1541
     rtt[124]=78.7889
     rtt[125]=92.2355
     rtt[126]=98.8763
     rtt[127]=146.129
     rtt[128]=150.149
     rtt[129]=152.186
     rtt[130]=152.808
     rtt[131]=162.097
     rtt[132]=166.208
     rtt[133]=174.559
     rtt[134]=175.044
     rtt[135]=175.573
     rtt[136]=175.623
     rtt[137]=175.628
     rtt[138]=175.967
     rtt[139]=176.052
     rtt[140]=176.06
     rtt[141]=176.074
     rtt[142]=176.167
     rtt[143]=176.229
     rtt[144]=176.499
     rtt[145]=177.405
     rtt[146]=177.465
     rtt[147]=177.549
     rtt[148]=179.88
     rtt[149]=185.553
     rtt[150]=204.367

TCP Ping:  Statistics over 151 repetitions of 64 byte messages

RTT : percentile 10: 50.7053, median: 59.9006, percentile 90: 175.573, average: 76.6491, variance: 1836.36

RTT histogram:
46.8111 16
54.6889 50
62.5667 40
70.4446 15
78.3224 4
86.2002 0
94.078 1
101.956 1
109.834 0
117.711 0
125.589 0
133.467 0
141.345 0
149.223 4
157.101 0
164.978 2
172.856 12
180.734 4
188.612 1
196.49 0
204.367 1

   median Throughput : 2.13687 KB/s   overall Throughput : 1.66995 KB/s

