TCP Ping trying to connect to server webdev.dibris.unige.it (130.251.61.30) on port 1491
 ... connected to Pong server: asking for 151 repetitions of 524288 bytes TCP messages
 ... Pong server agreed :-)
tcp_ping received 524288 bytes back
Round trip time was 2307.3 milliseconds in repetition 1
tcp_ping received 524288 bytes back
Round trip time was 4617.35 milliseconds in repetition 2
tcp_ping received 524288 bytes back
Round trip time was 1724.9 milliseconds in repetition 3
tcp_ping received 524288 bytes back
Round trip time was 1551.49 milliseconds in repetition 4
tcp_ping received 524288 bytes back
Round trip time was 1734.69 milliseconds in repetition 5
tcp_ping received 524288 bytes back
Round trip time was 6554.28 milliseconds in repetition 6
tcp_ping received 524288 bytes back
Round trip time was 2667.52 milliseconds in repetition 7
tcp_ping received 524288 bytes back
Round trip time was 2045.97 milliseconds in repetition 8
tcp_ping received 524288 bytes back
Round trip time was 1493.11 milliseconds in repetition 9
tcp_ping received 524288 bytes back
Round trip time was 1377.42 milliseconds in repetition 10
tcp_ping received 524288 bytes back
Round trip time was 1092.29 milliseconds in repetition 11
tcp_ping received 524288 bytes back
Round trip time was 1413.08 milliseconds in repetition 12
tcp_ping received 524288 bytes back
Round trip time was 1438.08 milliseconds in repetition 13
tcp_ping received 524288 bytes back
Round trip time was 1249.33 milliseconds in repetition 14
tcp_ping received 524288 bytes back
Round trip time was 844.392 milliseconds in repetition 15
tcp_ping received 524288 bytes back
Round trip time was 1841.59 milliseconds in repetition 16
tcp_ping received 524288 bytes back
Round trip time was 2534.98 milliseconds in repetition 17
tcp_ping received 524288 bytes back
Round trip time was 2061.25 milliseconds in repetition 18
tcp_ping received 524288 bytes back
Round trip time was 1665.06 milliseconds in repetition 19
tcp_ping received 524288 bytes back
Round trip time was 1441.76 milliseconds in repetition 20
tcp_ping received 524288 bytes back
Round trip time was 1164.39 milliseconds in repetition 21
tcp_ping received 524288 bytes back
Round trip time was 1385.62 milliseconds in repetition 22
tcp_ping received 524288 bytes back
Round trip time was 1513.78 milliseconds in repetition 23
tcp_ping received 524288 bytes back
Round trip time was 1411.21 milliseconds in repetition 24
tcp_ping received 524288 bytes back
Round trip time was 2081.2 milliseconds in repetition 25
tcp_ping received 524288 bytes back
Round trip time was 2892.03 milliseconds in repetition 26
tcp_ping received 524288 bytes back
Round trip time was 1106.51 milliseconds in repetition 27
tcp_ping received 524288 bytes back
Round trip time was 1241.37 milliseconds in repetition 28
tcp_ping received 524288 bytes back
Round trip time was 1268.01 milliseconds in repetition 29
tcp_ping received 524288 bytes back
Round trip time was 961.261 milliseconds in repetition 30
tcp_ping received 524288 bytes back
Round trip time was 1547.54 milliseconds in repetition 31
tcp_ping received 524288 bytes back
Round trip time was 2524.35 milliseconds in repetition 32
tcp_ping received 524288 bytes back
Round trip time was 3082.59 milliseconds in repetition 33
tcp_ping received 524288 bytes back
Round trip time was 1519.86 milliseconds in repetition 34
tcp_ping received 524288 bytes back
Round trip time was 1490.54 milliseconds in repetition 35
tcp_ping received 524288 bytes back
Round trip time was 1384.14 milliseconds in repetition 36
tcp_ping received 524288 bytes back
Round trip time was 1982.54 milliseconds in repetition 37
tcp_ping received 524288 bytes back
Round trip time was 2233.79 milliseconds in repetition 38
tcp_ping received 524288 bytes back
Round trip time was 2884.9 milliseconds in repetition 39
tcp_ping received 524288 bytes back
Round trip time was 1205.25 milliseconds in repetition 40
tcp_ping received 524288 bytes back
Round trip time was 1078.63 milliseconds in repetition 41
tcp_ping received 524288 bytes back
Round trip time was 1349.2 milliseconds in repetition 42
tcp_ping received 524288 bytes back
Round trip time was 1278.35 milliseconds in repetition 43
tcp_ping received 524288 bytes back
Round trip time was 859.76 milliseconds in repetition 44
tcp_ping received 524288 bytes back
Round trip time was 1118.61 milliseconds in repetition 45
tcp_ping received 524288 bytes back
Round trip time was 1055.67 milliseconds in repetition 46
tcp_ping received 524288 bytes back
Round trip time was 1076.98 milliseconds in repetition 47
tcp_ping received 524288 bytes back
Round trip time was 1029.28 milliseconds in repetition 48
tcp_ping received 524288 bytes back
Round trip time was 1084.32 milliseconds in repetition 49
tcp_ping received 524288 bytes back
Round trip time was 1115.31 milliseconds in repetition 50
tcp_ping received 524288 bytes back
Round trip time was 1171.22 milliseconds in repetition 51
tcp_ping received 524288 bytes back
Round trip time was 1085.5 milliseconds in repetition 52
tcp_ping received 524288 bytes back
Round trip time was 763.835 milliseconds in repetition 53
tcp_ping received 524288 bytes back
Round trip time was 905.527 milliseconds in repetition 54
tcp_ping received 524288 bytes back
Round trip time was 910.875 milliseconds in repetition 55
tcp_ping received 524288 bytes back
Round trip time was 845.485 milliseconds in repetition 56
tcp_ping received 524288 bytes back
Round trip time was 761.997 milliseconds in repetition 57
tcp_ping received 524288 bytes back
Round trip time was 1045.99 milliseconds in repetition 58
tcp_ping received 524288 bytes back
Round trip time was 1045.47 milliseconds in repetition 59
tcp_ping received 524288 bytes back
Round trip time was 1308.92 milliseconds in repetition 60
tcp_ping received 524288 bytes back
Round trip time was 996.571 milliseconds in repetition 61
tcp_ping received 524288 bytes back
Round trip time was 1326.7 milliseconds in repetition 62
tcp_ping received 524288 bytes back
Round trip time was 1145.66 milliseconds in repetition 63
tcp_ping received 524288 bytes back
Round trip time was 1056.45 milliseconds in repetition 64
tcp_ping received 524288 bytes back
Round trip time was 692.639 milliseconds in repetition 65
tcp_ping received 524288 bytes back
Round trip time was 1361.81 milliseconds in repetition 66
tcp_ping received 524288 bytes back
Round trip time was 1714.02 milliseconds in repetition 67
tcp_ping received 524288 bytes back
Round trip time was 2090.48 milliseconds in repetition 68
tcp_ping received 524288 bytes back
Round trip time was 1825.44 milliseconds in repetition 69
tcp_ping received 524288 bytes back
Round trip time was 955.745 milliseconds in repetition 70
tcp_ping received 524288 bytes back
Round trip time was 848.738 milliseconds in repetition 71
tcp_ping received 524288 bytes back
Round trip time was 745.682 milliseconds in repetition 72
tcp_ping received 524288 bytes back
Round trip time was 904.846 milliseconds in repetition 73
tcp_ping received 524288 bytes back
Round trip time was 923.424 milliseconds in repetition 74
tcp_ping received 524288 bytes back
Round trip time was 1315.49 milliseconds in repetition 75
tcp_ping received 524288 bytes back
Round trip time was 1056.6 milliseconds in repetition 76
tcp_ping received 524288 bytes back
Round trip time was 1035.97 milliseconds in repetition 77
tcp_ping received 524288 bytes back
Round trip time was 1906.01 milliseconds in repetition 78
tcp_ping received 524288 bytes back
Round trip time was 1682.33 milliseconds in repetition 79
tcp_ping received 524288 bytes back
Round trip time was 2037.27 milliseconds in repetition 80
tcp_ping received 524288 bytes back
Round trip time was 1037.94 milliseconds in repetition 81
tcp_ping received 524288 bytes back
Round trip time was 1043.84 milliseconds in repetition 82
tcp_ping received 524288 bytes back
Round trip time was 1298.06 milliseconds in repetition 83
tcp_ping received 524288 bytes back
Round trip time was 1351.94 milliseconds in repetition 84
tcp_ping received 524288 bytes back
Round trip time was 2447.93 milliseconds in repetition 85
tcp_ping received 524288 bytes back
Round trip time was 2025.84 milliseconds in repetition 86
tcp_ping received 524288 bytes back
Round trip time was 1669.5 milliseconds in repetition 87
tcp_ping received 524288 bytes back
Round trip time was 1054.49 milliseconds in repetition 88
tcp_ping received 524288 bytes back
Round trip time was 1035.99 milliseconds in repetition 89
tcp_ping received 524288 bytes back
Round trip time was 1020.78 milliseconds in repetition 90
tcp_ping received 524288 bytes back
Round trip time was 780.609 milliseconds in repetition 91
tcp_ping received 524288 bytes back
Round trip time was 1226.85 milliseconds in repetition 92
tcp_ping received 524288 bytes back
Round trip time was 1022.15 milliseconds in repetition 93
tcp_ping received 524288 bytes back
Round trip time was 1029.14 milliseconds in repetition 94
tcp_ping received 524288 bytes back
Round trip time was 990.864 milliseconds in repetition 95
tcp_ping received 524288 bytes back
Round trip time was 988.517 milliseconds in repetition 96
tcp_ping received 524288 bytes back
Round trip time was 651.73 milliseconds in repetition 97
tcp_ping received 524288 bytes back
Round trip time was 987.2 milliseconds in repetition 98
tcp_ping received 524288 bytes back
Round trip time was 666.555 milliseconds in repetition 99
tcp_ping received 524288 bytes back
Round trip time was 664.807 milliseconds in repetition 100
tcp_ping received 524288 bytes back
Round trip time was 695.343 milliseconds in repetition 101
tcp_ping received 524288 bytes back
Round trip time was 1055.72 milliseconds in repetition 102
tcp_ping received 524288 bytes back
Round trip time was 823.095 milliseconds in repetition 103
tcp_ping received 524288 bytes back
Round trip time was 1124.85 milliseconds in repetition 104
tcp_ping received 524288 bytes back
Round trip time was 719.959 milliseconds in repetition 105
tcp_ping received 524288 bytes back
Round trip time was 1163.5 milliseconds in repetition 106
tcp_ping received 524288 bytes back
Round trip time was 1687.52 milliseconds in repetition 107
tcp_ping received 524288 bytes back
Round trip time was 1448.7 milliseconds in repetition 108
tcp_ping received 524288 bytes back
Round trip time was 1865.32 milliseconds in repetition 109
tcp_ping received 524288 bytes back
Round trip time was 1074.43 milliseconds in repetition 110
tcp_ping received 524288 bytes back
Round trip time was 809.488 milliseconds in repetition 111
tcp_ping received 524288 bytes back
Round trip time was 1291.52 milliseconds in repetition 112
tcp_ping received 524288 bytes back
Round trip time was 1187.42 milliseconds in repetition 113
tcp_ping received 524288 bytes back
Round trip time was 1215.03 milliseconds in repetition 114
tcp_ping received 524288 bytes back
Round trip time was 909.647 milliseconds in repetition 115
tcp_ping received 524288 bytes back
Round trip time was 924.67 milliseconds in repetition 116
tcp_ping received 524288 bytes back
Round trip time was 1299.99 milliseconds in repetition 117
tcp_ping received 524288 bytes back
Round trip time was 1183.87 milliseconds in repetition 118
tcp_ping received 524288 bytes back
Round trip time was 1059.16 milliseconds in repetition 119
tcp_ping received 524288 bytes back
Round trip time was 799.732 milliseconds in repetition 120
tcp_ping received 524288 bytes back
Round trip time was 1213.59 milliseconds in repetition 121
tcp_ping received 524288 bytes back
Round trip time was 893.208 milliseconds in repetition 122
tcp_ping received 524288 bytes back
Round trip time was 1086.19 milliseconds in repetition 123
tcp_ping received 524288 bytes back
Round trip time was 1107.52 milliseconds in repetition 124
tcp_ping received 524288 bytes back
Round trip time was 1024.85 milliseconds in repetition 125
tcp_ping received 524288 bytes back
Round trip time was 772.749 milliseconds in repetition 126
tcp_ping received 524288 bytes back
Round trip time was 999.346 milliseconds in repetition 127
tcp_ping received 524288 bytes back
Round trip time was 795.432 milliseconds in repetition 128
tcp_ping received 524288 bytes back
Round trip time was 788.951 milliseconds in repetition 129
tcp_ping received 524288 bytes back
Round trip time was 1067.14 milliseconds in repetition 130
tcp_ping received 524288 bytes back
Round trip time was 926.9 milliseconds in repetition 131
tcp_ping received 524288 bytes back
Round trip time was 1029.36 milliseconds in repetition 132
tcp_ping received 524288 bytes back
Round trip time was 878.64 milliseconds in repetition 133
tcp_ping received 524288 bytes back
Round trip time was 966.284 milliseconds in repetition 134
tcp_ping received 524288 bytes back
Round trip time was 814.487 milliseconds in repetition 135
tcp_ping received 524288 bytes back
Round trip time was 915.271 milliseconds in repetition 136
tcp_ping received 524288 bytes back
Round trip time was 957.729 milliseconds in repetition 137
tcp_ping received 524288 bytes back
Round trip time was 843.861 milliseconds in repetition 138
tcp_ping received 524288 bytes back
Round trip time was 771.195 milliseconds in repetition 139
tcp_ping received 524288 bytes back
Round trip time was 1520.76 milliseconds in repetition 140
tcp_ping received 524288 bytes back
Round trip time was 2548.46 milliseconds in repetition 141
tcp_ping received 524288 bytes back
Round trip time was 3304.99 milliseconds in repetition 142
tcp_ping received 524288 bytes back
Round trip time was 1312.23 milliseconds in repetition 143
tcp_ping received 524288 bytes back
Round trip time was 1259.71 milliseconds in repetition 144
tcp_ping received 524288 bytes back
Round trip time was 1075.69 milliseconds in repetition 145
tcp_ping received 524288 bytes back
Round trip time was 1278.53 milliseconds in repetition 146
tcp_ping received 524288 bytes back
Round trip time was 1143.13 milliseconds in repetition 147
tcp_ping received 524288 bytes back
Round trip time was 809.472 milliseconds in repetition 148
tcp_ping received 524288 bytes back
Round trip time was 1169.23 milliseconds in repetition 149
tcp_ping received 524288 bytes back
Round trip time was 1493.61 milliseconds in repetition 150
tcp_ping received 524288 bytes back
Round trip time was 1062.98 milliseconds in repetition 151

 ... clock resolution was 1e-06 h_min=651.73,  h_max=6554.28, h_incr=295.128
     rtt[0]=651.73
     rtt[1]=664.807
     rtt[2]=666.555
     rtt[3]=692.639
     rtt[4]=695.343
     rtt[5]=719.959
     rtt[6]=745.682
     rtt[7]=761.997
     rtt[8]=763.835
     rtt[9]=771.195
     rtt[10]=772.749
     rtt[11]=780.609
     rtt[12]=788.951
     rtt[13]=795.432
     rtt[14]=799.732
     rtt[15]=809.472
     rtt[16]=809.488
     rtt[17]=814.487
     rtt[18]=823.095
     rtt[19]=843.861
     rtt[20]=844.392
     rtt[21]=845.485
     rtt[22]=848.738
     rtt[23]=859.76
     rtt[24]=878.64
     rtt[25]=893.208
     rtt[26]=904.846
     rtt[27]=905.527
     rtt[28]=909.647
     rtt[29]=910.875
     rtt[30]=915.271
     rtt[31]=923.424
     rtt[32]=924.67
     rtt[33]=926.9
     rtt[34]=955.745
     rtt[35]=957.729
     rtt[36]=961.261
     rtt[37]=966.284
     rtt[38]=987.2
     rtt[39]=988.517
     rtt[40]=990.864
     rtt[41]=996.571
     rtt[42]=999.346
     rtt[43]=1020.78
     rtt[44]=1022.15
     rtt[45]=1024.85
     rtt[46]=1029.14
     rtt[47]=1029.28
     rtt[48]=1029.36
     rtt[49]=1035.97
     rtt[50]=1035.99
     rtt[51]=1037.94
     rtt[52]=1043.84
     rtt[53]=1045.47
     rtt[54]=1045.99
     rtt[55]=1054.49
     rtt[56]=1055.67
     rtt[57]=1055.72
     rtt[58]=1056.45
     rtt[59]=1056.6
     rtt[60]=1059.16
     rtt[61]=1062.98
     rtt[62]=1067.14
     rtt[63]=1074.43
     rtt[64]=1075.69
     rtt[65]=1076.98
     rtt[66]=1078.63
     rtt[67]=1084.32
     rtt[68]=1085.5
     rtt[69]=1086.19
     rtt[70]=1092.29
     rtt[71]=1106.51
     rtt[72]=1107.52
     rtt[73]=1115.31
     rtt[74]=1118.61
     rtt[75]=1124.85
     rtt[76]=1143.13
     rtt[77]=1145.66
     rtt[78]=1163.5
     rtt[79]=1164.39
     rtt[80]=1169.23
     rtt[81]=1171.22
     rtt[82]=1183.87
     rtt[83]=1187.42
     rtt[84]=1205.25
     rtt[85]=1213.59
     rtt[86]=1215.03
     rtt[87]=1226.85
     rtt[88]=1241.37
     rtt[89]=1249.33
     rtt[90]=1259.71
     rtt[91]=1268.01
     rtt[92]=1278.35
     rtt[93]=1278.53
     rtt[94]=1291.52
     rtt[95]=1298.06
     rtt[96]=1299.99
     rtt[97]=1308.92
     rtt[98]=1312.23
     rtt[99]=1315.49
     rtt[100]=1326.7
     rtt[101]=1349.2
     rtt[102]=1351.94
     rtt[103]=1361.81
     rtt[104]=1377.42
     rtt[105]=1384.14
     rtt[106]=1385.62
     rtt[107]=1411.21
     rtt[108]=1413.08
     rtt[109]=1438.08
     rtt[110]=1441.76
     rtt[111]=1448.7
     rtt[112]=1490.54
     rtt[113]=1493.11
     rtt[114]=1493.61
     rtt[115]=1513.78
     rtt[116]=1519.86
     rtt[117]=1520.76
     rtt[118]=1547.54
     rtt[119]=1551.49
     rtt[120]=1665.06
     rtt[121]=1669.5
     rtt[122]=1682.33
     rtt[123]=1687.52
     rtt[124]=1714.02
     rtt[125]=1724.9
     rtt[126]=1734.69
     rtt[127]=1825.44
     rtt[128]=1841.59
     rtt[129]=1865.32
     rtt[130]=1906.01
     rtt[131]=1982.54
     rtt[132]=2025.84
     rtt[133]=2037.27
     rtt[134]=2045.97
     rtt[135]=2061.25
     rtt[136]=2081.2
     rtt[137]=2090.48
     rtt[138]=2233.79
     rtt[139]=2307.3
     rtt[140]=2447.93
     rtt[141]=2524.35
     rtt[142]=2534.98
     rtt[143]=2548.46
     rtt[144]=2667.52
     rtt[145]=2884.9
     rtt[146]=2892.03
     rtt[147]=3082.59
     rtt[148]=3304.99
     rtt[149]=4617.35
     rtt[150]=6554.28

TCP Ping:  Statistics over 151 repetitions of 524288 byte messages

RTT : percentile 10: 809.472, median: 1124.85, percentile 90: 2061.25, average: 1352.42, variance: 520823

RTT histogram:
651.73 14
946.857 57
1241.98 36
1537.11 16
1832.24 8
2127.37 8
2422.49 5
2717.62 1
3012.75 3
3307.88 1
3603.01 0
3898.13 0
4193.26 0
4488.39 1
4783.52 0
5078.64 0
5373.77 0
5668.9 0
5964.03 0
6259.15 0
6554.28 1

   median Throughput : 932.193 KB/s   overall Throughput : 775.335 KB/s

