TCP Ping trying to connect to server webdev.dibris.unige.it (130.251.61.30) on port 1491
 ... connected to Pong server: asking for 151 repetitions of 8192 bytes TCP messages
 ... Pong server agreed :-)
tcp_ping received 8192 bytes back
Round trip time was 177.266 milliseconds in repetition 1
tcp_ping received 8192 bytes back
Round trip time was 175.947 milliseconds in repetition 2
tcp_ping received 8192 bytes back
Round trip time was 178.159 milliseconds in repetition 3
tcp_ping received 8192 bytes back
Round trip time was 185.412 milliseconds in repetition 4
tcp_ping received 8192 bytes back
Round trip time was 110.142 milliseconds in repetition 5
tcp_ping received 8192 bytes back
Round trip time was 74.628 milliseconds in repetition 6
tcp_ping received 8192 bytes back
Round trip time was 102.034 milliseconds in repetition 7
tcp_ping received 8192 bytes back
Round trip time was 90.3376 milliseconds in repetition 8
tcp_ping received 8192 bytes back
Round trip time was 73.9863 milliseconds in repetition 9
tcp_ping received 8192 bytes back
Round trip time was 78.1836 milliseconds in repetition 10
tcp_ping received 8192 bytes back
Round trip time was 96.9316 milliseconds in repetition 11
tcp_ping received 8192 bytes back
Round trip time was 95.8225 milliseconds in repetition 12
tcp_ping received 8192 bytes back
Round trip time was 71.8228 milliseconds in repetition 13
tcp_ping received 8192 bytes back
Round trip time was 101.058 milliseconds in repetition 14
tcp_ping received 8192 bytes back
Round trip time was 71.8633 milliseconds in repetition 15
tcp_ping received 8192 bytes back
Round trip time was 70.501 milliseconds in repetition 16
tcp_ping received 8192 bytes back
Round trip time was 66.9508 milliseconds in repetition 17
tcp_ping received 8192 bytes back
Round trip time was 76.308 milliseconds in repetition 18
tcp_ping received 8192 bytes back
Round trip time was 70.0804 milliseconds in repetition 19
tcp_ping received 8192 bytes back
Round trip time was 75.9739 milliseconds in repetition 20
tcp_ping received 8192 bytes back
Round trip time was 108.037 milliseconds in repetition 21
tcp_ping received 8192 bytes back
Round trip time was 73.5996 milliseconds in repetition 22
tcp_ping received 8192 bytes back
Round trip time was 85.3403 milliseconds in repetition 23
tcp_ping received 8192 bytes back
Round trip time was 79.7772 milliseconds in repetition 24
tcp_ping received 8192 bytes back
Round trip time was 120.538 milliseconds in repetition 25
tcp_ping received 8192 bytes back
Round trip time was 71.8607 milliseconds in repetition 26
tcp_ping received 8192 bytes back
Round trip time was 87.2748 milliseconds in repetition 27
tcp_ping received 8192 bytes back
Round trip time was 112.334 milliseconds in repetition 28
tcp_ping received 8192 bytes back
Round trip time was 88.0608 milliseconds in repetition 29
tcp_ping received 8192 bytes back
Round trip time was 91.3259 milliseconds in repetition 30
tcp_ping received 8192 bytes back
Round trip time was 79.8844 milliseconds in repetition 31
tcp_ping received 8192 bytes back
Round trip time was 72.0521 milliseconds in repetition 32
tcp_ping received 8192 bytes back
Round trip time was 71.9146 milliseconds in repetition 33
tcp_ping received 8192 bytes back
Round trip time was 71.4263 milliseconds in repetition 34
tcp_ping received 8192 bytes back
Round trip time was 85.666 milliseconds in repetition 35
tcp_ping received 8192 bytes back
Round trip time was 73.5741 milliseconds in repetition 36
tcp_ping received 8192 bytes back
Round trip time was 85.1038 milliseconds in repetition 37
tcp_ping received 8192 bytes back
Round trip time was 91.5495 milliseconds in repetition 38
tcp_ping received 8192 bytes back
Round trip time was 69.4375 milliseconds in repetition 39
tcp_ping received 8192 bytes back
Round trip time was 88.1728 milliseconds in repetition 40
tcp_ping received 8192 bytes back
Round trip time was 76.2942 milliseconds in repetition 41
tcp_ping received 8192 bytes back
Round trip time was 83.3961 milliseconds in repetition 42
tcp_ping received 8192 bytes back
Round trip time was 73.027 milliseconds in repetition 43
tcp_ping received 8192 bytes back
Round trip time was 90.8995 milliseconds in repetition 44
tcp_ping received 8192 bytes back
Round trip time was 79.8144 milliseconds in repetition 45
tcp_ping received 8192 bytes back
Round trip time was 87.9831 milliseconds in repetition 46
tcp_ping received 8192 bytes back
Round trip time was 71.1672 milliseconds in repetition 47
tcp_ping received 8192 bytes back
Round trip time was 77.3094 milliseconds in repetition 48
tcp_ping received 8192 bytes back
Round trip time was 79.8588 milliseconds in repetition 49
tcp_ping received 8192 bytes back
Round trip time was 78.3109 milliseconds in repetition 50
tcp_ping received 8192 bytes back
Round trip time was 81.6475 milliseconds in repetition 51
tcp_ping received 8192 bytes back
Round trip time was 68.1188 milliseconds in repetition 52
tcp_ping received 8192 bytes back
Round trip time was 84.6169 milliseconds in repetition 53
tcp_ping received 8192 bytes back
Round trip time was 68.0279 milliseconds in repetition 54
tcp_ping received 8192 bytes back
Round trip time was 75.2936 milliseconds in repetition 55
tcp_ping received 8192 bytes back
Round trip time was 67.6437 milliseconds in repetition 56
tcp_ping received 8192 bytes back
Round trip time was 68.105 milliseconds in repetition 57
tcp_ping received 8192 bytes back
Round trip time was 72.1816 milliseconds in repetition 58
tcp_ping received 8192 bytes back
Round trip time was 97.2367 milliseconds in repetition 59
tcp_ping received 8192 bytes back
Round trip time was 70.7349 milliseconds in repetition 60
tcp_ping received 8192 bytes back
Round trip time was 67.8381 milliseconds in repetition 61
tcp_ping received 8192 bytes back
Round trip time was 72.2278 milliseconds in repetition 62
tcp_ping received 8192 bytes back
Round trip time was 84.0242 milliseconds in repetition 63
tcp_ping received 8192 bytes back
Round trip time was 82.3279 milliseconds in repetition 64
tcp_ping received 8192 bytes back
Round trip time was 63.5598 milliseconds in repetition 65
tcp_ping received 8192 bytes back
Round trip time was 77.8528 milliseconds in repetition 66
tcp_ping received 8192 bytes back
Round trip time was 78.3931 milliseconds in repetition 67
tcp_ping received 8192 bytes back
Round trip time was 71.7519 milliseconds in repetition 68
tcp_ping received 8192 bytes back
Round trip time was 74.6761 milliseconds in repetition 69
tcp_ping received 8192 bytes back
Round trip time was 78.3842 milliseconds in repetition 70
tcp_ping received 8192 bytes back
Round trip time was 72.3981 milliseconds in repetition 71
tcp_ping received 8192 bytes back
Round trip time was 83.9723 milliseconds in repetition 72
tcp_ping received 8192 bytes back
Round trip time was 67.7666 milliseconds in repetition 73
tcp_ping received 8192 bytes back
Round trip time was 69.1755 milliseconds in repetition 74
tcp_ping received 8192 bytes back
Round trip time was 81.8703 milliseconds in repetition 75
tcp_ping received 8192 bytes back
Round trip time was 77.7445 milliseconds in repetition 76
tcp_ping received 8192 bytes back
Round trip time was 71.1986 milliseconds in repetition 77
tcp_ping received 8192 bytes back
Round trip time was 66.7908 milliseconds in repetition 78
tcp_ping received 8192 bytes back
Round trip time was 73.6197 milliseconds in repetition 79
tcp_ping received 8192 bytes back
Round trip time was 75.4836 milliseconds in repetition 80
tcp_ping received 8192 bytes back
Round trip time was 67.385 milliseconds in repetition 81
tcp_ping received 8192 bytes back
Round trip time was 77.0452 milliseconds in repetition 82
tcp_ping received 8192 bytes back
Round trip time was 75.0769 milliseconds in repetition 83
tcp_ping received 8192 bytes back
Round trip time was 72.4238 milliseconds in repetition 84
tcp_ping received 8192 bytes back
Round trip time was 78.5435 milliseconds in repetition 85
tcp_ping received 8192 bytes back
Round trip time was 73.9392 milliseconds in repetition 86
tcp_ping received 8192 bytes back
Round trip time was 75.4957 milliseconds in repetition 87
tcp_ping received 8192 bytes back
Round trip time was 88.907 milliseconds in repetition 88
tcp_ping received 8192 bytes back
Round trip time was 79.7653 milliseconds in repetition 89
tcp_ping received 8192 bytes back
Round trip time was 86.8474 milliseconds in repetition 90
tcp_ping received 8192 bytes back
Round trip time was 93.3265 milliseconds in repetition 91
tcp_ping received 8192 bytes back
Round trip time was 94.4869 milliseconds in repetition 92
tcp_ping received 8192 bytes back
Round trip time was 100.793 milliseconds in repetition 93
tcp_ping received 8192 bytes back
Round trip time was 71.3001 milliseconds in repetition 94
tcp_ping received 8192 bytes back
Round trip time was 102.003 milliseconds in repetition 95
tcp_ping received 8192 bytes back
Round trip time was 77.8983 milliseconds in repetition 96
tcp_ping received 8192 bytes back
Round trip time was 80.9574 milliseconds in repetition 97
tcp_ping received 8192 bytes back
Round trip time was 73.011 milliseconds in repetition 98
tcp_ping received 8192 bytes back
Round trip time was 65.4836 milliseconds in repetition 99
tcp_ping received 8192 bytes back
Round trip time was 82.1496 milliseconds in repetition 100
tcp_ping received 8192 bytes back
Round trip time was 82.7946 milliseconds in repetition 101
tcp_ping received 8192 bytes back
Round trip time was 71.9921 milliseconds in repetition 102
tcp_ping received 8192 bytes back
Round trip time was 67.9635 milliseconds in repetition 103
tcp_ping received 8192 bytes back
Round trip time was 92.3983 milliseconds in repetition 104
tcp_ping received 8192 bytes back
Round trip time was 70.5947 milliseconds in repetition 105
tcp_ping received 8192 bytes back
Round trip time was 77.0206 milliseconds in repetition 106
tcp_ping received 8192 bytes back
Round trip time was 79.8412 milliseconds in repetition 107
tcp_ping received 8192 bytes back
Round trip time was 79.2078 milliseconds in repetition 108
tcp_ping received 8192 bytes back
Round trip time was 84.8791 milliseconds in repetition 109
tcp_ping received 8192 bytes back
Round trip time was 80.7343 milliseconds in repetition 110
tcp_ping received 8192 bytes back
Round trip time was 63.6566 milliseconds in repetition 111
tcp_ping received 8192 bytes back
Round trip time was 70.3935 milliseconds in repetition 112
tcp_ping received 8192 bytes back
Round trip time was 71.6563 milliseconds in repetition 113
tcp_ping received 8192 bytes back
Round trip time was 72.1475 milliseconds in repetition 114
tcp_ping received 8192 bytes back
Round trip time was 76.0601 milliseconds in repetition 115
tcp_ping received 8192 bytes back
Round trip time was 66.3329 milliseconds in repetition 116
tcp_ping received 8192 bytes back
Round trip time was 74.0016 milliseconds in repetition 117
tcp_ping received 8192 bytes back
Round trip time was 68.7626 milliseconds in repetition 118
tcp_ping received 8192 bytes back
Round trip time was 87.7408 milliseconds in repetition 119
tcp_ping received 8192 bytes back
Round trip time was 84.1776 milliseconds in repetition 120
tcp_ping received 8192 bytes back
Round trip time was 75.4232 milliseconds in repetition 121
tcp_ping received 8192 bytes back
Round trip time was 81.0443 milliseconds in repetition 122
tcp_ping received 8192 bytes back
Round trip time was 71.5695 milliseconds in repetition 123
tcp_ping received 8192 bytes back
Round trip time was 79.964 milliseconds in repetition 124
tcp_ping received 8192 bytes back
Round trip time was 124.58 milliseconds in repetition 125
tcp_ping received 8192 bytes back
Round trip time was 78.0927 milliseconds in repetition 126
tcp_ping received 8192 bytes back
Round trip time was 74.1859 milliseconds in repetition 127
tcp_ping received 8192 bytes back
Round trip time was 71.1966 milliseconds in repetition 128
tcp_ping received 8192 bytes back
Round trip time was 80.1789 milliseconds in repetition 129
tcp_ping received 8192 bytes back
Round trip time was 75.6441 milliseconds in repetition 130
tcp_ping received 8192 bytes back
Round trip time was 83.915 milliseconds in repetition 131
tcp_ping received 8192 bytes back
Round trip time was 125.453 milliseconds in repetition 132
tcp_ping received 8192 bytes back
Round trip time was 91.54 milliseconds in repetition 133
tcp_ping received 8192 bytes back
Round trip time was 85.8894 milliseconds in repetition 134
tcp_ping received 8192 bytes back
Round trip time was 74.9809 milliseconds in repetition 135
tcp_ping received 8192 bytes back
Round trip time was 74.4652 milliseconds in repetition 136
tcp_ping received 8192 bytes back
Round trip time was 78.2209 milliseconds in repetition 137
tcp_ping received 8192 bytes back
Round trip time was 72.9955 milliseconds in repetition 138
tcp_ping received 8192 bytes back
Round trip time was 72.8058 milliseconds in repetition 139
tcp_ping received 8192 bytes back
Round trip time was 64.0051 milliseconds in repetition 140
tcp_ping received 8192 bytes back
Round trip time was 62.4662 milliseconds in repetition 141
tcp_ping received 8192 bytes back
Round trip time was 78.2948 milliseconds in repetition 142
tcp_ping received 8192 bytes back
Round trip time was 67.6774 milliseconds in repetition 143
tcp_ping received 8192 bytes back
Round trip time was 68.7505 milliseconds in repetition 144
tcp_ping received 8192 bytes back
Round trip time was 76.8152 milliseconds in repetition 145
tcp_ping received 8192 bytes back
Round trip time was 72.4275 milliseconds in repetition 146
tcp_ping received 8192 bytes back
Round trip time was 80.4757 milliseconds in repetition 147
tcp_ping received 8192 bytes back
Round trip time was 84.8004 milliseconds in repetition 148
tcp_ping received 8192 bytes back
Round trip time was 75.9546 milliseconds in repetition 149
tcp_ping received 8192 bytes back
Round trip time was 79.5565 milliseconds in repetition 150
tcp_ping received 8192 bytes back
Round trip time was 68.0492 milliseconds in repetition 151

 ... clock resolution was 1e-06 h_min=62.4662,  h_max=185.412, h_incr=6.1473
     rtt[0]=62.4662
     rtt[1]=63.5598
     rtt[2]=63.6566
     rtt[3]=64.0051
     rtt[4]=65.4836
     rtt[5]=66.3329
     rtt[6]=66.7908
     rtt[7]=66.9508
     rtt[8]=67.385
     rtt[9]=67.6437
     rtt[10]=67.6774
     rtt[11]=67.7666
     rtt[12]=67.8381
     rtt[13]=67.9635
     rtt[14]=68.0279
     rtt[15]=68.0492
     rtt[16]=68.105
     rtt[17]=68.1188
     rtt[18]=68.7505
     rtt[19]=68.7626
     rtt[20]=69.1755
     rtt[21]=69.4375
     rtt[22]=70.0804
     rtt[23]=70.3935
     rtt[24]=70.501
     rtt[25]=70.5947
     rtt[26]=70.7349
     rtt[27]=71.1672
     rtt[28]=71.1966
     rtt[29]=71.1986
     rtt[30]=71.3001
     rtt[31]=71.4263
     rtt[32]=71.5695
     rtt[33]=71.6563
     rtt[34]=71.7519
     rtt[35]=71.8228
     rtt[36]=71.8607
     rtt[37]=71.8633
     rtt[38]=71.9146
     rtt[39]=71.9921
     rtt[40]=72.0521
     rtt[41]=72.1475
     rtt[42]=72.1816
     rtt[43]=72.2278
     rtt[44]=72.3981
     rtt[45]=72.4238
     rtt[46]=72.4275
     rtt[47]=72.8058
     rtt[48]=72.9955
     rtt[49]=73.011
     rtt[50]=73.027
     rtt[51]=73.5741
     rtt[52]=73.5996
     rtt[53]=73.6197
     rtt[54]=73.9392
     rtt[55]=73.9863
     rtt[56]=74.0016
     rtt[57]=74.1859
     rtt[58]=74.4652
     rtt[59]=74.628
     rtt[60]=74.6761
     rtt[61]=74.9809
     rtt[62]=75.0769
     rtt[63]=75.2936
     rtt[64]=75.4232
     rtt[65]=75.4836
     rtt[66]=75.4957
     rtt[67]=75.6441
     rtt[68]=75.9546
     rtt[69]=75.9739
     rtt[70]=76.0601
     rtt[71]=76.2942
     rtt[72]=76.308
     rtt[73]=76.8152
     rtt[74]=77.0206
     rtt[75]=77.0452
     rtt[76]=77.3094
     rtt[77]=77.7445
     rtt[78]=77.8528
     rtt[79]=77.8983
     rtt[80]=78.0927
     rtt[81]=78.1836
     rtt[82]=78.2209
     rtt[83]=78.2948
     rtt[84]=78.3109
     rtt[85]=78.3842
     rtt[86]=78.3931
     rtt[87]=78.5435
     rtt[88]=79.2078
     rtt[89]=79.5565
     rtt[90]=79.7653
     rtt[91]=79.7772
     rtt[92]=79.8144
     rtt[93]=79.8412
     rtt[94]=79.8588
     rtt[95]=79.8844
     rtt[96]=79.964
     rtt[97]=80.1789
     rtt[98]=80.4757
     rtt[99]=80.7343
     rtt[100]=80.9574
     rtt[101]=81.0443
     rtt[102]=81.6475
     rtt[103]=81.8703
     rtt[104]=82.1496
     rtt[105]=82.3279
     rtt[106]=82.7946
     rtt[107]=83.3961
     rtt[108]=83.915
     rtt[109]=83.9723
     rtt[110]=84.0242
     rtt[111]=84.1776
     rtt[112]=84.6169
     rtt[113]=84.8004
     rtt[114]=84.8791
     rtt[115]=85.1038
     rtt[116]=85.3403
     rtt[117]=85.666
     rtt[118]=85.8894
     rtt[119]=86.8474
     rtt[120]=87.2748
     rtt[121]=87.7408
     rtt[122]=87.9831
     rtt[123]=88.0608
     rtt[124]=88.1728
     rtt[125]=88.907
     rtt[126]=90.3376
     rtt[127]=90.8995
     rtt[128]=91.3259
     rtt[129]=91.54
     rtt[130]=91.5495
     rtt[131]=92.3983
     rtt[132]=93.3265
     rtt[133]=94.4869
     rtt[134]=95.8225
     rtt[135]=96.9316
     rtt[136]=97.2367
     rtt[137]=100.793
     rtt[138]=101.058
     rtt[139]=102.003
     rtt[140]=102.034
     rtt[141]=108.037
     rtt[142]=110.142
     rtt[143]=112.334
     rtt[144]=120.538
     rtt[145]=124.58
     rtt[146]=125.453
     rtt[147]=175.947
     rtt[148]=177.266
     rtt[149]=178.159
     rtt[150]=185.412

TCP Ping:  Statistics over 151 repetitions of 8192 byte messages

RTT : percentile 10: 68.0492, median: 77.0452, percentile 90: 96.9316, average: 82.0111, variance: 388.361

RTT histogram:
62.4662 5
68.6135 29
74.7608 44
80.9081 32
87.0554 16
93.2027 9
99.35 6
105.497 1
111.645 2
117.792 1
123.939 2
130.087 0
136.234 0
142.381 0
148.528 0
154.676 0
160.823 0
166.97 0
173.118 1
179.265 2
185.412 1

   median Throughput : 212.654 KB/s   overall Throughput : 199.778 KB/s

