TCP Ping trying to connect to server webdev.dibris.unige.it (130.251.61.30) on port 1491
 ... connected to Pong server: asking for 151 repetitions of 4096 bytes TCP messages
 ... Pong server agreed :-)
tcp_ping received 4096 bytes back
Round trip time was 83.8324 milliseconds in repetition 1
tcp_ping received 4096 bytes back
Round trip time was 75.6583 milliseconds in repetition 2
tcp_ping received 4096 bytes back
Round trip time was 80.0884 milliseconds in repetition 3
tcp_ping received 4096 bytes back
Round trip time was 84.3541 milliseconds in repetition 4
tcp_ping received 4096 bytes back
Round trip time was 76.9624 milliseconds in repetition 5
tcp_ping received 4096 bytes back
Round trip time was 122.318 milliseconds in repetition 6
tcp_ping received 4096 bytes back
Round trip time was 82.4457 milliseconds in repetition 7
tcp_ping received 4096 bytes back
Round trip time was 68.1395 milliseconds in repetition 8
tcp_ping received 4096 bytes back
Round trip time was 75.2046 milliseconds in repetition 9
tcp_ping received 4096 bytes back
Round trip time was 82.9666 milliseconds in repetition 10
tcp_ping received 4096 bytes back
Round trip time was 83.8948 milliseconds in repetition 11
tcp_ping received 4096 bytes back
Round trip time was 63.889 milliseconds in repetition 12
tcp_ping received 4096 bytes back
Round trip time was 81.081 milliseconds in repetition 13
tcp_ping received 4096 bytes back
Round trip time was 88.5592 milliseconds in repetition 14
tcp_ping received 4096 bytes back
Round trip time was 91.896 milliseconds in repetition 15
tcp_ping received 4096 bytes back
Round trip time was 78.4517 milliseconds in repetition 16
tcp_ping received 4096 bytes back
Round trip time was 99.6103 milliseconds in repetition 17
tcp_ping received 4096 bytes back
Round trip time was 69.6889 milliseconds in repetition 18
tcp_ping received 4096 bytes back
Round trip time was 78.7939 milliseconds in repetition 19
tcp_ping received 4096 bytes back
Round trip time was 79.8833 milliseconds in repetition 20
tcp_ping received 4096 bytes back
Round trip time was 75.9145 milliseconds in repetition 21
tcp_ping received 4096 bytes back
Round trip time was 83.5934 milliseconds in repetition 22
tcp_ping received 4096 bytes back
Round trip time was 72.9757 milliseconds in repetition 23
tcp_ping received 4096 bytes back
Round trip time was 75.8651 milliseconds in repetition 24
tcp_ping received 4096 bytes back
Round trip time was 63.6897 milliseconds in repetition 25
tcp_ping received 4096 bytes back
Round trip time was 68.1365 milliseconds in repetition 26
tcp_ping received 4096 bytes back
Round trip time was 70.8704 milliseconds in repetition 27
tcp_ping received 4096 bytes back
Round trip time was 69.0149 milliseconds in repetition 28
tcp_ping received 4096 bytes back
Round trip time was 79.4877 milliseconds in repetition 29
tcp_ping received 4096 bytes back
Round trip time was 80.3941 milliseconds in repetition 30
tcp_ping received 4096 bytes back
Round trip time was 67.6889 milliseconds in repetition 31
tcp_ping received 4096 bytes back
Round trip time was 84.0635 milliseconds in repetition 32
tcp_ping received 4096 bytes back
Round trip time was 70.3951 milliseconds in repetition 33
tcp_ping received 4096 bytes back
Round trip time was 93.1234 milliseconds in repetition 34
tcp_ping received 4096 bytes back
Round trip time was 65.2906 milliseconds in repetition 35
tcp_ping received 4096 bytes back
Round trip time was 71.0552 milliseconds in repetition 36
tcp_ping received 4096 bytes back
Round trip time was 68.9302 milliseconds in repetition 37
tcp_ping received 4096 bytes back
Round trip time was 83.6112 milliseconds in repetition 38
tcp_ping received 4096 bytes back
Round trip time was 79.024 milliseconds in repetition 39
tcp_ping received 4096 bytes back
Round trip time was 72.6966 milliseconds in repetition 40
tcp_ping received 4096 bytes back
Round trip time was 66.956 milliseconds in repetition 41
tcp_ping received 4096 bytes back
Round trip time was 88.2602 milliseconds in repetition 42
tcp_ping received 4096 bytes back
Round trip time was 68.8873 milliseconds in repetition 43
tcp_ping received 4096 bytes back
Round trip time was 67.066 milliseconds in repetition 44
tcp_ping received 4096 bytes back
Round trip time was 77.2415 milliseconds in repetition 45
tcp_ping received 4096 bytes back
Round trip time was 96.7929 milliseconds in repetition 46
tcp_ping received 4096 bytes back
Round trip time was 71.1144 milliseconds in repetition 47
tcp_ping received 4096 bytes back
Round trip time was 83.1452 milliseconds in repetition 48
tcp_ping received 4096 bytes back
Round trip time was 64.0766 milliseconds in repetition 49
tcp_ping received 4096 bytes back
Round trip time was 73.1692 milliseconds in repetition 50
tcp_ping received 4096 bytes back
Round trip time was 80.0299 milliseconds in repetition 51
tcp_ping received 4096 bytes back
Round trip time was 64.4944 milliseconds in repetition 52
tcp_ping received 4096 bytes back
Round trip time was 82.7492 milliseconds in repetition 53
tcp_ping received 4096 bytes back
Round trip time was 72.0577 milliseconds in repetition 54
tcp_ping received 4096 bytes back
Round trip time was 67.5476 milliseconds in repetition 55
tcp_ping received 4096 bytes back
Round trip time was 59.7907 milliseconds in repetition 56
tcp_ping received 4096 bytes back
Round trip time was 80.1823 milliseconds in repetition 57
tcp_ping received 4096 bytes back
Round trip time was 60.7686 milliseconds in repetition 58
tcp_ping received 4096 bytes back
Round trip time was 59.5829 milliseconds in repetition 59
tcp_ping received 4096 bytes back
Round trip time was 71.8029 milliseconds in repetition 60
tcp_ping received 4096 bytes back
Round trip time was 101.051 milliseconds in repetition 61
tcp_ping received 4096 bytes back
Round trip time was 87.0075 milliseconds in repetition 62
tcp_ping received 4096 bytes back
Round trip time was 63.4771 milliseconds in repetition 63
tcp_ping received 4096 bytes back
Round trip time was 84.6684 milliseconds in repetition 64
tcp_ping received 4096 bytes back
Round trip time was 79.6327 milliseconds in repetition 65
tcp_ping received 4096 bytes back
Round trip time was 63.7841 milliseconds in repetition 66
tcp_ping received 4096 bytes back
Round trip time was 71.2852 milliseconds in repetition 67
tcp_ping received 4096 bytes back
Round trip time was 76.288 milliseconds in repetition 68
tcp_ping received 4096 bytes back
Round trip time was 80.3369 milliseconds in repetition 69
tcp_ping received 4096 bytes back
Round trip time was 63.1617 milliseconds in repetition 70
tcp_ping received 4096 bytes back
Round trip time was 67.9238 milliseconds in repetition 71
tcp_ping received 4096 bytes back
Round trip time was 65.0494 milliseconds in repetition 72
tcp_ping received 4096 bytes back
Round trip time was 94.4788 milliseconds in repetition 73
tcp_ping received 4096 bytes back
Round trip time was 91.3715 milliseconds in repetition 74
tcp_ping received 4096 bytes back
Round trip time was 71.7839 milliseconds in repetition 75
tcp_ping received 4096 bytes back
Round trip time was 80.0608 milliseconds in repetition 76
tcp_ping received 4096 bytes back
Round trip time was 80.3985 milliseconds in repetition 77
tcp_ping received 4096 bytes back
Round trip time was 78.1531 milliseconds in repetition 78
tcp_ping received 4096 bytes back
Round trip time was 75.8031 milliseconds in repetition 79
tcp_ping received 4096 bytes back
Round trip time was 85.0717 milliseconds in repetition 80
tcp_ping received 4096 bytes back
Round trip time was 98.3727 milliseconds in repetition 81
tcp_ping received 4096 bytes back
Round trip time was 95.3242 milliseconds in repetition 82
tcp_ping received 4096 bytes back
Round trip time was 80.5869 milliseconds in repetition 83
tcp_ping received 4096 bytes back
Round trip time was 88.0319 milliseconds in repetition 84
tcp_ping received 4096 bytes back
Round trip time was 72.1557 milliseconds in repetition 85
tcp_ping received 4096 bytes back
Round trip time was 88.5077 milliseconds in repetition 86
tcp_ping received 4096 bytes back
Round trip time was 71.4774 milliseconds in repetition 87
tcp_ping received 4096 bytes back
Round trip time was 63.2092 milliseconds in repetition 88
tcp_ping received 4096 bytes back
Round trip time was 67.8604 milliseconds in repetition 89
tcp_ping received 4096 bytes back
Round trip time was 61.0755 milliseconds in repetition 90
tcp_ping received 4096 bytes back
Round trip time was 75.6184 milliseconds in repetition 91
tcp_ping received 4096 bytes back
Round trip time was 84.4024 milliseconds in repetition 92
tcp_ping received 4096 bytes back
Round trip time was 60.0109 milliseconds in repetition 93
tcp_ping received 4096 bytes back
Round trip time was 68.221 milliseconds in repetition 94
tcp_ping received 4096 bytes back
Round trip time was 63.7081 milliseconds in repetition 95
tcp_ping received 4096 bytes back
Round trip time was 92.3487 milliseconds in repetition 96
tcp_ping received 4096 bytes back
Round trip time was 79.1646 milliseconds in repetition 97
tcp_ping received 4096 bytes back
Round trip time was 68.1157 milliseconds in repetition 98
tcp_ping received 4096 bytes back
Round trip time was 83.5014 milliseconds in repetition 99
tcp_ping received 4096 bytes back
Round trip time was 75.8354 milliseconds in repetition 100
tcp_ping received 4096 bytes back
Round trip time was 69.0605 milliseconds in repetition 101
tcp_ping received 4096 bytes back
Round trip time was 75.1037 milliseconds in repetition 102
tcp_ping received 4096 bytes back
Round trip time was 75.9368 milliseconds in repetition 103
tcp_ping received 4096 bytes back
Round trip time was 71.638 milliseconds in repetition 104
tcp_ping received 4096 bytes back
Round trip time was 69.3824 milliseconds in repetition 105
tcp_ping received 4096 bytes back
Round trip time was 72.8953 milliseconds in repetition 106
tcp_ping received 4096 bytes back
Round trip time was 83.7062 milliseconds in repetition 107
tcp_ping received 4096 bytes back
Round trip time was 75.166 milliseconds in repetition 108
tcp_ping received 4096 bytes back
Round trip time was 60.3374 milliseconds in repetition 109
tcp_ping received 4096 bytes back
Round trip time was 80.2365 milliseconds in repetition 110
tcp_ping received 4096 bytes back
Round trip time was 59.0696 milliseconds in repetition 111
tcp_ping received 4096 bytes back
Round trip time was 61.0009 milliseconds in repetition 112
tcp_ping received 4096 bytes back
Round trip time was 74.2314 milliseconds in repetition 113
tcp_ping received 4096 bytes back
Round trip time was 82.6791 milliseconds in repetition 114
tcp_ping received 4096 bytes back
Round trip time was 78.1768 milliseconds in repetition 115
tcp_ping received 4096 bytes back
Round trip time was 98.0286 milliseconds in repetition 116
tcp_ping received 4096 bytes back
Round trip time was 73.7447 milliseconds in repetition 117
tcp_ping received 4096 bytes back
Round trip time was 69.072 milliseconds in repetition 118
tcp_ping received 4096 bytes back
Round trip time was 58.6489 milliseconds in repetition 119
tcp_ping received 4096 bytes back
Round trip time was 60.2244 milliseconds in repetition 120
tcp_ping received 4096 bytes back
Round trip time was 59.8917 milliseconds in repetition 121
tcp_ping received 4096 bytes back
Round trip time was 72.0558 milliseconds in repetition 122
tcp_ping received 4096 bytes back
Round trip time was 67.7255 milliseconds in repetition 123
tcp_ping received 4096 bytes back
Round trip time was 63.8731 milliseconds in repetition 124
tcp_ping received 4096 bytes back
Round trip time was 76.3753 milliseconds in repetition 125
tcp_ping received 4096 bytes back
Round trip time was 87.5538 milliseconds in repetition 126
tcp_ping received 4096 bytes back
Round trip time was 72.7909 milliseconds in repetition 127
tcp_ping received 4096 bytes back
Round trip time was 71.515 milliseconds in repetition 128
tcp_ping received 4096 bytes back
Round trip time was 95.6553 milliseconds in repetition 129
tcp_ping received 4096 bytes back
Round trip time was 75.8392 milliseconds in repetition 130
tcp_ping received 4096 bytes back
Round trip time was 94.4422 milliseconds in repetition 131
tcp_ping received 4096 bytes back
Round trip time was 99.4959 milliseconds in repetition 132
tcp_ping received 4096 bytes back
Round trip time was 78.6189 milliseconds in repetition 133
tcp_ping received 4096 bytes back
Round trip time was 75.8525 milliseconds in repetition 134
tcp_ping received 4096 bytes back
Round trip time was 76.0507 milliseconds in repetition 135
tcp_ping received 4096 bytes back
Round trip time was 64.9622 milliseconds in repetition 136
tcp_ping received 4096 bytes back
Round trip time was 67.0699 milliseconds in repetition 137
tcp_ping received 4096 bytes back
Round trip time was 67.1113 milliseconds in repetition 138
tcp_ping received 4096 bytes back
Round trip time was 88.7861 milliseconds in repetition 139
tcp_ping received 4096 bytes back
Round trip time was 77.0989 milliseconds in repetition 140
tcp_ping received 4096 bytes back
Round trip time was 77.8873 milliseconds in repetition 141
tcp_ping received 4096 bytes back
Round trip time was 69.9595 milliseconds in repetition 142
tcp_ping received 4096 bytes back
Round trip time was 80.4599 milliseconds in repetition 143
tcp_ping received 4096 bytes back
Round trip time was 81.642 milliseconds in repetition 144
tcp_ping received 4096 bytes back
Round trip time was 78.1909 milliseconds in repetition 145
tcp_ping received 4096 bytes back
Round trip time was 79.6707 milliseconds in repetition 146
tcp_ping received 4096 bytes back
Round trip time was 86.6068 milliseconds in repetition 147
tcp_ping received 4096 bytes back
Round trip time was 85.7627 milliseconds in repetition 148
tcp_ping received 4096 bytes back
Round trip time was 77.618 milliseconds in repetition 149
tcp_ping received 4096 bytes back
Round trip time was 76.4596 milliseconds in repetition 150
tcp_ping received 4096 bytes back
Round trip time was 100.875 milliseconds in repetition 151

 ... clock resolution was 1e-06 h_min=58.6489,  h_max=122.318, h_incr=3.18343
     rtt[0]=58.6489
     rtt[1]=59.0696
     rtt[2]=59.5829
     rtt[3]=59.7907
     rtt[4]=59.8917
     rtt[5]=60.0109
     rtt[6]=60.2244
     rtt[7]=60.3374
     rtt[8]=60.7686
     rtt[9]=61.0009
     rtt[10]=61.0755
     rtt[11]=63.1617
     rtt[12]=63.2092
     rtt[13]=63.4771
     rtt[14]=63.6897
     rtt[15]=63.7081
     rtt[16]=63.7841
     rtt[17]=63.8731
     rtt[18]=63.889
     rtt[19]=64.0766
     rtt[20]=64.4944
     rtt[21]=64.9622
     rtt[22]=65.0494
     rtt[23]=65.2906
     rtt[24]=66.956
     rtt[25]=67.066
     rtt[26]=67.0699
     rtt[27]=67.1113
     rtt[28]=67.5476
     rtt[29]=67.6889
     rtt[30]=67.7255
     rtt[31]=67.8604
     rtt[32]=67.9238
     rtt[33]=68.1157
     rtt[34]=68.1365
     rtt[35]=68.1395
     rtt[36]=68.221
     rtt[37]=68.8873
     rtt[38]=68.9302
     rtt[39]=69.0149
     rtt[40]=69.0605
     rtt[41]=69.072
     rtt[42]=69.3824
     rtt[43]=69.6889
     rtt[44]=69.9595
     rtt[45]=70.3951
     rtt[46]=70.8704
     rtt[47]=71.0552
     rtt[48]=71.1144
     rtt[49]=71.2852
     rtt[50]=71.4774
     rtt[51]=71.515
     rtt[52]=71.638
     rtt[53]=71.7839
     rtt[54]=71.8029
     rtt[55]=72.0558
     rtt[56]=72.0577
     rtt[57]=72.1557
     rtt[58]=72.6966
     rtt[59]=72.7909
     rtt[60]=72.8953
     rtt[61]=72.9757
     rtt[62]=73.1692
     rtt[63]=73.7447
     rtt[64]=74.2314
     rtt[65]=75.1037
     rtt[66]=75.166
     rtt[67]=75.2046
     rtt[68]=75.6184
     rtt[69]=75.6583
     rtt[70]=75.8031
     rtt[71]=75.8354
     rtt[72]=75.8392
     rtt[73]=75.8525
     rtt[74]=75.8651
     rtt[75]=75.9145
     rtt[76]=75.9368
     rtt[77]=76.0507
     rtt[78]=76.288
     rtt[79]=76.3753
     rtt[80]=76.4596
     rtt[81]=76.9624
     rtt[82]=77.0989
     rtt[83]=77.2415
     rtt[84]=77.618
     rtt[85]=77.8873
     rtt[86]=78.1531
     rtt[87]=78.1768
     rtt[88]=78.1909
     rtt[89]=78.4517
     rtt[90]=78.6189
     rtt[91]=78.7939
     rtt[92]=79.024
     rtt[93]=79.1646
     rtt[94]=79.4877
     rtt[95]=79.6327
     rtt[96]=79.6707
     rtt[97]=79.8833
     rtt[98]=80.0299
     rtt[99]=80.0608
     rtt[100]=80.0884
     rtt[101]=80.1823
     rtt[102]=80.2365
     rtt[103]=80.3369
     rtt[104]=80.3941
     rtt[105]=80.3985
     rtt[106]=80.4599
     rtt[107]=80.5869
     rtt[108]=81.081
     rtt[109]=81.642
     rtt[110]=82.4457
     rtt[111]=82.6791
     rtt[112]=82.7492
     rtt[113]=82.9666
     rtt[114]=83.1452
     rtt[115]=83.5014
     rtt[116]=83.5934
     rtt[117]=83.6112
     rtt[118]=83.7062
     rtt[119]=83.8324
     rtt[120]=83.8948
     rtt[121]=84.0635
     rtt[122]=84.3541
     rtt[123]=84.4024
     rtt[124]=84.6684
     rtt[125]=85.0717
     rtt[126]=85.7627
     rtt[127]=86.6068
     rtt[128]=87.0075
     rtt[129]=87.5538
     rtt[130]=88.0319
     rtt[131]=88.2602
     rtt[132]=88.5077
     rtt[133]=88.5592
     rtt[134]=88.7861
     rtt[135]=91.3715
     rtt[136]=91.896
     rtt[137]=92.3487
     rtt[138]=93.1234
     rtt[139]=94.4422
     rtt[140]=94.4788
     rtt[141]=95.3242
     rtt[142]=95.6553
     rtt[143]=96.7929
     rtt[144]=98.0286
     rtt[145]=98.3727
     rtt[146]=99.4959
     rtt[147]=99.6103
     rtt[148]=100.875
     rtt[149]=101.051
     rtt[150]=122.318

TCP Ping:  Statistics over 151 repetitions of 4096 byte messages

RTT : percentile 10: 63.7081, median: 75.9145, percentile 90: 91.3715, average: 76.6477, variance: 114.411

RTT histogram:
58.6489 7
61.8323 6
65.0157 11
68.1992 20
71.3826 17
74.566 17
77.7495 16
80.9329 17
84.1163 15
87.2998 9
90.4832 2
93.6666 4
96.8501 5
100.033 4
103.217 0
106.4 0
109.584 0
112.767 0
115.951 0
119.134 0
122.318 1

   median Throughput : 107.911 KB/s   overall Throughput : 106.879 KB/s

