TCP Ping trying to connect to server webdev.dibris.unige.it (130.251.61.30) on port 1491
 ... connected to Pong server: asking for 151 repetitions of 32768 bytes TCP messages
 ... Pong server agreed :-)
tcp_ping received 32768 bytes back
Round trip time was 362.822 milliseconds in repetition 1
tcp_ping received 32768 bytes back
Round trip time was 245.95 milliseconds in repetition 2
tcp_ping received 32768 bytes back
Round trip time was 231.754 milliseconds in repetition 3
tcp_ping received 32768 bytes back
Round trip time was 212.121 milliseconds in repetition 4
tcp_ping received 32768 bytes back
Round trip time was 219.803 milliseconds in repetition 5
tcp_ping received 32768 bytes back
Round trip time was 224.539 milliseconds in repetition 6
tcp_ping received 32768 bytes back
Round trip time was 250.634 milliseconds in repetition 7
tcp_ping received 32768 bytes back
Round trip time was 232.962 milliseconds in repetition 8
tcp_ping received 32768 bytes back
Round trip time was 223.309 milliseconds in repetition 9
tcp_ping received 32768 bytes back
Round trip time was 207.87 milliseconds in repetition 10
tcp_ping received 32768 bytes back
Round trip time was 216.063 milliseconds in repetition 11
tcp_ping received 32768 bytes back
Round trip time was 203.813 milliseconds in repetition 12
tcp_ping received 32768 bytes back
Round trip time was 198.087 milliseconds in repetition 13
tcp_ping received 32768 bytes back
Round trip time was 137.409 milliseconds in repetition 14
tcp_ping received 32768 bytes back
Round trip time was 196.122 milliseconds in repetition 15
tcp_ping received 32768 bytes back
Round trip time was 172.33 milliseconds in repetition 16
tcp_ping received 32768 bytes back
Round trip time was 158.885 milliseconds in repetition 17
tcp_ping received 32768 bytes back
Round trip time was 154.77 milliseconds in repetition 18
tcp_ping received 32768 bytes back
Round trip time was 169.86 milliseconds in repetition 19
tcp_ping received 32768 bytes back
Round trip time was 175.339 milliseconds in repetition 20
tcp_ping received 32768 bytes back
Round trip time was 179.095 milliseconds in repetition 21
tcp_ping received 32768 bytes back
Round trip time was 157.514 milliseconds in repetition 22
tcp_ping received 32768 bytes back
Round trip time was 188.993 milliseconds in repetition 23
tcp_ping received 32768 bytes back
Round trip time was 162.145 milliseconds in repetition 24
tcp_ping received 32768 bytes back
Round trip time was 173.012 milliseconds in repetition 25
tcp_ping received 32768 bytes back
Round trip time was 171.881 milliseconds in repetition 26
tcp_ping received 32768 bytes back
Round trip time was 192.295 milliseconds in repetition 27
tcp_ping received 32768 bytes back
Round trip time was 153.713 milliseconds in repetition 28
tcp_ping received 32768 bytes back
Round trip time was 161.181 milliseconds in repetition 29
tcp_ping received 32768 bytes back
Round trip time was 185.421 milliseconds in repetition 30
tcp_ping received 32768 bytes back
Round trip time was 361.409 milliseconds in repetition 31
tcp_ping received 32768 bytes back
Round trip time was 283.513 milliseconds in repetition 32
tcp_ping received 32768 bytes back
Round trip time was 249.007 milliseconds in repetition 33
tcp_ping received 32768 bytes back
Round trip time was 226.02 milliseconds in repetition 34
tcp_ping received 32768 bytes back
Round trip time was 146.923 milliseconds in repetition 35
tcp_ping received 32768 bytes back
Round trip time was 172.791 milliseconds in repetition 36
tcp_ping received 32768 bytes back
Round trip time was 191.761 milliseconds in repetition 37
tcp_ping received 32768 bytes back
Round trip time was 215.59 milliseconds in repetition 38
tcp_ping received 32768 bytes back
Round trip time was 160.433 milliseconds in repetition 39
tcp_ping received 32768 bytes back
Round trip time was 156.44 milliseconds in repetition 40
tcp_ping received 32768 bytes back
Round trip time was 160.947 milliseconds in repetition 41
tcp_ping received 32768 bytes back
Round trip time was 160.191 milliseconds in repetition 42
tcp_ping received 32768 bytes back
Round trip time was 148.585 milliseconds in repetition 43
tcp_ping received 32768 bytes back
Round trip time was 149.903 milliseconds in repetition 44
tcp_ping received 32768 bytes back
Round trip time was 160.654 milliseconds in repetition 45
tcp_ping received 32768 bytes back
Round trip time was 167.09 milliseconds in repetition 46
tcp_ping received 32768 bytes back
Round trip time was 184.253 milliseconds in repetition 47
tcp_ping received 32768 bytes back
Round trip time was 187.722 milliseconds in repetition 48
tcp_ping received 32768 bytes back
Round trip time was 206.374 milliseconds in repetition 49
tcp_ping received 32768 bytes back
Round trip time was 175.554 milliseconds in repetition 50
tcp_ping received 32768 bytes back
Round trip time was 167.004 milliseconds in repetition 51
tcp_ping received 32768 bytes back
Round trip time was 215.699 milliseconds in repetition 52
tcp_ping received 32768 bytes back
Round trip time was 162.516 milliseconds in repetition 53
tcp_ping received 32768 bytes back
Round trip time was 171.143 milliseconds in repetition 54
tcp_ping received 32768 bytes back
Round trip time was 202.929 milliseconds in repetition 55
tcp_ping received 32768 bytes back
Round trip time was 167.701 milliseconds in repetition 56
tcp_ping received 32768 bytes back
Round trip time was 175.992 milliseconds in repetition 57
tcp_ping received 32768 bytes back
Round trip time was 136.219 milliseconds in repetition 58
tcp_ping received 32768 bytes back
Round trip time was 170.852 milliseconds in repetition 59
tcp_ping received 32768 bytes back
Round trip time was 164.881 milliseconds in repetition 60
tcp_ping received 32768 bytes back
Round trip time was 164.723 milliseconds in repetition 61
tcp_ping received 32768 bytes back
Round trip time was 193.173 milliseconds in repetition 62
tcp_ping received 32768 bytes back
Round trip time was 163.631 milliseconds in repetition 63
tcp_ping received 32768 bytes back
Round trip time was 164.066 milliseconds in repetition 64
tcp_ping received 32768 bytes back
Round trip time was 204.659 milliseconds in repetition 65
tcp_ping received 32768 bytes back
Round trip time was 160.27 milliseconds in repetition 66
tcp_ping received 32768 bytes back
Round trip time was 161.966 milliseconds in repetition 67
tcp_ping received 32768 bytes back
Round trip time was 147.095 milliseconds in repetition 68
tcp_ping received 32768 bytes back
Round trip time was 152.011 milliseconds in repetition 69
tcp_ping received 32768 bytes back
Round trip time was 152.093 milliseconds in repetition 70
tcp_ping received 32768 bytes back
Round trip time was 194.702 milliseconds in repetition 71
tcp_ping received 32768 bytes back
Round trip time was 155.22 milliseconds in repetition 72
tcp_ping received 32768 bytes back
Round trip time was 158.557 milliseconds in repetition 73
tcp_ping received 32768 bytes back
Round trip time was 156.799 milliseconds in repetition 74
tcp_ping received 32768 bytes back
Round trip time was 143.78 milliseconds in repetition 75
tcp_ping received 32768 bytes back
Round trip time was 150.506 milliseconds in repetition 76
tcp_ping received 32768 bytes back
Round trip time was 139.398 milliseconds in repetition 77
tcp_ping received 32768 bytes back
Round trip time was 160.319 milliseconds in repetition 78
tcp_ping received 32768 bytes back
Round trip time was 186.882 milliseconds in repetition 79
tcp_ping received 32768 bytes back
Round trip time was 170.695 milliseconds in repetition 80
tcp_ping received 32768 bytes back
Round trip time was 162.386 milliseconds in repetition 81
tcp_ping received 32768 bytes back
Round trip time was 151.202 milliseconds in repetition 82
tcp_ping received 32768 bytes back
Round trip time was 161.943 milliseconds in repetition 83
tcp_ping received 32768 bytes back
Round trip time was 146.248 milliseconds in repetition 84
tcp_ping received 32768 bytes back
Round trip time was 169.007 milliseconds in repetition 85
tcp_ping received 32768 bytes back
Round trip time was 192.667 milliseconds in repetition 86
tcp_ping received 32768 bytes back
Round trip time was 151.173 milliseconds in repetition 87
tcp_ping received 32768 bytes back
Round trip time was 195.038 milliseconds in repetition 88
tcp_ping received 32768 bytes back
Round trip time was 223.73 milliseconds in repetition 89
tcp_ping received 32768 bytes back
Round trip time was 197.077 milliseconds in repetition 90
tcp_ping received 32768 bytes back
Round trip time was 291.189 milliseconds in repetition 91
tcp_ping received 32768 bytes back
Round trip time was 206.151 milliseconds in repetition 92
tcp_ping received 32768 bytes back
Round trip time was 206.099 milliseconds in repetition 93
tcp_ping received 32768 bytes back
Round trip time was 236.798 milliseconds in repetition 94
tcp_ping received 32768 bytes back
Round trip time was 257.002 milliseconds in repetition 95
tcp_ping received 32768 bytes back
Round trip time was 233.954 milliseconds in repetition 96
tcp_ping received 32768 bytes back
Round trip time was 220.046 milliseconds in repetition 97
tcp_ping received 32768 bytes back
Round trip time was 250.286 milliseconds in repetition 98
tcp_ping received 32768 bytes back
Round trip time was 296.167 milliseconds in repetition 99
tcp_ping received 32768 bytes back
Round trip time was 244.153 milliseconds in repetition 100
tcp_ping received 32768 bytes back
Round trip time was 216.208 milliseconds in repetition 101
tcp_ping received 32768 bytes back
Round trip time was 211.663 milliseconds in repetition 102
tcp_ping received 32768 bytes back
Round trip time was 236.715 milliseconds in repetition 103
tcp_ping received 32768 bytes back
Round trip time was 215.353 milliseconds in repetition 104
tcp_ping received 32768 bytes back
Round trip time was 232.571 milliseconds in repetition 105
tcp_ping received 32768 bytes back
Round trip time was 218.346 milliseconds in repetition 106
tcp_ping received 32768 bytes back
Round trip time was 191.064 milliseconds in repetition 107
tcp_ping received 32768 bytes back
Round trip time was 176.897 milliseconds in repetition 108
tcp_ping received 32768 bytes back
Round trip time was 258.592 milliseconds in repetition 109
tcp_ping received 32768 bytes back
Round trip time was 204.978 milliseconds in repetition 110
tcp_ping received 32768 bytes back
Round trip time was 187.875 milliseconds in repetition 111
tcp_ping received 32768 bytes back
Round trip time was 185.336 milliseconds in repetition 112
tcp_ping received 32768 bytes back
Round trip time was 186.831 milliseconds in repetition 113
tcp_ping received 32768 bytes back
Round trip time was 177.784 milliseconds in repetition 114
tcp_ping received 32768 bytes back
Round trip time was 194.793 milliseconds in repetition 115
tcp_ping received 32768 bytes back
Round trip time was 200.344 milliseconds in repetition 116
tcp_ping received 32768 bytes back
Round trip time was 191.739 milliseconds in repetition 117
tcp_ping received 32768 bytes back
Round trip time was 186.628 milliseconds in repetition 118
tcp_ping received 32768 bytes back
Round trip time was 184.069 milliseconds in repetition 119
tcp_ping received 32768 bytes back
Round trip time was 184.954 milliseconds in repetition 120
tcp_ping received 32768 bytes back
Round trip time was 156.518 milliseconds in repetition 121
tcp_ping received 32768 bytes back
Round trip time was 228.296 milliseconds in repetition 122
tcp_ping received 32768 bytes back
Round trip time was 191.837 milliseconds in repetition 123
tcp_ping received 32768 bytes back
Round trip time was 174.971 milliseconds in repetition 124
tcp_ping received 32768 bytes back
Round trip time was 167.085 milliseconds in repetition 125
tcp_ping received 32768 bytes back
Round trip time was 186.588 milliseconds in repetition 126
tcp_ping received 32768 bytes back
Round trip time was 205.822 milliseconds in repetition 127
tcp_ping received 32768 bytes back
Round trip time was 192.716 milliseconds in repetition 128
tcp_ping received 32768 bytes back
Round trip time was 202.167 milliseconds in repetition 129
tcp_ping received 32768 bytes back
Round trip time was 215.517 milliseconds in repetition 130
tcp_ping received 32768 bytes back
Round trip time was 182.242 milliseconds in repetition 131
tcp_ping received 32768 bytes back
Round trip time was 279.238 milliseconds in repetition 132
tcp_ping received 32768 bytes back
Round trip time was 281.246 milliseconds in repetition 133
tcp_ping received 32768 bytes back
Round trip time was 270.5 milliseconds in repetition 134
tcp_ping received 32768 bytes back
Round trip time was 197.872 milliseconds in repetition 135
tcp_ping received 32768 bytes back
Round trip time was 223.563 milliseconds in repetition 136
tcp_ping received 32768 bytes back
Round trip time was 243.276 milliseconds in repetition 137
tcp_ping received 32768 bytes back
Round trip time was 195.583 milliseconds in repetition 138
tcp_ping received 32768 bytes back
Round trip time was 190.771 milliseconds in repetition 139
tcp_ping received 32768 bytes back
Round trip time was 168.934 milliseconds in repetition 140
tcp_ping received 32768 bytes back
Round trip time was 185.054 milliseconds in repetition 141
tcp_ping received 32768 bytes back
Round trip time was 164.794 milliseconds in repetition 142
tcp_ping received 32768 bytes back
Round trip time was 191.421 milliseconds in repetition 143
tcp_ping received 32768 bytes back
Round trip time was 180.71 milliseconds in repetition 144
tcp_ping received 32768 bytes back
Round trip time was 186.809 milliseconds in repetition 145
tcp_ping received 32768 bytes back
Round trip time was 228.735 milliseconds in repetition 146
tcp_ping received 32768 bytes back
Round trip time was 195.007 milliseconds in repetition 147
tcp_ping received 32768 bytes back
Round trip time was 241.235 milliseconds in repetition 148
tcp_ping received 32768 bytes back
Round trip time was 213.529 milliseconds in repetition 149
tcp_ping received 32768 bytes back
Round trip time was 191.34 milliseconds in repetition 150
tcp_ping received 32768 bytes back
Round trip time was 221.416 milliseconds in repetition 151

 ... clock resolution was 1e-06 h_min=136.219,  h_max=362.822, h_incr=11.3302
     rtt[0]=136.219
     rtt[1]=137.409
     rtt[2]=139.398
     rtt[3]=143.78
     rtt[4]=146.248
     rtt[5]=146.923
     rtt[6]=147.095
     rtt[7]=148.585
     rtt[8]=149.903
     rtt[9]=150.506
     rtt[10]=151.173
     rtt[11]=151.202
     rtt[12]=152.011
     rtt[13]=152.093
     rtt[14]=153.713
     rtt[15]=154.77
     rtt[16]=155.22
     rtt[17]=156.44
     rtt[18]=156.518
     rtt[19]=156.799
     rtt[20]=157.514
     rtt[21]=158.557
     rtt[22]=158.885
     rtt[23]=160.191
     rtt[24]=160.27
     rtt[25]=160.319
     rtt[26]=160.433
     rtt[27]=160.654
     rtt[28]=160.947
     rtt[29]=161.181
     rtt[30]=161.943
     rtt[31]=161.966
     rtt[32]=162.145
     rtt[33]=162.386
     rtt[34]=162.516
     rtt[35]=163.631
     rtt[36]=164.066
     rtt[37]=164.723
     rtt[38]=164.794
     rtt[39]=164.881
     rtt[40]=167.004
     rtt[41]=167.085
     rtt[42]=167.09
     rtt[43]=167.701
     rtt[44]=168.934
     rtt[45]=169.007
     rtt[46]=169.86
     rtt[47]=170.695
     rtt[48]=170.852
     rtt[49]=171.143
     rtt[50]=171.881
     rtt[51]=172.33
     rtt[52]=172.791
     rtt[53]=173.012
     rtt[54]=174.971
     rtt[55]=175.339
     rtt[56]=175.554
     rtt[57]=175.992
     rtt[58]=176.897
     rtt[59]=177.784
     rtt[60]=179.095
     rtt[61]=180.71
     rtt[62]=182.242
     rtt[63]=184.069
     rtt[64]=184.253
     rtt[65]=184.954
     rtt[66]=185.054
     rtt[67]=185.336
     rtt[68]=185.421
     rtt[69]=186.588
     rtt[70]=186.628
     rtt[71]=186.809
     rtt[72]=186.831
     rtt[73]=186.882
     rtt[74]=187.722
     rtt[75]=187.875
     rtt[76]=188.993
     rtt[77]=190.771
     rtt[78]=191.064
     rtt[79]=191.34
     rtt[80]=191.421
     rtt[81]=191.739
     rtt[82]=191.761
     rtt[83]=191.837
     rtt[84]=192.295
     rtt[85]=192.667
     rtt[86]=192.716
     rtt[87]=193.173
     rtt[88]=194.702
     rtt[89]=194.793
     rtt[90]=195.007
     rtt[91]=195.038
     rtt[92]=195.583
     rtt[93]=196.122
     rtt[94]=197.077
     rtt[95]=197.872
     rtt[96]=198.087
     rtt[97]=200.344
     rtt[98]=202.167
     rtt[99]=202.929
     rtt[100]=203.813
     rtt[101]=204.659
     rtt[102]=204.978
     rtt[103]=205.822
     rtt[104]=206.099
     rtt[105]=206.151
     rtt[106]=206.374
     rtt[107]=207.87
     rtt[108]=211.663
     rtt[109]=212.121
     rtt[110]=213.529
     rtt[111]=215.353
     rtt[112]=215.517
     rtt[113]=215.59
     rtt[114]=215.699
     rtt[115]=216.063
     rtt[116]=216.208
     rtt[117]=218.346
     rtt[118]=219.803
     rtt[119]=220.046
     rtt[120]=221.416
     rtt[121]=223.309
     rtt[122]=223.563
     rtt[123]=223.73
     rtt[124]=224.539
     rtt[125]=226.02
     rtt[126]=228.296
     rtt[127]=228.735
     rtt[128]=231.754
     rtt[129]=232.571
     rtt[130]=232.962
     rtt[131]=233.954
     rtt[132]=236.715
     rtt[133]=236.798
     rtt[134]=241.235
     rtt[135]=243.276
     rtt[136]=244.153
     rtt[137]=245.95
     rtt[138]=249.007
     rtt[139]=250.286
     rtt[140]=250.634
     rtt[141]=257.002
     rtt[142]=258.592
     rtt[143]=270.5
     rtt[144]=279.238
     rtt[145]=281.246
     rtt[146]=283.513
     rtt[147]=291.189
     rtt[148]=296.167
     rtt[149]=361.409
     rtt[150]=362.822

TCP Ping:  Statistics over 151 repetitions of 32768 byte messages

RTT : percentile 10: 154.77, median: 187.875, percentile 90: 243.276, average: 194.637, variance: 1535.73

RTT histogram:
136.219 3
147.549 11
158.879 23
170.209 20
181.539 17
192.87 23
204.2 11
215.53 12
226.86 9
238.19 7
249.52 5
260.851 2
272.181 1
283.511 3
294.841 2
306.171 0
317.501 0
328.832 0
340.162 0
351.492 0
362.822 2

   median Throughput : 348.827 KB/s   overall Throughput : 336.709 KB/s

