TCP Ping trying to connect to server webdev.dibris.unige.it (130.251.61.30) on port 1491
 ... connected to Pong server: asking for 151 repetitions of 64 bytes TCP messages
 ... Pong server agreed :-)
tcp_ping received 64 bytes back
Round trip time was 102.391 milliseconds in repetition 1
tcp_ping received 64 bytes back
Round trip time was 102.51 milliseconds in repetition 2
tcp_ping received 64 bytes back
Round trip time was 102.074 milliseconds in repetition 3
tcp_ping received 64 bytes back
Round trip time was 122.8 milliseconds in repetition 4
tcp_ping received 64 bytes back
Round trip time was 82.0382 milliseconds in repetition 5
tcp_ping received 64 bytes back
Round trip time was 102.329 milliseconds in repetition 6
tcp_ping received 64 bytes back
Round trip time was 102.43 milliseconds in repetition 7
tcp_ping received 64 bytes back
Round trip time was 102.557 milliseconds in repetition 8
tcp_ping received 64 bytes back
Round trip time was 69.7564 milliseconds in repetition 9
tcp_ping received 64 bytes back
Round trip time was 60.1595 milliseconds in repetition 10
tcp_ping received 64 bytes back
Round trip time was 59.7659 milliseconds in repetition 11
tcp_ping received 64 bytes back
Round trip time was 76.0845 milliseconds in repetition 12
tcp_ping received 64 bytes back
Round trip time was 59.9632 milliseconds in repetition 13
tcp_ping received 64 bytes back
Round trip time was 59.8434 milliseconds in repetition 14
tcp_ping received 64 bytes back
Round trip time was 52.1453 milliseconds in repetition 15
tcp_ping received 64 bytes back
Round trip time was 63.4928 milliseconds in repetition 16
tcp_ping received 64 bytes back
Round trip time was 61.3196 milliseconds in repetition 17
tcp_ping received 64 bytes back
Round trip time was 56.0066 milliseconds in repetition 18
tcp_ping received 64 bytes back
Round trip time was 67.0347 milliseconds in repetition 19
tcp_ping received 64 bytes back
Round trip time was 52.1805 milliseconds in repetition 20
tcp_ping received 64 bytes back
Round trip time was 67.7718 milliseconds in repetition 21
tcp_ping received 64 bytes back
Round trip time was 53.8218 milliseconds in repetition 22
tcp_ping received 64 bytes back
Round trip time was 78.5973 milliseconds in repetition 23
tcp_ping received 64 bytes back
Round trip time was 94.3347 milliseconds in repetition 24
tcp_ping received 64 bytes back
Round trip time was 65.2855 milliseconds in repetition 25
tcp_ping received 64 bytes back
Round trip time was 60.0086 milliseconds in repetition 26
tcp_ping received 64 bytes back
Round trip time was 71.6899 milliseconds in repetition 27
tcp_ping received 64 bytes back
Round trip time was 60.1303 milliseconds in repetition 28
tcp_ping received 64 bytes back
Round trip time was 59.9098 milliseconds in repetition 29
tcp_ping received 64 bytes back
Round trip time was 60.2706 milliseconds in repetition 30
tcp_ping received 64 bytes back
Round trip time was 68.0521 milliseconds in repetition 31
tcp_ping received 64 bytes back
Round trip time was 63.808 milliseconds in repetition 32
tcp_ping received 64 bytes back
Round trip time was 55.8405 milliseconds in repetition 33
tcp_ping received 64 bytes back
Round trip time was 60.0693 milliseconds in repetition 34
tcp_ping received 64 bytes back
Round trip time was 59.9233 milliseconds in repetition 35
tcp_ping received 64 bytes back
Round trip time was 67.9198 milliseconds in repetition 36
tcp_ping received 64 bytes back
Round trip time was 52.0491 milliseconds in repetition 37
tcp_ping received 64 bytes back
Round trip time was 59.888 milliseconds in repetition 38
tcp_ping received 64 bytes back
Round trip time was 60.0654 milliseconds in repetition 39
tcp_ping received 64 bytes back
Round trip time was 60.0436 milliseconds in repetition 40
tcp_ping received 64 bytes back
Round trip time was 67.8591 milliseconds in repetition 41
tcp_ping received 64 bytes back
Round trip time was 74.5723 milliseconds in repetition 42
tcp_ping received 64 bytes back
Round trip time was 65.3457 milliseconds in repetition 43
tcp_ping received 64 bytes back
Round trip time was 52.1697 milliseconds in repetition 44
tcp_ping received 64 bytes back
Round trip time was 78.8189 milliseconds in repetition 45
tcp_ping received 64 bytes back
Round trip time was 61.4215 milliseconds in repetition 46
tcp_ping received 64 bytes back
Round trip time was 59.7799 milliseconds in repetition 47
tcp_ping received 64 bytes back
Round trip time was 59.675 milliseconds in repetition 48
tcp_ping received 64 bytes back
Round trip time was 55.9763 milliseconds in repetition 49
tcp_ping received 64 bytes back
Round trip time was 51.9449 milliseconds in repetition 50
tcp_ping received 64 bytes back
Round trip time was 64.7658 milliseconds in repetition 51
tcp_ping received 64 bytes back
Round trip time was 55.883 milliseconds in repetition 52
tcp_ping received 64 bytes back
Round trip time was 63.4143 milliseconds in repetition 53
tcp_ping received 64 bytes back
Round trip time was 56.4302 milliseconds in repetition 54
tcp_ping received 64 bytes back
Round trip time was 63.5384 milliseconds in repetition 55
tcp_ping received 64 bytes back
Round trip time was 55.9436 milliseconds in repetition 56
tcp_ping received 64 bytes back
Round trip time was 59.8669 milliseconds in repetition 57
tcp_ping received 64 bytes back
Round trip time was 64.5605 milliseconds in repetition 58
tcp_ping received 64 bytes back
Round trip time was 59.9663 milliseconds in repetition 59
tcp_ping received 64 bytes back
Round trip time was 55.9207 milliseconds in repetition 60
tcp_ping received 64 bytes back
Round trip time was 59.9977 milliseconds in repetition 61
tcp_ping received 64 bytes back
Round trip time was 60.1322 milliseconds in repetition 62
tcp_ping received 64 bytes back
Round trip time was 66.952 milliseconds in repetition 63
tcp_ping received 64 bytes back
Round trip time was 56.7668 milliseconds in repetition 64
tcp_ping received 64 bytes back
Round trip time was 55.6477 milliseconds in repetition 65
tcp_ping received 64 bytes back
Round trip time was 59.8621 milliseconds in repetition 66
tcp_ping received 64 bytes back
Round trip time was 60.0723 milliseconds in repetition 67
tcp_ping received 64 bytes back
Round trip time was 65.063 milliseconds in repetition 68
tcp_ping received 64 bytes back
Round trip time was 56.0106 milliseconds in repetition 69
tcp_ping received 64 bytes back
Round trip time was 59.2694 milliseconds in repetition 70
tcp_ping received 64 bytes back
Round trip time was 59.7292 milliseconds in repetition 71
tcp_ping received 64 bytes back
Round trip time was 59.851 milliseconds in repetition 72
tcp_ping received 64 bytes back
Round trip time was 60.187 milliseconds in repetition 73
tcp_ping received 64 bytes back
Round trip time was 63.6728 milliseconds in repetition 74
tcp_ping received 64 bytes back
Round trip time was 59.9474 milliseconds in repetition 75
tcp_ping received 64 bytes back
Round trip time was 61.1302 milliseconds in repetition 76
tcp_ping received 64 bytes back
Round trip time was 55.4867 milliseconds in repetition 77
tcp_ping received 64 bytes back
Round trip time was 64.1725 milliseconds in repetition 78
tcp_ping received 64 bytes back
Round trip time was 56.2474 milliseconds in repetition 79
tcp_ping received 64 bytes back
Round trip time was 63.0218 milliseconds in repetition 80
tcp_ping received 64 bytes back
Round trip time was 51.8967 milliseconds in repetition 81
tcp_ping received 64 bytes back
Round trip time was 55.8877 milliseconds in repetition 82
tcp_ping received 64 bytes back
Round trip time was 60.9692 milliseconds in repetition 83
tcp_ping received 64 bytes back
Round trip time was 60.1416 milliseconds in repetition 84
tcp_ping received 64 bytes back
Round trip time was 68.5225 milliseconds in repetition 85
tcp_ping received 64 bytes back
Round trip time was 59.4545 milliseconds in repetition 86
tcp_ping received 64 bytes back
Round trip time was 51.5604 milliseconds in repetition 87
tcp_ping received 64 bytes back
Round trip time was 67.6166 milliseconds in repetition 88
tcp_ping received 64 bytes back
Round trip time was 51.9833 milliseconds in repetition 89
tcp_ping received 64 bytes back
Round trip time was 60.969 milliseconds in repetition 90
tcp_ping received 64 bytes back
Round trip time was 67.0137 milliseconds in repetition 91
tcp_ping received 64 bytes back
Round trip time was 64.431 milliseconds in repetition 92
tcp_ping received 64 bytes back
Round trip time was 70.4816 milliseconds in repetition 93
tcp_ping received 64 bytes back
Round trip time was 66.0301 milliseconds in repetition 94
tcp_ping received 64 bytes back
Round trip time was 73.9899 milliseconds in repetition 95
tcp_ping received 64 bytes back
Round trip time was 68.6868 milliseconds in repetition 96
tcp_ping received 64 bytes back
Round trip time was 75.802 milliseconds in repetition 97
tcp_ping received 64 bytes back
Round trip time was 51.9208 milliseconds in repetition 98
tcp_ping received 64 bytes back
Round trip time was 66.3851 milliseconds in repetition 99
tcp_ping received 64 bytes back
Round trip time was 61.4845 milliseconds in repetition 100
tcp_ping received 64 bytes back
Round trip time was 52.4143 milliseconds in repetition 101
tcp_ping received 64 bytes back
Round trip time was 51.5902 milliseconds in repetition 102
tcp_ping received 64 bytes back
Round trip time was 52.1071 milliseconds in repetition 103
tcp_ping received 64 bytes back
Round trip time was 77.5366 milliseconds in repetition 104
tcp_ping received 64 bytes back
Round trip time was 50.5342 milliseconds in repetition 105
tcp_ping received 64 bytes back
Round trip time was 53.8042 milliseconds in repetition 106
tcp_ping received 64 bytes back
Round trip time was 62.8429 milliseconds in repetition 107
tcp_ping received 64 bytes back
Round trip time was 52.4953 milliseconds in repetition 108
tcp_ping received 64 bytes back
Round trip time was 77.2637 milliseconds in repetition 109
tcp_ping received 64 bytes back
Round trip time was 61.5782 milliseconds in repetition 110
tcp_ping received 64 bytes back
Round trip time was 60.4673 milliseconds in repetition 111
tcp_ping received 64 bytes back
Round trip time was 59.0801 milliseconds in repetition 112
tcp_ping received 64 bytes back
Round trip time was 56.6843 milliseconds in repetition 113
tcp_ping received 64 bytes back
Round trip time was 63.513 milliseconds in repetition 114
tcp_ping received 64 bytes back
Round trip time was 55.9878 milliseconds in repetition 115
tcp_ping received 64 bytes back
Round trip time was 51.8539 milliseconds in repetition 116
tcp_ping received 64 bytes back
Round trip time was 60.0526 milliseconds in repetition 117
tcp_ping received 64 bytes back
Round trip time was 48.2538 milliseconds in repetition 118
tcp_ping received 64 bytes back
Round trip time was 80.1677 milliseconds in repetition 119
tcp_ping received 64 bytes back
Round trip time was 47.9534 milliseconds in repetition 120
tcp_ping received 64 bytes back
Round trip time was 51.7521 milliseconds in repetition 121
tcp_ping received 64 bytes back
Round trip time was 56.2505 milliseconds in repetition 122
tcp_ping received 64 bytes back
Round trip time was 56.4583 milliseconds in repetition 123
tcp_ping received 64 bytes back
Round trip time was 51.5191 milliseconds in repetition 124
tcp_ping received 64 bytes back
Round trip time was 59.8923 milliseconds in repetition 125
tcp_ping received 64 bytes back
Round trip time was 59.7246 milliseconds in repetition 126
tcp_ping received 64 bytes back
Round trip time was 59.7646 milliseconds in repetition 127
tcp_ping received 64 bytes back
Round trip time was 161.026 milliseconds in repetition 128
tcp_ping received 64 bytes back
Round trip time was 50.9812 milliseconds in repetition 129
tcp_ping received 64 bytes back
Round trip time was 52.4362 milliseconds in repetition 130
tcp_ping received 64 bytes back
Round trip time was 191.218 milliseconds in repetition 131
tcp_ping received 64 bytes back
Round trip time was 85.0381 milliseconds in repetition 132
tcp_ping received 64 bytes back
Round trip time was 51.9077 milliseconds in repetition 133
tcp_ping received 64 bytes back
Round trip time was 78.6628 milliseconds in repetition 134
tcp_ping received 64 bytes back
Round trip time was 83.7227 milliseconds in repetition 135
tcp_ping received 64 bytes back
Round trip time was 65.5322 milliseconds in repetition 136
tcp_ping received 64 bytes back
Round trip time was 93.523 milliseconds in repetition 137
tcp_ping received 64 bytes back
Round trip time was 78.3222 milliseconds in repetition 138
tcp_ping received 64 bytes back
Round trip time was 52.4948 milliseconds in repetition 139
tcp_ping received 64 bytes back
Round trip time was 62.9307 milliseconds in repetition 140
tcp_ping received 64 bytes back
Round trip time was 51.8741 milliseconds in repetition 141
tcp_ping received 64 bytes back
Round trip time was 52.2051 milliseconds in repetition 142
tcp_ping received 64 bytes back
Round trip time was 55.7956 milliseconds in repetition 143
tcp_ping received 64 bytes back
Round trip time was 77.6863 milliseconds in repetition 144
tcp_ping received 64 bytes back
Round trip time was 62.3272 milliseconds in repetition 145
tcp_ping received 64 bytes back
Round trip time was 63.9039 milliseconds in repetition 146
tcp_ping received 64 bytes back
Round trip time was 67.8067 milliseconds in repetition 147
tcp_ping received 64 bytes back
Round trip time was 67.0305 milliseconds in repetition 148
tcp_ping received 64 bytes back
Round trip time was 73.0784 milliseconds in repetition 149
tcp_ping received 64 bytes back
Round trip time was 68.0244 milliseconds in repetition 150
tcp_ping received 64 bytes back
Round trip time was 60.1419 milliseconds in repetition 151

 ... clock resolution was 1e-06 h_min=47.9534,  h_max=191.218, h_incr=7.16321
     rtt[0]=47.9534
     rtt[1]=48.2538
     rtt[2]=50.5342
     rtt[3]=50.9812
     rtt[4]=51.5191
     rtt[5]=51.5604
     rtt[6]=51.5902
     rtt[7]=51.7521
     rtt[8]=51.8539
     rtt[9]=51.8741
     rtt[10]=51.8967
     rtt[11]=51.9077
     rtt[12]=51.9208
     rtt[13]=51.9449
     rtt[14]=51.9833
     rtt[15]=52.0491
     rtt[16]=52.1071
     rtt[17]=52.1453
     rtt[18]=52.1697
     rtt[19]=52.1805
     rtt[20]=52.2051
     rtt[21]=52.4143
     rtt[22]=52.4362
     rtt[23]=52.4948
     rtt[24]=52.4953
     rtt[25]=53.8042
     rtt[26]=53.8218
     rtt[27]=55.4867
     rtt[28]=55.6477
     rtt[29]=55.7956
     rtt[30]=55.8405
     rtt[31]=55.883
     rtt[32]=55.8877
     rtt[33]=55.9207
     rtt[34]=55.9436
     rtt[35]=55.9763
     rtt[36]=55.9878
     rtt[37]=56.0066
     rtt[38]=56.0106
     rtt[39]=56.2474
     rtt[40]=56.2505
     rtt[41]=56.4302
     rtt[42]=56.4583
     rtt[43]=56.6843
     rtt[44]=56.7668
     rtt[45]=59.0801
     rtt[46]=59.2694
     rtt[47]=59.4545
     rtt[48]=59.675
     rtt[49]=59.7246
     rtt[50]=59.7292
     rtt[51]=59.7646
     rtt[52]=59.7659
     rtt[53]=59.7799
     rtt[54]=59.8434
     rtt[55]=59.851
     rtt[56]=59.8621
     rtt[57]=59.8669
     rtt[58]=59.888
     rtt[59]=59.8923
     rtt[60]=59.9098
     rtt[61]=59.9233
     rtt[62]=59.9474
     rtt[63]=59.9632
     rtt[64]=59.9663
     rtt[65]=59.9977
     rtt[66]=60.0086
     rtt[67]=60.0436
     rtt[68]=60.0526
     rtt[69]=60.0654
     rtt[70]=60.0693
     rtt[71]=60.0723
     rtt[72]=60.1303
     rtt[73]=60.1322
     rtt[74]=60.1416
     rtt[75]=60.1419
     rtt[76]=60.1595
     rtt[77]=60.187
     rtt[78]=60.2706
     rtt[79]=60.4673
     rtt[80]=60.969
     rtt[81]=60.9692
     rtt[82]=61.1302
     rtt[83]=61.3196
     rtt[84]=61.4215
     rtt[85]=61.4845
     rtt[86]=61.5782
     rtt[87]=62.3272
     rtt[88]=62.8429
     rtt[89]=62.9307
     rtt[90]=63.0218
     rtt[91]=63.4143
     rtt[92]=63.4928
     rtt[93]=63.513
     rtt[94]=63.5384
     rtt[95]=63.6728
     rtt[96]=63.808
     rtt[97]=63.9039
     rtt[98]=64.1725
     rtt[99]=64.431
     rtt[100]=64.5605
     rtt[101]=64.7658
     rtt[102]=65.063
     rtt[103]=65.2855
     rtt[104]=65.3457
     rtt[105]=65.5322
     rtt[106]=66.0301
     rtt[107]=66.3851
     rtt[108]=66.952
     rtt[109]=67.0137
     rtt[110]=67.0305
     rtt[111]=67.0347
     rtt[112]=67.6166
     rtt[113]=67.7718
     rtt[114]=67.8067
     rtt[115]=67.8591
     rtt[116]=67.9198
     rtt[117]=68.0244
     rtt[118]=68.0521
     rtt[119]=68.5225
     rtt[120]=68.6868
     rtt[121]=69.7564
     rtt[122]=70.4816
     rtt[123]=71.6899
     rtt[124]=73.0784
     rtt[125]=73.9899
     rtt[126]=74.5723
     rtt[127]=75.802
     rtt[128]=76.0845
     rtt[129]=77.2637
     rtt[130]=77.5366
     rtt[131]=77.6863
     rtt[132]=78.3222
     rtt[133]=78.5973
     rtt[134]=78.6628
     rtt[135]=78.8189
     rtt[136]=80.1677
     rtt[137]=82.0382
     rtt[138]=83.7227
     rtt[139]=85.0381
     rtt[140]=93.523
     rtt[141]=94.3347
     rtt[142]=102.074
     rtt[143]=102.329
     rtt[144]=102.391
     rtt[145]=102.43
     rtt[146]=102.51
     rtt[147]=102.557
     rtt[148]=122.8
     rtt[149]=161.026
     rtt[150]=191.218

TCP Ping:  Statistics over 151 repetitions of 64 byte messages

RTT : percentile 10: 52.0491, median: 60.1419, percentile 90: 78.8189, average: 65.5753, variance: 326.015

RTT histogram:
47.9534 5
55.1166 40
62.2798 61
69.443 18
76.6062 13
83.7694 3
90.9326 2
98.0958 0
105.259 6
112.422 0
119.585 1
126.749 0
133.912 0
141.075 0
148.238 0
155.401 0
162.565 1
169.728 0
176.891 0
184.054 0
191.218 1

   median Throughput : 2.1283 KB/s   overall Throughput : 1.95195 KB/s

