TCP Ping trying to connect to server webdev.dibris.unige.it (130.251.61.30) on port 1491
 ... connected to Pong server: asking for 151 repetitions of 16384 bytes TCP messages
 ... Pong server agreed :-)
tcp_ping received 16384 bytes back
Round trip time was 205.814 milliseconds in repetition 1
tcp_ping received 16384 bytes back
Round trip time was 134.974 milliseconds in repetition 2
tcp_ping received 16384 bytes back
Round trip time was 152.183 milliseconds in repetition 3
tcp_ping received 16384 bytes back
Round trip time was 128.085 milliseconds in repetition 4
tcp_ping received 16384 bytes back
Round trip time was 132.453 milliseconds in repetition 5
tcp_ping received 16384 bytes back
Round trip time was 139.365 milliseconds in repetition 6
tcp_ping received 16384 bytes back
Round trip time was 168.019 milliseconds in repetition 7
tcp_ping received 16384 bytes back
Round trip time was 143.889 milliseconds in repetition 8
tcp_ping received 16384 bytes back
Round trip time was 136.277 milliseconds in repetition 9
tcp_ping received 16384 bytes back
Round trip time was 127.791 milliseconds in repetition 10
tcp_ping received 16384 bytes back
Round trip time was 135.827 milliseconds in repetition 11
tcp_ping received 16384 bytes back
Round trip time was 140.155 milliseconds in repetition 12
tcp_ping received 16384 bytes back
Round trip time was 140.026 milliseconds in repetition 13
tcp_ping received 16384 bytes back
Round trip time was 148.04 milliseconds in repetition 14
tcp_ping received 16384 bytes back
Round trip time was 149.623 milliseconds in repetition 15
tcp_ping received 16384 bytes back
Round trip time was 141.925 milliseconds in repetition 16
tcp_ping received 16384 bytes back
Round trip time was 158.472 milliseconds in repetition 17
tcp_ping received 16384 bytes back
Round trip time was 149.532 milliseconds in repetition 18
tcp_ping received 16384 bytes back
Round trip time was 148.223 milliseconds in repetition 19
tcp_ping received 16384 bytes back
Round trip time was 131.736 milliseconds in repetition 20
tcp_ping received 16384 bytes back
Round trip time was 166.32 milliseconds in repetition 21
tcp_ping received 16384 bytes back
Round trip time was 145.571 milliseconds in repetition 22
tcp_ping received 16384 bytes back
Round trip time was 153.105 milliseconds in repetition 23
tcp_ping received 16384 bytes back
Round trip time was 134.823 milliseconds in repetition 24
tcp_ping received 16384 bytes back
Round trip time was 163.866 milliseconds in repetition 25
tcp_ping received 16384 bytes back
Round trip time was 184.573 milliseconds in repetition 26
tcp_ping received 16384 bytes back
Round trip time was 132.498 milliseconds in repetition 27
tcp_ping received 16384 bytes back
Round trip time was 122.21 milliseconds in repetition 28
tcp_ping received 16384 bytes back
Round trip time was 178.076 milliseconds in repetition 29
tcp_ping received 16384 bytes back
Round trip time was 124.057 milliseconds in repetition 30
tcp_ping received 16384 bytes back
Round trip time was 157.631 milliseconds in repetition 31
tcp_ping received 16384 bytes back
Round trip time was 149.748 milliseconds in repetition 32
tcp_ping received 16384 bytes back
Round trip time was 156.06 milliseconds in repetition 33
tcp_ping received 16384 bytes back
Round trip time was 163.946 milliseconds in repetition 34
tcp_ping received 16384 bytes back
Round trip time was 148.212 milliseconds in repetition 35
tcp_ping received 16384 bytes back
Round trip time was 144.156 milliseconds in repetition 36
tcp_ping received 16384 bytes back
Round trip time was 138.965 milliseconds in repetition 37
tcp_ping received 16384 bytes back
Round trip time was 124.511 milliseconds in repetition 38
tcp_ping received 16384 bytes back
Round trip time was 124.002 milliseconds in repetition 39
tcp_ping received 16384 bytes back
Round trip time was 148.164 milliseconds in repetition 40
tcp_ping received 16384 bytes back
Round trip time was 139.776 milliseconds in repetition 41
tcp_ping received 16384 bytes back
Round trip time was 151.934 milliseconds in repetition 42
tcp_ping received 16384 bytes back
Round trip time was 148.774 milliseconds in repetition 43
tcp_ping received 16384 bytes back
Round trip time was 139.45 milliseconds in repetition 44
tcp_ping received 16384 bytes back
Round trip time was 139.554 milliseconds in repetition 45
tcp_ping received 16384 bytes back
Round trip time was 152.379 milliseconds in repetition 46
tcp_ping received 16384 bytes back
Round trip time was 147.737 milliseconds in repetition 47
tcp_ping received 16384 bytes back
Round trip time was 140.127 milliseconds in repetition 48
tcp_ping received 16384 bytes back
Round trip time was 139.947 milliseconds in repetition 49
tcp_ping received 16384 bytes back
Round trip time was 159.926 milliseconds in repetition 50
tcp_ping received 16384 bytes back
Round trip time was 139.819 milliseconds in repetition 51
tcp_ping received 16384 bytes back
Round trip time was 152.201 milliseconds in repetition 52
tcp_ping received 16384 bytes back
Round trip time was 148.153 milliseconds in repetition 53
tcp_ping received 16384 bytes back
Round trip time was 159.555 milliseconds in repetition 54
tcp_ping received 16384 bytes back
Round trip time was 153.597 milliseconds in repetition 55
tcp_ping received 16384 bytes back
Round trip time was 131.238 milliseconds in repetition 56
tcp_ping received 16384 bytes back
Round trip time was 122.788 milliseconds in repetition 57
tcp_ping received 16384 bytes back
Round trip time was 132.609 milliseconds in repetition 58
tcp_ping received 16384 bytes back
Round trip time was 140.649 milliseconds in repetition 59
tcp_ping received 16384 bytes back
Round trip time was 226.961 milliseconds in repetition 60
tcp_ping received 16384 bytes back
Round trip time was 139.244 milliseconds in repetition 61
tcp_ping received 16384 bytes back
Round trip time was 179.721 milliseconds in repetition 62
tcp_ping received 16384 bytes back
Round trip time was 226.945 milliseconds in repetition 63
tcp_ping received 16384 bytes back
Round trip time was 155.086 milliseconds in repetition 64
tcp_ping received 16384 bytes back
Round trip time was 169.861 milliseconds in repetition 65
tcp_ping received 16384 bytes back
Round trip time was 151.771 milliseconds in repetition 66
tcp_ping received 16384 bytes back
Round trip time was 168.014 milliseconds in repetition 67
tcp_ping received 16384 bytes back
Round trip time was 149.749 milliseconds in repetition 68
tcp_ping received 16384 bytes back
Round trip time was 144.417 milliseconds in repetition 69
tcp_ping received 16384 bytes back
Round trip time was 193.996 milliseconds in repetition 70
tcp_ping received 16384 bytes back
Round trip time was 193.635 milliseconds in repetition 71
tcp_ping received 16384 bytes back
Round trip time was 168.419 milliseconds in repetition 72
tcp_ping received 16384 bytes back
Round trip time was 154.231 milliseconds in repetition 73
tcp_ping received 16384 bytes back
Round trip time was 137.973 milliseconds in repetition 74
tcp_ping received 16384 bytes back
Round trip time was 140.603 milliseconds in repetition 75
tcp_ping received 16384 bytes back
Round trip time was 159.036 milliseconds in repetition 76
tcp_ping received 16384 bytes back
Round trip time was 147.433 milliseconds in repetition 77
tcp_ping received 16384 bytes back
Round trip time was 159.225 milliseconds in repetition 78
tcp_ping received 16384 bytes back
Round trip time was 175.213 milliseconds in repetition 79
tcp_ping received 16384 bytes back
Round trip time was 149.825 milliseconds in repetition 80
tcp_ping received 16384 bytes back
Round trip time was 166.499 milliseconds in repetition 81
tcp_ping received 16384 bytes back
Round trip time was 149.475 milliseconds in repetition 82
tcp_ping received 16384 bytes back
Round trip time was 178.182 milliseconds in repetition 83
tcp_ping received 16384 bytes back
Round trip time was 140.673 milliseconds in repetition 84
tcp_ping received 16384 bytes back
Round trip time was 153.067 milliseconds in repetition 85
tcp_ping received 16384 bytes back
Round trip time was 167.506 milliseconds in repetition 86
tcp_ping received 16384 bytes back
Round trip time was 192.34 milliseconds in repetition 87
tcp_ping received 16384 bytes back
Round trip time was 139.943 milliseconds in repetition 88
tcp_ping received 16384 bytes back
Round trip time was 149.043 milliseconds in repetition 89
tcp_ping received 16384 bytes back
Round trip time was 173.06 milliseconds in repetition 90
tcp_ping received 16384 bytes back
Round trip time was 173.709 milliseconds in repetition 91
tcp_ping received 16384 bytes back
Round trip time was 182.254 milliseconds in repetition 92
tcp_ping received 16384 bytes back
Round trip time was 161.873 milliseconds in repetition 93
tcp_ping received 16384 bytes back
Round trip time was 286.193 milliseconds in repetition 94
tcp_ping received 16384 bytes back
Round trip time was 178.483 milliseconds in repetition 95
tcp_ping received 16384 bytes back
Round trip time was 162.565 milliseconds in repetition 96
tcp_ping received 16384 bytes back
Round trip time was 143.329 milliseconds in repetition 97
tcp_ping received 16384 bytes back
Round trip time was 224.139 milliseconds in repetition 98
tcp_ping received 16384 bytes back
Round trip time was 180.761 milliseconds in repetition 99
tcp_ping received 16384 bytes back
Round trip time was 170.597 milliseconds in repetition 100
tcp_ping received 16384 bytes back
Round trip time was 161.471 milliseconds in repetition 101
tcp_ping received 16384 bytes back
Round trip time was 190.237 milliseconds in repetition 102
tcp_ping received 16384 bytes back
Round trip time was 153.865 milliseconds in repetition 103
tcp_ping received 16384 bytes back
Round trip time was 160.268 milliseconds in repetition 104
tcp_ping received 16384 bytes back
Round trip time was 158.289 milliseconds in repetition 105
tcp_ping received 16384 bytes back
Round trip time was 183.543 milliseconds in repetition 106
tcp_ping received 16384 bytes back
Round trip time was 149.195 milliseconds in repetition 107
tcp_ping received 16384 bytes back
Round trip time was 156.294 milliseconds in repetition 108
tcp_ping received 16384 bytes back
Round trip time was 142.497 milliseconds in repetition 109
tcp_ping received 16384 bytes back
Round trip time was 208.085 milliseconds in repetition 110
tcp_ping received 16384 bytes back
Round trip time was 183.726 milliseconds in repetition 111
tcp_ping received 16384 bytes back
Round trip time was 150.09 milliseconds in repetition 112
tcp_ping received 16384 bytes back
Round trip time was 166.329 milliseconds in repetition 113
tcp_ping received 16384 bytes back
Round trip time was 203.884 milliseconds in repetition 114
tcp_ping received 16384 bytes back
Round trip time was 199.552 milliseconds in repetition 115
tcp_ping received 16384 bytes back
Round trip time was 180.245 milliseconds in repetition 116
tcp_ping received 16384 bytes back
Round trip time was 161.428 milliseconds in repetition 117
tcp_ping received 16384 bytes back
Round trip time was 243.024 milliseconds in repetition 118
tcp_ping received 16384 bytes back
Round trip time was 148.046 milliseconds in repetition 119
tcp_ping received 16384 bytes back
Round trip time was 156.345 milliseconds in repetition 120
tcp_ping received 16384 bytes back
Round trip time was 195.276 milliseconds in repetition 121
tcp_ping received 16384 bytes back
Round trip time was 153.273 milliseconds in repetition 122
tcp_ping received 16384 bytes back
Round trip time was 230.658 milliseconds in repetition 123
tcp_ping received 16384 bytes back
Round trip time was 202.653 milliseconds in repetition 124
tcp_ping received 16384 bytes back
Round trip time was 150.812 milliseconds in repetition 125
tcp_ping received 16384 bytes back
Round trip time was 166.314 milliseconds in repetition 126
tcp_ping received 16384 bytes back
Round trip time was 139.741 milliseconds in repetition 127
tcp_ping received 16384 bytes back
Round trip time was 152.193 milliseconds in repetition 128
tcp_ping received 16384 bytes back
Round trip time was 148.406 milliseconds in repetition 129
tcp_ping received 16384 bytes back
Round trip time was 157.164 milliseconds in repetition 130
tcp_ping received 16384 bytes back
Round trip time was 180.027 milliseconds in repetition 131
tcp_ping received 16384 bytes back
Round trip time was 171.699 milliseconds in repetition 132
tcp_ping received 16384 bytes back
Round trip time was 155.72 milliseconds in repetition 133
tcp_ping received 16384 bytes back
Round trip time was 147.296 milliseconds in repetition 134
tcp_ping received 16384 bytes back
Round trip time was 152.404 milliseconds in repetition 135
tcp_ping received 16384 bytes back
Round trip time was 148.255 milliseconds in repetition 136
tcp_ping received 16384 bytes back
Round trip time was 183.011 milliseconds in repetition 137
tcp_ping received 16384 bytes back
Round trip time was 159.802 milliseconds in repetition 138
tcp_ping received 16384 bytes back
Round trip time was 141.395 milliseconds in repetition 139
tcp_ping received 16384 bytes back
Round trip time was 150.496 milliseconds in repetition 140
tcp_ping received 16384 bytes back
Round trip time was 186.513 milliseconds in repetition 141
tcp_ping received 16384 bytes back
Round trip time was 146.113 milliseconds in repetition 142
tcp_ping received 16384 bytes back
Round trip time was 153.475 milliseconds in repetition 143
tcp_ping received 16384 bytes back
Round trip time was 150.715 milliseconds in repetition 144
tcp_ping received 16384 bytes back
Round trip time was 147.672 milliseconds in repetition 145
tcp_ping received 16384 bytes back
Round trip time was 139.966 milliseconds in repetition 146
tcp_ping received 16384 bytes back
Round trip time was 244.251 milliseconds in repetition 147
tcp_ping received 16384 bytes back
Round trip time was 160.371 milliseconds in repetition 148
tcp_ping received 16384 bytes back
Round trip time was 160.165 milliseconds in repetition 149
tcp_ping received 16384 bytes back
Round trip time was 150.487 milliseconds in repetition 150
tcp_ping received 16384 bytes back
Round trip time was 185.29 milliseconds in repetition 151

 ... clock resolution was 1e-06 h_min=122.21,  h_max=286.193, h_incr=8.19912
     rtt[0]=122.21
     rtt[1]=122.788
     rtt[2]=124.002
     rtt[3]=124.057
     rtt[4]=124.511
     rtt[5]=127.791
     rtt[6]=128.085
     rtt[7]=131.238
     rtt[8]=131.736
     rtt[9]=132.453
     rtt[10]=132.498
     rtt[11]=132.609
     rtt[12]=134.823
     rtt[13]=134.974
     rtt[14]=135.827
     rtt[15]=136.277
     rtt[16]=137.973
     rtt[17]=138.965
     rtt[18]=139.244
     rtt[19]=139.365
     rtt[20]=139.45
     rtt[21]=139.554
     rtt[22]=139.741
     rtt[23]=139.776
     rtt[24]=139.819
     rtt[25]=139.943
     rtt[26]=139.947
     rtt[27]=139.966
     rtt[28]=140.026
     rtt[29]=140.127
     rtt[30]=140.155
     rtt[31]=140.603
     rtt[32]=140.649
     rtt[33]=140.673
     rtt[34]=141.395
     rtt[35]=141.925
     rtt[36]=142.497
     rtt[37]=143.329
     rtt[38]=143.889
     rtt[39]=144.156
     rtt[40]=144.417
     rtt[41]=145.571
     rtt[42]=146.113
     rtt[43]=147.296
     rtt[44]=147.433
     rtt[45]=147.672
     rtt[46]=147.737
     rtt[47]=148.04
     rtt[48]=148.046
     rtt[49]=148.153
     rtt[50]=148.164
     rtt[51]=148.212
     rtt[52]=148.223
     rtt[53]=148.255
     rtt[54]=148.406
     rtt[55]=148.774
     rtt[56]=149.043
     rtt[57]=149.195
     rtt[58]=149.475
     rtt[59]=149.532
     rtt[60]=149.623
     rtt[61]=149.748
     rtt[62]=149.749
     rtt[63]=149.825
     rtt[64]=150.09
     rtt[65]=150.487
     rtt[66]=150.496
     rtt[67]=150.715
     rtt[68]=150.812
     rtt[69]=151.771
     rtt[70]=151.934
     rtt[71]=152.183
     rtt[72]=152.193
     rtt[73]=152.201
     rtt[74]=152.379
     rtt[75]=152.404
     rtt[76]=153.067
     rtt[77]=153.105
     rtt[78]=153.273
     rtt[79]=153.475
     rtt[80]=153.597
     rtt[81]=153.865
     rtt[82]=154.231
     rtt[83]=155.086
     rtt[84]=155.72
     rtt[85]=156.06
     rtt[86]=156.294
     rtt[87]=156.345
     rtt[88]=157.164
     rtt[89]=157.631
     rtt[90]=158.289
     rtt[91]=158.472
     rtt[92]=159.036
     rtt[93]=159.225
     rtt[94]=159.555
     rtt[95]=159.802
     rtt[96]=159.926
     rtt[97]=160.165
     rtt[98]=160.268
     rtt[99]=160.371
     rtt[100]=161.428
     rtt[101]=161.471
     rtt[102]=161.873
     rtt[103]=162.565
     rtt[104]=163.866
     rtt[105]=163.946
     rtt[106]=166.314
     rtt[107]=166.32
     rtt[108]=166.329
     rtt[109]=166.499
     rtt[110]=167.506
     rtt[111]=168.014
     rtt[112]=168.019
     rtt[113]=168.419
     rtt[114]=169.861
     rtt[115]=170.597
     rtt[116]=171.699
     rtt[117]=173.06
     rtt[118]=173.709
     rtt[119]=175.213
     rtt[120]=178.076
     rtt[121]=178.182
     rtt[122]=178.483
     rtt[123]=179.721
     rtt[124]=180.027
     rtt[125]=180.245
     rtt[126]=180.761
     rtt[127]=182.254
     rtt[128]=183.011
     rtt[129]=183.543
     rtt[130]=183.726
     rtt[131]=184.573
     rtt[132]=185.29
     rtt[133]=186.513
     rtt[134]=190.237
     rtt[135]=192.34
     rtt[136]=193.635
     rtt[137]=193.996
     rtt[138]=195.276
     rtt[139]=199.552
     rtt[140]=202.653
     rtt[141]=203.884
     rtt[142]=205.814
     rtt[143]=208.085
     rtt[144]=224.139
     rtt[145]=226.945
     rtt[146]=226.961
     rtt[147]=230.658
     rtt[148]=243.024
     rtt[149]=244.251
     rtt[150]=286.193

TCP Ping:  Statistics over 151 repetitions of 16384 byte messages

RTT : percentile 10: 136.277, median: 152.404, percentile 90: 192.34, average: 159.909, variance: 667.575

RTT histogram:
122.21 5
130.409 7
138.608 25
146.808 32
155.007 24
163.206 17
171.405 10
179.604 10
187.803 5
196.002 5
204.201 4
212.4 0
220.6 1
228.799 3
236.998 0
245.197 2
253.396 0
261.595 0
269.794 0
277.993 0
286.193 1

   median Throughput : 215.008 KB/s   overall Throughput : 204.917 KB/s

