TCP Ping trying to connect to server webdev.dibris.unige.it (130.251.61.30) on port 1491
 ... connected to Pong server: asking for 151 repetitions of 256 bytes TCP messages
 ... Pong server agreed :-)
tcp_ping received 256 bytes back
Round trip time was 55.8258 milliseconds in repetition 1
tcp_ping received 256 bytes back
Round trip time was 52.2041 milliseconds in repetition 2
tcp_ping received 256 bytes back
Round trip time was 52.688 milliseconds in repetition 3
tcp_ping received 256 bytes back
Round trip time was 51.6527 milliseconds in repetition 4
tcp_ping received 256 bytes back
Round trip time was 51.5315 milliseconds in repetition 5
tcp_ping received 256 bytes back
Round trip time was 51.7779 milliseconds in repetition 6
tcp_ping received 256 bytes back
Round trip time was 52.2244 milliseconds in repetition 7
tcp_ping received 256 bytes back
Round trip time was 51.9576 milliseconds in repetition 8
tcp_ping received 256 bytes back
Round trip time was 51.8986 milliseconds in repetition 9
tcp_ping received 256 bytes back
Round trip time was 56.0246 milliseconds in repetition 10
tcp_ping received 256 bytes back
Round trip time was 56.1341 milliseconds in repetition 11
tcp_ping received 256 bytes back
Round trip time was 60.2463 milliseconds in repetition 12
tcp_ping received 256 bytes back
Round trip time was 56.1133 milliseconds in repetition 13
tcp_ping received 256 bytes back
Round trip time was 77.3369 milliseconds in repetition 14
tcp_ping received 256 bytes back
Round trip time was 54.0574 milliseconds in repetition 15
tcp_ping received 256 bytes back
Round trip time was 57.8401 milliseconds in repetition 16
tcp_ping received 256 bytes back
Round trip time was 69.3616 milliseconds in repetition 17
tcp_ping received 256 bytes back
Round trip time was 65.6033 milliseconds in repetition 18
tcp_ping received 256 bytes back
Round trip time was 55.6046 milliseconds in repetition 19
tcp_ping received 256 bytes back
Round trip time was 55.8705 milliseconds in repetition 20
tcp_ping received 256 bytes back
Round trip time was 56.4347 milliseconds in repetition 21
tcp_ping received 256 bytes back
Round trip time was 59.6413 milliseconds in repetition 22
tcp_ping received 256 bytes back
Round trip time was 59.664 milliseconds in repetition 23
tcp_ping received 256 bytes back
Round trip time was 63.7251 milliseconds in repetition 24
tcp_ping received 256 bytes back
Round trip time was 52.483 milliseconds in repetition 25
tcp_ping received 256 bytes back
Round trip time was 51.6222 milliseconds in repetition 26
tcp_ping received 256 bytes back
Round trip time was 51.8636 milliseconds in repetition 27
tcp_ping received 256 bytes back
Round trip time was 56.1841 milliseconds in repetition 28
tcp_ping received 256 bytes back
Round trip time was 56.5632 milliseconds in repetition 29
tcp_ping received 256 bytes back
Round trip time was 59.6582 milliseconds in repetition 30
tcp_ping received 256 bytes back
Round trip time was 66.7565 milliseconds in repetition 31
tcp_ping received 256 bytes back
Round trip time was 52.6781 milliseconds in repetition 32
tcp_ping received 256 bytes back
Round trip time was 55.851 milliseconds in repetition 33
tcp_ping received 256 bytes back
Round trip time was 56.3867 milliseconds in repetition 34
tcp_ping received 256 bytes back
Round trip time was 55.6111 milliseconds in repetition 35
tcp_ping received 256 bytes back
Round trip time was 56.2786 milliseconds in repetition 36
tcp_ping received 256 bytes back
Round trip time was 51.7814 milliseconds in repetition 37
tcp_ping received 256 bytes back
Round trip time was 60.4374 milliseconds in repetition 38
tcp_ping received 256 bytes back
Round trip time was 60.0364 milliseconds in repetition 39
tcp_ping received 256 bytes back
Round trip time was 59.3461 milliseconds in repetition 40
tcp_ping received 256 bytes back
Round trip time was 59.9881 milliseconds in repetition 41
tcp_ping received 256 bytes back
Round trip time was 52.1576 milliseconds in repetition 42
tcp_ping received 256 bytes back
Round trip time was 67.7245 milliseconds in repetition 43
tcp_ping received 256 bytes back
Round trip time was 52.2688 milliseconds in repetition 44
tcp_ping received 256 bytes back
Round trip time was 68.8085 milliseconds in repetition 45
tcp_ping received 256 bytes back
Round trip time was 59.195 milliseconds in repetition 46
tcp_ping received 256 bytes back
Round trip time was 64.3436 milliseconds in repetition 47
tcp_ping received 256 bytes back
Round trip time was 52.7612 milliseconds in repetition 48
tcp_ping received 256 bytes back
Round trip time was 54.3892 milliseconds in repetition 49
tcp_ping received 256 bytes back
Round trip time was 53.8105 milliseconds in repetition 50
tcp_ping received 256 bytes back
Round trip time was 54.1979 milliseconds in repetition 51
tcp_ping received 256 bytes back
Round trip time was 52.5781 milliseconds in repetition 52
tcp_ping received 256 bytes back
Round trip time was 53.5495 milliseconds in repetition 53
tcp_ping received 256 bytes back
Round trip time was 54.5476 milliseconds in repetition 54
tcp_ping received 256 bytes back
Round trip time was 51.7255 milliseconds in repetition 55
tcp_ping received 256 bytes back
Round trip time was 60.9643 milliseconds in repetition 56
tcp_ping received 256 bytes back
Round trip time was 59.0306 milliseconds in repetition 57
tcp_ping received 256 bytes back
Round trip time was 59.5952 milliseconds in repetition 58
tcp_ping received 256 bytes back
Round trip time was 59.8202 milliseconds in repetition 59
tcp_ping received 256 bytes back
Round trip time was 67.9156 milliseconds in repetition 60
tcp_ping received 256 bytes back
Round trip time was 60.4561 milliseconds in repetition 61
tcp_ping received 256 bytes back
Round trip time was 60.0663 milliseconds in repetition 62
tcp_ping received 256 bytes back
Round trip time was 52.1548 milliseconds in repetition 63
tcp_ping received 256 bytes back
Round trip time was 59.3684 milliseconds in repetition 64
tcp_ping received 256 bytes back
Round trip time was 68.0296 milliseconds in repetition 65
tcp_ping received 256 bytes back
Round trip time was 52.2947 milliseconds in repetition 66
tcp_ping received 256 bytes back
Round trip time was 59.5408 milliseconds in repetition 67
tcp_ping received 256 bytes back
Round trip time was 59.9658 milliseconds in repetition 68
tcp_ping received 256 bytes back
Round trip time was 60.059 milliseconds in repetition 69
tcp_ping received 256 bytes back
Round trip time was 60.4026 milliseconds in repetition 70
tcp_ping received 256 bytes back
Round trip time was 47.9417 milliseconds in repetition 71
tcp_ping received 256 bytes back
Round trip time was 60.1963 milliseconds in repetition 72
tcp_ping received 256 bytes back
Round trip time was 60.3379 milliseconds in repetition 73
tcp_ping received 256 bytes back
Round trip time was 63.2054 milliseconds in repetition 74
tcp_ping received 256 bytes back
Round trip time was 55.7695 milliseconds in repetition 75
tcp_ping received 256 bytes back
Round trip time was 68.8408 milliseconds in repetition 76
tcp_ping received 256 bytes back
Round trip time was 55.0953 milliseconds in repetition 77
tcp_ping received 256 bytes back
Round trip time was 59.9498 milliseconds in repetition 78
tcp_ping received 256 bytes back
Round trip time was 52.8131 milliseconds in repetition 79
tcp_ping received 256 bytes back
Round trip time was 51.5171 milliseconds in repetition 80
tcp_ping received 256 bytes back
Round trip time was 52.2712 milliseconds in repetition 81
tcp_ping received 256 bytes back
Round trip time was 76.2262 milliseconds in repetition 82
tcp_ping received 256 bytes back
Round trip time was 55.2146 milliseconds in repetition 83
tcp_ping received 256 bytes back
Round trip time was 60.0231 milliseconds in repetition 84
tcp_ping received 256 bytes back
Round trip time was 55.8973 milliseconds in repetition 85
tcp_ping received 256 bytes back
Round trip time was 51.8076 milliseconds in repetition 86
tcp_ping received 256 bytes back
Round trip time was 60.4696 milliseconds in repetition 87
tcp_ping received 256 bytes back
Round trip time was 67.891 milliseconds in repetition 88
tcp_ping received 256 bytes back
Round trip time was 52.5704 milliseconds in repetition 89
tcp_ping received 256 bytes back
Round trip time was 67.3026 milliseconds in repetition 90
tcp_ping received 256 bytes back
Round trip time was 78.4795 milliseconds in repetition 91
tcp_ping received 256 bytes back
Round trip time was 65.1772 milliseconds in repetition 92
tcp_ping received 256 bytes back
Round trip time was 60.135 milliseconds in repetition 93
tcp_ping received 256 bytes back
Round trip time was 67.8216 milliseconds in repetition 94
tcp_ping received 256 bytes back
Round trip time was 52.4081 milliseconds in repetition 95
tcp_ping received 256 bytes back
Round trip time was 60.2076 milliseconds in repetition 96
tcp_ping received 256 bytes back
Round trip time was 59.9283 milliseconds in repetition 97
tcp_ping received 256 bytes back
Round trip time was 63.5614 milliseconds in repetition 98
tcp_ping received 256 bytes back
Round trip time was 55.7671 milliseconds in repetition 99
tcp_ping received 256 bytes back
Round trip time was 59.9748 milliseconds in repetition 100
tcp_ping received 256 bytes back
Round trip time was 59.9498 milliseconds in repetition 101
tcp_ping received 256 bytes back
Round trip time was 59.8999 milliseconds in repetition 102
tcp_ping received 256 bytes back
Round trip time was 77.399 milliseconds in repetition 103
tcp_ping received 256 bytes back
Round trip time was 63.341 milliseconds in repetition 104
tcp_ping received 256 bytes back
Round trip time was 59.2582 milliseconds in repetition 105
tcp_ping received 256 bytes back
Round trip time was 59.924 milliseconds in repetition 106
tcp_ping received 256 bytes back
Round trip time was 56.0634 milliseconds in repetition 107
tcp_ping received 256 bytes back
Round trip time was 51.9392 milliseconds in repetition 108
tcp_ping received 256 bytes back
Round trip time was 64.1176 milliseconds in repetition 109
tcp_ping received 256 bytes back
Round trip time was 55.8439 milliseconds in repetition 110
tcp_ping received 256 bytes back
Round trip time was 63.9366 milliseconds in repetition 111
tcp_ping received 256 bytes back
Round trip time was 60.5402 milliseconds in repetition 112
tcp_ping received 256 bytes back
Round trip time was 59.8989 milliseconds in repetition 113
tcp_ping received 256 bytes back
Round trip time was 56.4097 milliseconds in repetition 114
tcp_ping received 256 bytes back
Round trip time was 59.5473 milliseconds in repetition 115
tcp_ping received 256 bytes back
Round trip time was 63.5218 milliseconds in repetition 116
tcp_ping received 256 bytes back
Round trip time was 55.9053 milliseconds in repetition 117
tcp_ping received 256 bytes back
Round trip time was 59.9248 milliseconds in repetition 118
tcp_ping received 256 bytes back
Round trip time was 61.6163 milliseconds in repetition 119
tcp_ping received 256 bytes back
Round trip time was 58.4282 milliseconds in repetition 120
tcp_ping received 256 bytes back
Round trip time was 60.0082 milliseconds in repetition 121
tcp_ping received 256 bytes back
Round trip time was 59.9829 milliseconds in repetition 122
tcp_ping received 256 bytes back
Round trip time was 59.9034 milliseconds in repetition 123
tcp_ping received 256 bytes back
Round trip time was 59.9845 milliseconds in repetition 124
tcp_ping received 256 bytes back
Round trip time was 59.9449 milliseconds in repetition 125
tcp_ping received 256 bytes back
Round trip time was 64.3785 milliseconds in repetition 126
tcp_ping received 256 bytes back
Round trip time was 59.6352 milliseconds in repetition 127
tcp_ping received 256 bytes back
Round trip time was 56.2076 milliseconds in repetition 128
tcp_ping received 256 bytes back
Round trip time was 67.7272 milliseconds in repetition 129
tcp_ping received 256 bytes back
Round trip time was 59.9951 milliseconds in repetition 130
tcp_ping received 256 bytes back
Round trip time was 56.2112 milliseconds in repetition 131
tcp_ping received 256 bytes back
Round trip time was 59.8085 milliseconds in repetition 132
tcp_ping received 256 bytes back
Round trip time was 59.9248 milliseconds in repetition 133
tcp_ping received 256 bytes back
Round trip time was 55.9199 milliseconds in repetition 134
tcp_ping received 256 bytes back
Round trip time was 60.1487 milliseconds in repetition 135
tcp_ping received 256 bytes back
Round trip time was 65.5342 milliseconds in repetition 136
tcp_ping received 256 bytes back
Round trip time was 54.387 milliseconds in repetition 137
tcp_ping received 256 bytes back
Round trip time was 59.9422 milliseconds in repetition 138
tcp_ping received 256 bytes back
Round trip time was 64.0507 milliseconds in repetition 139
tcp_ping received 256 bytes back
Round trip time was 72.0953 milliseconds in repetition 140
tcp_ping received 256 bytes back
Round trip time was 63.7204 milliseconds in repetition 141
tcp_ping received 256 bytes back
Round trip time was 52.1776 milliseconds in repetition 142
tcp_ping received 256 bytes back
Round trip time was 67.8295 milliseconds in repetition 143
tcp_ping received 256 bytes back
Round trip time was 60.1986 milliseconds in repetition 144
tcp_ping received 256 bytes back
Round trip time was 59.7325 milliseconds in repetition 145
tcp_ping received 256 bytes back
Round trip time was 56.2874 milliseconds in repetition 146
tcp_ping received 256 bytes back
Round trip time was 89.8193 milliseconds in repetition 147
tcp_ping received 256 bytes back
Round trip time was 65.8188 milliseconds in repetition 148
tcp_ping received 256 bytes back
Round trip time was 63.9743 milliseconds in repetition 149
tcp_ping received 256 bytes back
Round trip time was 63.9805 milliseconds in repetition 150
tcp_ping received 256 bytes back
Round trip time was 52.4676 milliseconds in repetition 151

 ... clock resolution was 1e-06 h_min=47.9417,  h_max=89.8193, h_incr=2.09388
     rtt[0]=47.9417
     rtt[1]=51.5171
     rtt[2]=51.5315
     rtt[3]=51.6222
     rtt[4]=51.6527
     rtt[5]=51.7255
     rtt[6]=51.7779
     rtt[7]=51.7814
     rtt[8]=51.8076
     rtt[9]=51.8636
     rtt[10]=51.8986
     rtt[11]=51.9392
     rtt[12]=51.9576
     rtt[13]=52.1548
     rtt[14]=52.1576
     rtt[15]=52.1776
     rtt[16]=52.2041
     rtt[17]=52.2244
     rtt[18]=52.2688
     rtt[19]=52.2712
     rtt[20]=52.2947
     rtt[21]=52.4081
     rtt[22]=52.4676
     rtt[23]=52.483
     rtt[24]=52.5704
     rtt[25]=52.5781
     rtt[26]=52.6781
     rtt[27]=52.688
     rtt[28]=52.7612
     rtt[29]=52.8131
     rtt[30]=53.5495
     rtt[31]=53.8105
     rtt[32]=54.0574
     rtt[33]=54.1979
     rtt[34]=54.387
     rtt[35]=54.3892
     rtt[36]=54.5476
     rtt[37]=55.0953
     rtt[38]=55.2146
     rtt[39]=55.6046
     rtt[40]=55.6111
     rtt[41]=55.7671
     rtt[42]=55.7695
     rtt[43]=55.8258
     rtt[44]=55.8439
     rtt[45]=55.851
     rtt[46]=55.8705
     rtt[47]=55.8973
     rtt[48]=55.9053
     rtt[49]=55.9199
     rtt[50]=56.0246
     rtt[51]=56.0634
     rtt[52]=56.1133
     rtt[53]=56.1341
     rtt[54]=56.1841
     rtt[55]=56.2076
     rtt[56]=56.2112
     rtt[57]=56.2786
     rtt[58]=56.2874
     rtt[59]=56.3867
     rtt[60]=56.4097
     rtt[61]=56.4347
     rtt[62]=56.5632
     rtt[63]=57.8401
     rtt[64]=58.4282
     rtt[65]=59.0306
     rtt[66]=59.195
     rtt[67]=59.2582
     rtt[68]=59.3461
     rtt[69]=59.3684
     rtt[70]=59.5408
     rtt[71]=59.5473
     rtt[72]=59.5952
     rtt[73]=59.6352
     rtt[74]=59.6413
     rtt[75]=59.6582
     rtt[76]=59.664
     rtt[77]=59.7325
     rtt[78]=59.8085
     rtt[79]=59.8202
     rtt[80]=59.8989
     rtt[81]=59.8999
     rtt[82]=59.9034
     rtt[83]=59.924
     rtt[84]=59.9248
     rtt[85]=59.9248
     rtt[86]=59.9283
     rtt[87]=59.9422
     rtt[88]=59.9449
     rtt[89]=59.9498
     rtt[90]=59.9498
     rtt[91]=59.9658
     rtt[92]=59.9748
     rtt[93]=59.9829
     rtt[94]=59.9845
     rtt[95]=59.9881
     rtt[96]=59.9951
     rtt[97]=60.0082
     rtt[98]=60.0231
     rtt[99]=60.0364
     rtt[100]=60.059
     rtt[101]=60.0663
     rtt[102]=60.135
     rtt[103]=60.1487
     rtt[104]=60.1963
     rtt[105]=60.1986
     rtt[106]=60.2076
     rtt[107]=60.2463
     rtt[108]=60.3379
     rtt[109]=60.4026
     rtt[110]=60.4374
     rtt[111]=60.4561
     rtt[112]=60.4696
     rtt[113]=60.5402
     rtt[114]=60.9643
     rtt[115]=61.6163
     rtt[116]=63.2054
     rtt[117]=63.341
     rtt[118]=63.5218
     rtt[119]=63.5614
     rtt[120]=63.7204
     rtt[121]=63.7251
     rtt[122]=63.9366
     rtt[123]=63.9743
     rtt[124]=63.9805
     rtt[125]=64.0507
     rtt[126]=64.1176
     rtt[127]=64.3436
     rtt[128]=64.3785
     rtt[129]=65.1772
     rtt[130]=65.5342
     rtt[131]=65.6033
     rtt[132]=65.8188
     rtt[133]=66.7565
     rtt[134]=67.3026
     rtt[135]=67.7245
     rtt[136]=67.7272
     rtt[137]=67.8216
     rtt[138]=67.8295
     rtt[139]=67.891
     rtt[140]=67.9156
     rtt[141]=68.0296
     rtt[142]=68.8085
     rtt[143]=68.8408
     rtt[144]=69.3616
     rtt[145]=72.0953
     rtt[146]=76.2262
     rtt[147]=77.3369
     rtt[148]=77.399
     rtt[149]=78.4795
     rtt[150]=89.8193

TCP Ping:  Statistics over 151 repetitions of 256 byte messages

RTT : percentile 10: 52.1776, median: 59.6582, percentile 90: 67.7245, average: 59.2631, variance: 39.1315

RTT histogram:
47.9417 1
50.0356 0
52.1295 29
54.2234 9
56.3172 24
58.4111 7
60.505 45
62.5989 5
64.6928 12
66.7866 7
68.8805 6
70.9744 0
73.0683 1
75.1622 0
77.256 3
79.3499 1
81.4438 0
83.5377 0
85.6316 0
87.7254 0
89.8193 1

   median Throughput : 8.58223 KB/s   overall Throughput : 8.63944 KB/s

