UDP Ping trying to connect to server webdev.dibris.unige.it (130.251.61.30) on TCP port 1491
 ... connected to Pong server: asking for 151 repetitions of 32768 _bytes UDP messages
 ... Pong server agreed to ping-pong using port 62831 :-)
 ... about to connect socket 3 to IP address 130.251.61.30, port 62831
 ... sending message 1
Round trip time was 417.115 milliseconds in repetition 1
 ... sending message 2

 ... received 0 bytes instead of 32768 (lost count = 1); re-trying ...
 ... re-trying ...
 ... sending message 2
Round trip time was 348.974 milliseconds in repetition 2
 ... sending message 3
Round trip time was 198.818 milliseconds in repetition 3
 ... sending message 4
Round trip time was 206.148 milliseconds in repetition 4
 ... sending message 5
Round trip time was 207.965 milliseconds in repetition 5
 ... sending message 6
Round trip time was 210.052 milliseconds in repetition 6
 ... sending message 7
Round trip time was 197.613 milliseconds in repetition 7
 ... sending message 8
Round trip time was 204.803 milliseconds in repetition 8
 ... sending message 9

 ... received 0 bytes instead of 32768 (lost count = 1); re-trying ...
 ... re-trying ...
 ... sending message 9
Round trip time was 143.484 milliseconds in repetition 9
 ... sending message 10
Round trip time was 196.286 milliseconds in repetition 10
 ... sending message 11
Round trip time was 155.137 milliseconds in repetition 11
 ... sending message 12
Round trip time was 151.494 milliseconds in repetition 12
 ... sending message 13
Round trip time was 144.526 milliseconds in repetition 13
 ... sending message 14
Round trip time was 213.049 milliseconds in repetition 14
 ... sending message 15
Round trip time was 172.944 milliseconds in repetition 15
 ... sending message 16
Round trip time was 121.602 milliseconds in repetition 16
 ... sending message 17
Round trip time was 169.262 milliseconds in repetition 17
 ... sending message 18
Round trip time was 154.539 milliseconds in repetition 18
 ... sending message 19
Round trip time was 130.515 milliseconds in repetition 19
 ... sending message 20
Round trip time was 131.179 milliseconds in repetition 20
 ... sending message 21
Round trip time was 398.792 milliseconds in repetition 21
 ... sending message 22
Round trip time was 196.343 milliseconds in repetition 22
 ... sending message 23

 ... received 0 bytes instead of 32768 (lost count = 1); re-trying ...
 ... re-trying ...
 ... sending message 23
Round trip time was 152.252 milliseconds in repetition 23
 ... sending message 24
Round trip time was 110.068 milliseconds in repetition 24
 ... sending message 25
Round trip time was 144.199 milliseconds in repetition 25
 ... sending message 26
Round trip time was 151.170 milliseconds in repetition 26
 ... sending message 27
Round trip time was 130.711 milliseconds in repetition 27
 ... sending message 28
Round trip time was 134.029 milliseconds in repetition 28
 ... sending message 29
Round trip time was 120.149 milliseconds in repetition 29
 ... sending message 30
Round trip time was 143.033 milliseconds in repetition 30
 ... sending message 31
Round trip time was 121.044 milliseconds in repetition 31
 ... sending message 32
Round trip time was 139.987 milliseconds in repetition 32
 ... sending message 33
Round trip time was 139.490 milliseconds in repetition 33
 ... sending message 34
Round trip time was 161.762 milliseconds in repetition 34
 ... sending message 35
Round trip time was 133.863 milliseconds in repetition 35
 ... sending message 36
Round trip time was 111.143 milliseconds in repetition 36
 ... sending message 37
Round trip time was 172.971 milliseconds in repetition 37
 ... sending message 38
Round trip time was 177.884 milliseconds in repetition 38
 ... sending message 39
Round trip time was 112.586 milliseconds in repetition 39
 ... sending message 40
Round trip time was 131.296 milliseconds in repetition 40
 ... sending message 41
Round trip time was 133.883 milliseconds in repetition 41
 ... sending message 42

 ... received 0 bytes instead of 32768 (lost count = 1); re-trying ...
 ... re-trying ...
 ... sending message 42
Round trip time was 138.495 milliseconds in repetition 42
 ... sending message 43
Round trip time was 130.256 milliseconds in repetition 43
 ... sending message 44
Round trip time was 120.029 milliseconds in repetition 44
 ... sending message 45
Round trip time was 127.074 milliseconds in repetition 45
 ... sending message 46
Round trip time was 128.840 milliseconds in repetition 46
 ... sending message 47
Round trip time was 165.168 milliseconds in repetition 47
 ... sending message 48

 ... received 0 bytes instead of 32768 (lost count = 1); re-trying ...
 ... re-trying ...
 ... sending message 48
Round trip time was 164.796 milliseconds in repetition 48
 ... sending message 49
Round trip time was 137.774 milliseconds in repetition 49
 ... sending message 50
Round trip time was 163.806 milliseconds in repetition 50
 ... sending message 51
Round trip time was 138.405 milliseconds in repetition 51
 ... sending message 52
Round trip time was 152.494 milliseconds in repetition 52
 ... sending message 53
Round trip time was 140.799 milliseconds in repetition 53
 ... sending message 54
Round trip time was 142.772 milliseconds in repetition 54
 ... sending message 55
Round trip time was 172.267 milliseconds in repetition 55
 ... sending message 56
Round trip time was 138.596 milliseconds in repetition 56
 ... sending message 57
Round trip time was 195.533 milliseconds in repetition 57
 ... sending message 58
Round trip time was 166.650 milliseconds in repetition 58
 ... sending message 59
Round trip time was 146.288 milliseconds in repetition 59
 ... sending message 60
Round trip time was 252.931 milliseconds in repetition 60
 ... sending message 61
Round trip time was 139.245 milliseconds in repetition 61
 ... sending message 62
Round trip time was 146.491 milliseconds in repetition 62
 ... sending message 63
Round trip time was 120.335 milliseconds in repetition 63
 ... sending message 64
Round trip time was 142.219 milliseconds in repetition 64
 ... sending message 65
Round trip time was 285.387 milliseconds in repetition 65
 ... sending message 66

 ... received 0 bytes instead of 32768 (lost count = 1); re-trying ...
 ... re-trying ...
 ... sending message 66
Round trip time was 397.392 milliseconds in repetition 66
 ... sending message 67
Round trip time was 244.540 milliseconds in repetition 67
 ... sending message 68
Round trip time was 385.796 milliseconds in repetition 68
 ... sending message 69
Round trip time was 218.537 milliseconds in repetition 69
 ... sending message 70
Round trip time was 195.627 milliseconds in repetition 70
 ... sending message 71
Round trip time was 205.290 milliseconds in repetition 71
 ... sending message 72
Round trip time was 211.275 milliseconds in repetition 72
 ... sending message 73
Round trip time was 199.644 milliseconds in repetition 73
 ... sending message 74
Round trip time was 222.964 milliseconds in repetition 74
 ... sending message 75
Round trip time was 194.770 milliseconds in repetition 75
 ... sending message 76

 ... received 0 bytes instead of 32768 (lost count = 1); re-trying ...
 ... re-trying ...
 ... sending message 76
Round trip time was 351.278 milliseconds in repetition 76
 ... sending message 77
Round trip time was 205.561 milliseconds in repetition 77
 ... sending message 78
Round trip time was 204.842 milliseconds in repetition 78
 ... sending message 79
Round trip time was 205.268 milliseconds in repetition 79
 ... sending message 80
Round trip time was 220.316 milliseconds in repetition 80
 ... sending message 81
Round trip time was 194.344 milliseconds in repetition 81
 ... sending message 82
Round trip time was 115.083 milliseconds in repetition 82
 ... sending message 83
Round trip time was 140.268 milliseconds in repetition 83
 ... sending message 84
Round trip time was 136.439 milliseconds in repetition 84
 ... sending message 85
Round trip time was 158.080 milliseconds in repetition 85
 ... sending message 86
Round trip time was 123.263 milliseconds in repetition 86
 ... sending message 87
Round trip time was 157.362 milliseconds in repetition 87
 ... sending message 88
Round trip time was 150.828 milliseconds in repetition 88
 ... sending message 89
Round trip time was 184.615 milliseconds in repetition 89
 ... sending message 90
Round trip time was 261.623 milliseconds in repetition 90
 ... sending message 91
Round trip time was 170.123 milliseconds in repetition 91
 ... sending message 92
Round trip time was 178.312 milliseconds in repetition 92
 ... sending message 93
Round trip time was 161.559 milliseconds in repetition 93
 ... sending message 94
Round trip time was 162.500 milliseconds in repetition 94
 ... sending message 95
Round trip time was 145.872 milliseconds in repetition 95
 ... sending message 96

 ... received 0 bytes instead of 32768 (lost count = 1); re-trying ...
 ... re-trying ...
 ... sending message 96
Round trip time was 206.268 milliseconds in repetition 96
 ... sending message 97
Round trip time was 135.670 milliseconds in repetition 97
 ... sending message 98
Round trip time was 206.180 milliseconds in repetition 98
 ... sending message 99
Round trip time was 177.922 milliseconds in repetition 99
 ... sending message 100
Round trip time was 230.806 milliseconds in repetition 100
 ... sending message 101

 ... received 0 bytes instead of 32768 (lost count = 1); re-trying ...
 ... re-trying ...
 ... sending message 101
Round trip time was 352.338 milliseconds in repetition 101
 ... sending message 102
Round trip time was 256.290 milliseconds in repetition 102
 ... sending message 103
Round trip time was 213.702 milliseconds in repetition 103
 ... sending message 104
Round trip time was 217.293 milliseconds in repetition 104
 ... sending message 105
Round trip time was 200.528 milliseconds in repetition 105
 ... sending message 106
Round trip time was 209.924 milliseconds in repetition 106
 ... sending message 107
Round trip time was 203.132 milliseconds in repetition 107
 ... sending message 108
Round trip time was 202.854 milliseconds in repetition 108
 ... sending message 109

 ... received 0 bytes instead of 32768 (lost count = 1); re-trying ...
 ... re-trying ...
 ... sending message 109
Round trip time was 367.115 milliseconds in repetition 109
 ... sending message 110
Round trip time was 193.848 milliseconds in repetition 110
 ... sending message 111
Round trip time was 210.282 milliseconds in repetition 111
 ... sending message 112
Round trip time was 200.589 milliseconds in repetition 112
 ... sending message 113
Round trip time was 205.315 milliseconds in repetition 113
 ... sending message 114
Round trip time was 205.680 milliseconds in repetition 114
 ... sending message 115
Round trip time was 205.220 milliseconds in repetition 115
 ... sending message 116
Round trip time was 207.364 milliseconds in repetition 116
 ... sending message 117
Round trip time was 213.959 milliseconds in repetition 117
 ... sending message 118
Round trip time was 205.372 milliseconds in repetition 118
 ... sending message 119
Round trip time was 121.622 milliseconds in repetition 119
 ... sending message 120
Round trip time was 124.103 milliseconds in repetition 120
 ... sending message 121

 ... received 0 bytes instead of 32768 (lost count = 1); re-trying ...
 ... re-trying ...
 ... sending message 121
Round trip time was 431.923 milliseconds in repetition 121
 ... sending message 122
Round trip time was 164.197 milliseconds in repetition 122
 ... sending message 123
Round trip time was 138.673 milliseconds in repetition 123
 ... sending message 124
Round trip time was 173.869 milliseconds in repetition 124
 ... sending message 125
Round trip time was 161.748 milliseconds in repetition 125
 ... sending message 126
Round trip time was 135.409 milliseconds in repetition 126
 ... sending message 127
Round trip time was 169.957 milliseconds in repetition 127
 ... sending message 128
Round trip time was 134.933 milliseconds in repetition 128
 ... sending message 129
Round trip time was 147.246 milliseconds in repetition 129
 ... sending message 130
Round trip time was 176.642 milliseconds in repetition 130
 ... sending message 131
Round trip time was 168.208 milliseconds in repetition 131
 ... sending message 132
Round trip time was 188.033 milliseconds in repetition 132
 ... sending message 133
Round trip time was 195.897 milliseconds in repetition 133
 ... sending message 134

 ... received 0 bytes instead of 32768 (lost count = 1); re-trying ...
 ... re-trying ...
 ... sending message 134
Round trip time was 359.130 milliseconds in repetition 134
 ... sending message 135
Round trip time was 230.902 milliseconds in repetition 135
 ... sending message 136
Round trip time was 194.956 milliseconds in repetition 136
 ... sending message 137
Round trip time was 205.296 milliseconds in repetition 137
 ... sending message 138
Round trip time was 205.809 milliseconds in repetition 138
 ... sending message 139
Round trip time was 205.330 milliseconds in repetition 139
 ... sending message 140
Round trip time was 204.835 milliseconds in repetition 140
 ... sending message 141
Round trip time was 204.681 milliseconds in repetition 141
 ... sending message 142
Round trip time was 214.297 milliseconds in repetition 142
 ... sending message 143
Round trip time was 218.146 milliseconds in repetition 143
 ... sending message 144
Round trip time was 192.043 milliseconds in repetition 144
 ... sending message 145
Round trip time was 206.483 milliseconds in repetition 145
 ... sending message 146
Round trip time was 205.378 milliseconds in repetition 146
 ... sending message 147
Round trip time was 212.454 milliseconds in repetition 147
 ... sending message 148
Round trip time was 219.705 milliseconds in repetition 148
 ... sending message 149

 ... received 0 bytes instead of 32768 (lost count = 1); re-trying ...
 ... re-trying ...
 ... sending message 149
Round trip time was 347.137 milliseconds in repetition 149
 ... sending message 150
Round trip time was 194.762 milliseconds in repetition 150
 ... sending message 151
Round trip time was 137.944 milliseconds in repetition 151

 ... clock resolution was 1e-06 h_min=110.068,  h_max=431.923, h_incr=16.0927
     rtt[0]=110.068
     rtt[1]=111.143
     rtt[2]=112.586
     rtt[3]=115.083
     rtt[4]=120.029
     rtt[5]=120.149
     rtt[6]=120.335
     rtt[7]=121.044
     rtt[8]=121.602
     rtt[9]=121.622
     rtt[10]=123.263
     rtt[11]=124.103
     rtt[12]=127.074
     rtt[13]=128.84
     rtt[14]=130.256
     rtt[15]=130.515
     rtt[16]=130.711
     rtt[17]=131.179
     rtt[18]=131.296
     rtt[19]=133.863
     rtt[20]=133.883
     rtt[21]=134.029
     rtt[22]=134.933
     rtt[23]=135.409
     rtt[24]=135.67
     rtt[25]=136.439
     rtt[26]=137.774
     rtt[27]=137.944
     rtt[28]=138.405
     rtt[29]=138.495
     rtt[30]=138.596
     rtt[31]=138.673
     rtt[32]=139.245
     rtt[33]=139.49
     rtt[34]=139.987
     rtt[35]=140.268
     rtt[36]=140.799
     rtt[37]=142.219
     rtt[38]=142.772
     rtt[39]=143.033
     rtt[40]=143.484
     rtt[41]=144.199
     rtt[42]=144.526
     rtt[43]=145.872
     rtt[44]=146.288
     rtt[45]=146.491
     rtt[46]=147.246
     rtt[47]=150.828
     rtt[48]=151.17
     rtt[49]=151.494
     rtt[50]=152.252
     rtt[51]=152.494
     rtt[52]=154.539
     rtt[53]=155.137
     rtt[54]=157.362
     rtt[55]=158.08
     rtt[56]=161.559
     rtt[57]=161.748
     rtt[58]=161.762
     rtt[59]=162.5
     rtt[60]=163.806
     rtt[61]=164.197
     rtt[62]=164.796
     rtt[63]=165.168
     rtt[64]=166.65
     rtt[65]=168.208
     rtt[66]=169.262
     rtt[67]=169.957
     rtt[68]=170.123
     rtt[69]=172.267
     rtt[70]=172.944
     rtt[71]=172.971
     rtt[72]=173.869
     rtt[73]=176.642
     rtt[74]=177.884
     rtt[75]=177.922
     rtt[76]=178.312
     rtt[77]=184.615
     rtt[78]=188.033
     rtt[79]=192.043
     rtt[80]=193.848
     rtt[81]=194.344
     rtt[82]=194.762
     rtt[83]=194.77
     rtt[84]=194.956
     rtt[85]=195.533
     rtt[86]=195.627
     rtt[87]=195.897
     rtt[88]=196.286
     rtt[89]=196.343
     rtt[90]=197.613
     rtt[91]=198.818
     rtt[92]=199.644
     rtt[93]=200.528
     rtt[94]=200.589
     rtt[95]=202.854
     rtt[96]=203.132
     rtt[97]=204.681
     rtt[98]=204.803
     rtt[99]=204.835
     rtt[100]=204.842
     rtt[101]=205.22
     rtt[102]=205.268
     rtt[103]=205.29
     rtt[104]=205.296
     rtt[105]=205.315
     rtt[106]=205.33
     rtt[107]=205.372
     rtt[108]=205.378
     rtt[109]=205.561
     rtt[110]=205.68
     rtt[111]=205.809
     rtt[112]=206.148
     rtt[113]=206.18
     rtt[114]=206.268
     rtt[115]=206.483
     rtt[116]=207.364
     rtt[117]=207.965
     rtt[118]=209.924
     rtt[119]=210.052
     rtt[120]=210.282
     rtt[121]=211.275
     rtt[122]=212.454
     rtt[123]=213.049
     rtt[124]=213.702
     rtt[125]=213.959
     rtt[126]=214.297
     rtt[127]=217.293
     rtt[128]=218.146
     rtt[129]=218.537
     rtt[130]=219.705
     rtt[131]=220.316
     rtt[132]=222.964
     rtt[133]=230.806
     rtt[134]=230.902
     rtt[135]=244.54
     rtt[136]=252.931
     rtt[137]=256.29
     rtt[138]=261.623
     rtt[139]=285.387
     rtt[140]=347.137
     rtt[141]=348.974
     rtt[142]=351.278
     rtt[143]=352.338
     rtt[144]=359.13
     rtt[145]=367.115
     rtt[146]=385.796
     rtt[147]=397.392
     rtt[148]=398.792
     rtt[149]=417.115
     rtt[150]=431.923

UDP Ping:  Statistics over 151 repetitions of 32768 byte messages

RTT : percentile 10: 130.515, median: 177.922, percentile 90: 244.54, average: 189.216, variance: 4141.38

RTT histogram:
110.068 4
126.161 18
142.254 25
158.347 17
174.439 13
190.532 14
206.625 36
222.717 6
238.81 3
254.903 3
270.996 0
287.088 1
303.181 0
319.274 0
335.367 0
351.459 5
367.552 1
383.645 1
399.737 2
415.83 1
431.923 1

   median Throughput : 368.341 KB/s   overall Throughput : 346.356 KB/s

