UDP Ping trying to connect to server webdev.dibris.unige.it (130.251.61.30) on TCP port 1491
 ... connected to Pong server: asking for 151 repetitions of 64 _bytes UDP messages
 ... Pong server agreed to ping-pong using port 62831 :-)
 ... about to connect socket 3 to IP address 130.251.61.30, port 62831
 ... sending message 1
Round trip time was 52.403 milliseconds in repetition 1
 ... sending message 2
Round trip time was 78.150 milliseconds in repetition 2
 ... sending message 3
Round trip time was 65.978 milliseconds in repetition 3
 ... sending message 4
Round trip time was 68.006 milliseconds in repetition 4
 ... sending message 5
Round trip time was 56.137 milliseconds in repetition 5
 ... sending message 6
Round trip time was 51.793 milliseconds in repetition 6
 ... sending message 7
Round trip time was 65.575 milliseconds in repetition 7
 ... sending message 8
Round trip time was 66.587 milliseconds in repetition 8
 ... sending message 9
Round trip time was 67.064 milliseconds in repetition 9
 ... sending message 10
Round trip time was 60.904 milliseconds in repetition 10
 ... sending message 11
Round trip time was 52.091 milliseconds in repetition 11
 ... sending message 12
Round trip time was 69.565 milliseconds in repetition 12
 ... sending message 13
Round trip time was 50.198 milliseconds in repetition 13
 ... sending message 14
Round trip time was 60.039 milliseconds in repetition 14
 ... sending message 15
Round trip time was 68.995 milliseconds in repetition 15
 ... sending message 16
Round trip time was 59.059 milliseconds in repetition 16
 ... sending message 17
Round trip time was 51.981 milliseconds in repetition 17
 ... sending message 18
Round trip time was 60.071 milliseconds in repetition 18
 ... sending message 19
Round trip time was 67.870 milliseconds in repetition 19
 ... sending message 20
Round trip time was 51.967 milliseconds in repetition 20
 ... sending message 21
Round trip time was 63.969 milliseconds in repetition 21
 ... sending message 22
Round trip time was 57.197 milliseconds in repetition 22
 ... sending message 23
Round trip time was 59.001 milliseconds in repetition 23
 ... sending message 24
Round trip time was 59.775 milliseconds in repetition 24
 ... sending message 25
Round trip time was 60.051 milliseconds in repetition 25
 ... sending message 26
Round trip time was 60.058 milliseconds in repetition 26
 ... sending message 27
Round trip time was 59.964 milliseconds in repetition 27
 ... sending message 28
Round trip time was 60.065 milliseconds in repetition 28
 ... sending message 29
Round trip time was 60.085 milliseconds in repetition 29
 ... sending message 30
Round trip time was 59.725 milliseconds in repetition 30
 ... sending message 31
Round trip time was 60.176 milliseconds in repetition 31
 ... sending message 32
Round trip time was 68.025 milliseconds in repetition 32
 ... sending message 33
Round trip time was 52.664 milliseconds in repetition 33
 ... sending message 34
Round trip time was 66.983 milliseconds in repetition 34
 ... sending message 35
Round trip time was 52.190 milliseconds in repetition 35
 ... sending message 36
Round trip time was 55.995 milliseconds in repetition 36
 ... sending message 37
Round trip time was 64.011 milliseconds in repetition 37
 ... sending message 38
Round trip time was 76.171 milliseconds in repetition 38
 ... sending message 39
Round trip time was 55.879 milliseconds in repetition 39
 ... sending message 40
Round trip time was 55.848 milliseconds in repetition 40
 ... sending message 41
Round trip time was 90.579 milliseconds in repetition 41
 ... sending message 42
Round trip time was 62.049 milliseconds in repetition 42
 ... sending message 43
Round trip time was 55.657 milliseconds in repetition 43
 ... sending message 44
Round trip time was 51.761 milliseconds in repetition 44
 ... sending message 45
Round trip time was 60.151 milliseconds in repetition 45
 ... sending message 46
Round trip time was 71.570 milliseconds in repetition 46
 ... sending message 47
Round trip time was 48.274 milliseconds in repetition 47
 ... sending message 48
Round trip time was 60.035 milliseconds in repetition 48
 ... sending message 49
Round trip time was 72.019 milliseconds in repetition 49
 ... sending message 50
Round trip time was 65.368 milliseconds in repetition 50
 ... sending message 51
Round trip time was 56.026 milliseconds in repetition 51
 ... sending message 52
Round trip time was 54.637 milliseconds in repetition 52
 ... sending message 53
Round trip time was 53.413 milliseconds in repetition 53
 ... sending message 54
Round trip time was 72.582 milliseconds in repetition 54
 ... sending message 55
Round trip time was 65.753 milliseconds in repetition 55
 ... sending message 56
Round trip time was 52.061 milliseconds in repetition 56
 ... sending message 57
Round trip time was 60.115 milliseconds in repetition 57
 ... sending message 58
Round trip time was 59.850 milliseconds in repetition 58
 ... sending message 59
Round trip time was 68.414 milliseconds in repetition 59
 ... sending message 60
Round trip time was 51.662 milliseconds in repetition 60
 ... sending message 61
Round trip time was 67.953 milliseconds in repetition 61
 ... sending message 62
Round trip time was 52.106 milliseconds in repetition 62
 ... sending message 63
Round trip time was 60.257 milliseconds in repetition 63
 ... sending message 64
Round trip time was 59.750 milliseconds in repetition 64
 ... sending message 65
Round trip time was 59.841 milliseconds in repetition 65
 ... sending message 66
Round trip time was 59.988 milliseconds in repetition 66
 ... sending message 67
Round trip time was 60.256 milliseconds in repetition 67
 ... sending message 68
Round trip time was 59.970 milliseconds in repetition 68
 ... sending message 69
Round trip time was 59.919 milliseconds in repetition 69
 ... sending message 70
Round trip time was 59.852 milliseconds in repetition 70
 ... sending message 71
Round trip time was 59.822 milliseconds in repetition 71
 ... sending message 72
Round trip time was 60.218 milliseconds in repetition 72
 ... sending message 73
Round trip time was 59.949 milliseconds in repetition 73
 ... sending message 74
Round trip time was 60.049 milliseconds in repetition 74
 ... sending message 75
Round trip time was 77.528 milliseconds in repetition 75
 ... sending message 76
Round trip time was 70.756 milliseconds in repetition 76
 ... sending message 77
Round trip time was 59.644 milliseconds in repetition 77
 ... sending message 78
Round trip time was 51.994 milliseconds in repetition 78
 ... sending message 79
Round trip time was 59.891 milliseconds in repetition 79
 ... sending message 80
Round trip time was 89.767 milliseconds in repetition 80
 ... sending message 81
Round trip time was 66.324 milliseconds in repetition 81
 ... sending message 82
Round trip time was 52.438 milliseconds in repetition 82
 ... sending message 83
Round trip time was 64.352 milliseconds in repetition 83
 ... sending message 84
Round trip time was 67.396 milliseconds in repetition 84
 ... sending message 85
Round trip time was 71.981 milliseconds in repetition 85
 ... sending message 86
Round trip time was 63.724 milliseconds in repetition 86
 ... sending message 87
Round trip time was 84.122 milliseconds in repetition 87
 ... sending message 88
Round trip time was 68.133 milliseconds in repetition 88
 ... sending message 89
Round trip time was 63.830 milliseconds in repetition 89
 ... sending message 90
Round trip time was 59.956 milliseconds in repetition 90
 ... sending message 91
Round trip time was 60.357 milliseconds in repetition 91
 ... sending message 92
Round trip time was 55.647 milliseconds in repetition 92
 ... sending message 93
Round trip time was 60.559 milliseconds in repetition 93
 ... sending message 94
Round trip time was 59.742 milliseconds in repetition 94
 ... sending message 95
Round trip time was 63.692 milliseconds in repetition 95
 ... sending message 96
Round trip time was 60.151 milliseconds in repetition 96
 ... sending message 97
Round trip time was 56.430 milliseconds in repetition 97
 ... sending message 98
Round trip time was 59.778 milliseconds in repetition 98
 ... sending message 99
Round trip time was 60.884 milliseconds in repetition 99
 ... sending message 100
Round trip time was 59.473 milliseconds in repetition 100
 ... sending message 101
Round trip time was 63.436 milliseconds in repetition 101
 ... sending message 102
Round trip time was 55.807 milliseconds in repetition 102
 ... sending message 103
Round trip time was 64.143 milliseconds in repetition 103
 ... sending message 104
Round trip time was 56.849 milliseconds in repetition 104
 ... sending message 105
Round trip time was 59.084 milliseconds in repetition 105
 ... sending message 106
Round trip time was 64.091 milliseconds in repetition 106
 ... sending message 107
Round trip time was 56.140 milliseconds in repetition 107
 ... sending message 108
Round trip time was 59.868 milliseconds in repetition 108
 ... sending message 109
Round trip time was 68.086 milliseconds in repetition 109
 ... sending message 110
Round trip time was 71.703 milliseconds in repetition 110
 ... sending message 111
Round trip time was 51.931 milliseconds in repetition 111
 ... sending message 112
Round trip time was 60.209 milliseconds in repetition 112
 ... sending message 113
Round trip time was 59.812 milliseconds in repetition 113
 ... sending message 114
Round trip time was 60.309 milliseconds in repetition 114
 ... sending message 115
Round trip time was 64.316 milliseconds in repetition 115
 ... sending message 116
Round trip time was 63.743 milliseconds in repetition 116
 ... sending message 117
Round trip time was 52.317 milliseconds in repetition 117
 ... sending message 118
Round trip time was 59.978 milliseconds in repetition 118
 ... sending message 119
Round trip time was 59.319 milliseconds in repetition 119
 ... sending message 120
Round trip time was 99.791 milliseconds in repetition 120
 ... sending message 121
Round trip time was 102.716 milliseconds in repetition 121
 ... sending message 122
Round trip time was 113.171 milliseconds in repetition 122
 ... sending message 123
Round trip time was 92.019 milliseconds in repetition 123
 ... sending message 124
Round trip time was 64.963 milliseconds in repetition 124
 ... sending message 125
Round trip time was 59.473 milliseconds in repetition 125
 ... sending message 126
Round trip time was 80.752 milliseconds in repetition 126
 ... sending message 127
Round trip time was 102.262 milliseconds in repetition 127
 ... sending message 128
Round trip time was 101.446 milliseconds in repetition 128
 ... sending message 129
Round trip time was 104.066 milliseconds in repetition 129
 ... sending message 130
Round trip time was 100.705 milliseconds in repetition 130
 ... sending message 131
Round trip time was 206.440 milliseconds in repetition 131
 ... sending message 132
Round trip time was 205.318 milliseconds in repetition 132
 ... sending message 133
Round trip time was 67.598 milliseconds in repetition 133
 ... sending message 134
Round trip time was 189.141 milliseconds in repetition 134
 ... sending message 135
Round trip time was 226.728 milliseconds in repetition 135
 ... sending message 136
Round trip time was 205.516 milliseconds in repetition 136
 ... sending message 137
Round trip time was 257.550 milliseconds in repetition 137
 ... sending message 138
Round trip time was 362.460 milliseconds in repetition 138
 ... sending message 139
Round trip time was 213.956 milliseconds in repetition 139
 ... sending message 140
Round trip time was 196.973 milliseconds in repetition 140
 ... sending message 141
Round trip time was 205.437 milliseconds in repetition 141
 ... sending message 142
Round trip time was 205.407 milliseconds in repetition 142
 ... sending message 143
Round trip time was 213.534 milliseconds in repetition 143
 ... sending message 144

 ... received 0 bytes instead of 64 (lost count = 1); re-trying ...
 ... re-trying ...
 ... sending message 144
Round trip time was 570.098 milliseconds in repetition 144
 ... sending message 145
Round trip time was 200.502 milliseconds in repetition 145
 ... sending message 146
Round trip time was 205.427 milliseconds in repetition 146
 ... sending message 147
Round trip time was 205.417 milliseconds in repetition 147
 ... sending message 148
Round trip time was 205.451 milliseconds in repetition 148
 ... sending message 149
Round trip time was 73.534 milliseconds in repetition 149
 ... sending message 150
Round trip time was 51.845 milliseconds in repetition 150
 ... sending message 151
Round trip time was 64.151 milliseconds in repetition 151

 ... clock resolution was 1e-06 h_min=48.2738,  h_max=570.098, h_incr=26.0912
     rtt[0]=48.2738
     rtt[1]=50.1978
     rtt[2]=51.6616
     rtt[3]=51.7611
     rtt[4]=51.7934
     rtt[5]=51.8449
     rtt[6]=51.931
     rtt[7]=51.9669
     rtt[8]=51.9814
     rtt[9]=51.9941
     rtt[10]=52.0607
     rtt[11]=52.0914
     rtt[12]=52.1056
     rtt[13]=52.1902
     rtt[14]=52.3166
     rtt[15]=52.4029
     rtt[16]=52.4384
     rtt[17]=52.6642
     rtt[18]=53.4126
     rtt[19]=54.6369
     rtt[20]=55.6471
     rtt[21]=55.6574
     rtt[22]=55.8072
     rtt[23]=55.848
     rtt[24]=55.8794
     rtt[25]=55.9945
     rtt[26]=56.0261
     rtt[27]=56.1368
     rtt[28]=56.14
     rtt[29]=56.4299
     rtt[30]=56.8486
     rtt[31]=57.1971
     rtt[32]=59.0008
     rtt[33]=59.0585
     rtt[34]=59.0842
     rtt[35]=59.3191
     rtt[36]=59.4727
     rtt[37]=59.4729
     rtt[38]=59.6441
     rtt[39]=59.7246
     rtt[40]=59.7419
     rtt[41]=59.7497
     rtt[42]=59.7754
     rtt[43]=59.7781
     rtt[44]=59.8124
     rtt[45]=59.8219
     rtt[46]=59.8407
     rtt[47]=59.8503
     rtt[48]=59.8515
     rtt[49]=59.8676
     rtt[50]=59.8915
     rtt[51]=59.9189
     rtt[52]=59.9495
     rtt[53]=59.9563
     rtt[54]=59.9638
     rtt[55]=59.9697
     rtt[56]=59.9785
     rtt[57]=59.9884
     rtt[58]=60.0347
     rtt[59]=60.0388
     rtt[60]=60.0492
     rtt[61]=60.0511
     rtt[62]=60.0584
     rtt[63]=60.0654
     rtt[64]=60.0708
     rtt[65]=60.0847
     rtt[66]=60.1154
     rtt[67]=60.1513
     rtt[68]=60.1515
     rtt[69]=60.1757
     rtt[70]=60.209
     rtt[71]=60.2184
     rtt[72]=60.2564
     rtt[73]=60.2572
     rtt[74]=60.3089
     rtt[75]=60.3572
     rtt[76]=60.5593
     rtt[77]=60.8845
     rtt[78]=60.9039
     rtt[79]=62.0487
     rtt[80]=63.4356
     rtt[81]=63.6923
     rtt[82]=63.7236
     rtt[83]=63.7426
     rtt[84]=63.8297
     rtt[85]=63.9687
     rtt[86]=64.0112
     rtt[87]=64.0914
     rtt[88]=64.1426
     rtt[89]=64.1511
     rtt[90]=64.3159
     rtt[91]=64.352
     rtt[92]=64.9633
     rtt[93]=65.3678
     rtt[94]=65.5751
     rtt[95]=65.7532
     rtt[96]=65.978
     rtt[97]=66.3241
     rtt[98]=66.5871
     rtt[99]=66.9831
     rtt[100]=67.0643
     rtt[101]=67.3961
     rtt[102]=67.5981
     rtt[103]=67.8699
     rtt[104]=67.9527
     rtt[105]=68.0061
     rtt[106]=68.025
     rtt[107]=68.0857
     rtt[108]=68.1326
     rtt[109]=68.4138
     rtt[110]=68.995
     rtt[111]=69.5652
     rtt[112]=70.7561
     rtt[113]=71.5705
     rtt[114]=71.7029
     rtt[115]=71.9811
     rtt[116]=72.0194
     rtt[117]=72.5825
     rtt[118]=73.5338
     rtt[119]=76.1706
     rtt[120]=77.5276
     rtt[121]=78.1505
     rtt[122]=80.7522
     rtt[123]=84.1219
     rtt[124]=89.7673
     rtt[125]=90.5793
     rtt[126]=92.0194
     rtt[127]=99.7912
     rtt[128]=100.705
     rtt[129]=101.446
     rtt[130]=102.262
     rtt[131]=102.716
     rtt[132]=104.066
     rtt[133]=113.171
     rtt[134]=189.141
     rtt[135]=196.973
     rtt[136]=200.502
     rtt[137]=205.318
     rtt[138]=205.407
     rtt[139]=205.417
     rtt[140]=205.427
     rtt[141]=205.437
     rtt[142]=205.451
     rtt[143]=205.516
     rtt[144]=206.44
     rtt[145]=213.534
     rtt[146]=213.956
     rtt[147]=226.728
     rtt[148]=257.55
     rtt[149]=362.46
     rtt[150]=570.098

UDP Ping:  Statistics over 151 repetitions of 64 byte messages

RTT : percentile 10: 52.4029, median: 60.3572, percentile 90: 196.973, average: 83.9583, variance: 4171

RTT histogram:
48.2738 79
74.365 45
100.456 10
126.547 0
152.639 0
178.73 1
204.821 12
230.912 1
257.004 1
283.095 0
309.186 0
335.277 0
361.368 1
387.46 0
413.551 0
439.642 0
465.733 0
491.825 0
517.916 0
544.007 0
570.098 1

   median Throughput : 2.12071 KB/s   overall Throughput : 1.52457 KB/s

