UDP Ping trying to connect to server webdev.dibris.unige.it (130.251.61.30) on TCP port 1491
 ... connected to Pong server: asking for 151 repetitions of 96 _bytes UDP messages
 ... Pong server agreed to ping-pong using port 62831 :-)
 ... about to connect socket 3 to IP address 130.251.61.30, port 62831
 ... sending message 1
Round trip time was 56.770 milliseconds in repetition 1
 ... sending message 2
Round trip time was 80.044 milliseconds in repetition 2
 ... sending message 3
Round trip time was 76.160 milliseconds in repetition 3
 ... sending message 4
Round trip time was 51.828 milliseconds in repetition 4
 ... sending message 5
Round trip time was 60.162 milliseconds in repetition 5
 ... sending message 6
Round trip time was 59.983 milliseconds in repetition 6
 ... sending message 7
Round trip time was 74.096 milliseconds in repetition 7
 ... sending message 8
Round trip time was 57.741 milliseconds in repetition 8
 ... sending message 9
Round trip time was 60.478 milliseconds in repetition 9
 ... sending message 10
Round trip time was 67.616 milliseconds in repetition 10
 ... sending message 11
Round trip time was 90.030 milliseconds in repetition 11
 ... sending message 12
Round trip time was 61.784 milliseconds in repetition 12
 ... sending message 13
Round trip time was 68.038 milliseconds in repetition 13
 ... sending message 14
Round trip time was 60.140 milliseconds in repetition 14
 ... sending message 15
Round trip time was 63.153 milliseconds in repetition 15
 ... sending message 16
Round trip time was 56.957 milliseconds in repetition 16
 ... sending message 17
Round trip time was 59.798 milliseconds in repetition 17
 ... sending message 18
Round trip time was 59.954 milliseconds in repetition 18
 ... sending message 19
Round trip time was 60.150 milliseconds in repetition 19
 ... sending message 20
Round trip time was 59.867 milliseconds in repetition 20
 ... sending message 21
Round trip time was 60.075 milliseconds in repetition 21
 ... sending message 22
Round trip time was 59.765 milliseconds in repetition 22
 ... sending message 23
Round trip time was 53.801 milliseconds in repetition 23
 ... sending message 24
Round trip time was 54.370 milliseconds in repetition 24
 ... sending message 25
Round trip time was 60.207 milliseconds in repetition 25
 ... sending message 26
Round trip time was 59.989 milliseconds in repetition 26
 ... sending message 27
Round trip time was 61.034 milliseconds in repetition 27
 ... sending message 28
Round trip time was 66.943 milliseconds in repetition 28
 ... sending message 29
Round trip time was 59.942 milliseconds in repetition 29
 ... sending message 30
Round trip time was 57.181 milliseconds in repetition 30
 ... sending message 31
Round trip time was 58.530 milliseconds in repetition 31
 ... sending message 32
Round trip time was 68.006 milliseconds in repetition 32
 ... sending message 33
Round trip time was 56.029 milliseconds in repetition 33
 ... sending message 34
Round trip time was 53.387 milliseconds in repetition 34
 ... sending message 35
Round trip time was 62.930 milliseconds in repetition 35
 ... sending message 36
Round trip time was 67.686 milliseconds in repetition 36
 ... sending message 37
Round trip time was 64.111 milliseconds in repetition 37
 ... sending message 38
Round trip time was 55.763 milliseconds in repetition 38
 ... sending message 39
Round trip time was 83.410 milliseconds in repetition 39
 ... sending message 40
Round trip time was 144.753 milliseconds in repetition 40
 ... sending message 41
Round trip time was 52.018 milliseconds in repetition 41
 ... sending message 42
Round trip time was 59.835 milliseconds in repetition 42
 ... sending message 43
Round trip time was 60.188 milliseconds in repetition 43
 ... sending message 44
Round trip time was 67.864 milliseconds in repetition 44
 ... sending message 45
Round trip time was 52.016 milliseconds in repetition 45
 ... sending message 46
Round trip time was 60.043 milliseconds in repetition 46
 ... sending message 47
Round trip time was 63.060 milliseconds in repetition 47
 ... sending message 48
Round trip time was 56.859 milliseconds in repetition 48
 ... sending message 49
Round trip time was 64.135 milliseconds in repetition 49
 ... sending message 50
Round trip time was 63.872 milliseconds in repetition 50
 ... sending message 51
Round trip time was 52.092 milliseconds in repetition 51
 ... sending message 52
Round trip time was 59.815 milliseconds in repetition 52
 ... sending message 53
Round trip time was 59.940 milliseconds in repetition 53
 ... sending message 54
Round trip time was 60.089 milliseconds in repetition 54
 ... sending message 55
Round trip time was 68.027 milliseconds in repetition 55
 ... sending message 56
Round trip time was 54.216 milliseconds in repetition 56
 ... sending message 57
Round trip time was 57.782 milliseconds in repetition 57
 ... sending message 58
Round trip time was 59.976 milliseconds in repetition 58
 ... sending message 59
Round trip time was 59.975 milliseconds in repetition 59
 ... sending message 60
Round trip time was 60.088 milliseconds in repetition 60
 ... sending message 61
Round trip time was 79.955 milliseconds in repetition 61
 ... sending message 62
Round trip time was 59.949 milliseconds in repetition 62
 ... sending message 63
Round trip time was 59.882 milliseconds in repetition 63
 ... sending message 64
Round trip time was 64.040 milliseconds in repetition 64
 ... sending message 65
Round trip time was 55.835 milliseconds in repetition 65
 ... sending message 66
Round trip time was 68.547 milliseconds in repetition 66
 ... sending message 67
Round trip time was 51.925 milliseconds in repetition 67
 ... sending message 68
Round trip time was 59.721 milliseconds in repetition 68
 ... sending message 69
Round trip time was 60.128 milliseconds in repetition 69
 ... sending message 70
Round trip time was 59.813 milliseconds in repetition 70
 ... sending message 71
Round trip time was 72.733 milliseconds in repetition 71
 ... sending message 72
Round trip time was 87.359 milliseconds in repetition 72
 ... sending message 73
Round trip time was 80.525 milliseconds in repetition 73
 ... sending message 74
Round trip time was 59.298 milliseconds in repetition 74
 ... sending message 75
Round trip time was 56.214 milliseconds in repetition 75
 ... sending message 76
Round trip time was 51.892 milliseconds in repetition 76
 ... sending message 77
Round trip time was 59.905 milliseconds in repetition 77
 ... sending message 78
Round trip time was 71.403 milliseconds in repetition 78
 ... sending message 79
Round trip time was 56.570 milliseconds in repetition 79
 ... sending message 80
Round trip time was 55.986 milliseconds in repetition 80
 ... sending message 81
Round trip time was 56.055 milliseconds in repetition 81
 ... sending message 82
Round trip time was 68.194 milliseconds in repetition 82
 ... sending message 83
Round trip time was 61.879 milliseconds in repetition 83
 ... sending message 84
Round trip time was 49.903 milliseconds in repetition 84
 ... sending message 85
Round trip time was 59.933 milliseconds in repetition 85
 ... sending message 86
Round trip time was 60.071 milliseconds in repetition 86
 ... sending message 87
Round trip time was 64.037 milliseconds in repetition 87
 ... sending message 88
Round trip time was 64.740 milliseconds in repetition 88
 ... sending message 89
Round trip time was 53.527 milliseconds in repetition 89
 ... sending message 90
Round trip time was 94.711 milliseconds in repetition 90
 ... sending message 91
Round trip time was 102.355 milliseconds in repetition 91
 ... sending message 92
Round trip time was 102.413 milliseconds in repetition 92
 ... sending message 93
Round trip time was 102.405 milliseconds in repetition 93
 ... sending message 94
Round trip time was 69.691 milliseconds in repetition 94
 ... sending message 95
Round trip time was 74.191 milliseconds in repetition 95
 ... sending message 96
Round trip time was 64.682 milliseconds in repetition 96
 ... sending message 97
Round trip time was 99.028 milliseconds in repetition 97
 ... sending message 98
Round trip time was 103.569 milliseconds in repetition 98
 ... sending message 99
Round trip time was 120.743 milliseconds in repetition 99
 ... sending message 100
Round trip time was 82.378 milliseconds in repetition 100
 ... sending message 101
Round trip time was 221.544 milliseconds in repetition 101
 ... sending message 102
Round trip time was 209.617 milliseconds in repetition 102
 ... sending message 103
Round trip time was 62.762 milliseconds in repetition 103
 ... sending message 104
Round trip time was 174.158 milliseconds in repetition 104
 ... sending message 105
Round trip time was 213.402 milliseconds in repetition 105
 ... sending message 106
Round trip time was 213.411 milliseconds in repetition 106
 ... sending message 107
Round trip time was 227.542 milliseconds in repetition 107
 ... sending message 108
Round trip time was 185.283 milliseconds in repetition 108
 ... sending message 109
Round trip time was 205.539 milliseconds in repetition 109
 ... sending message 110
Round trip time was 206.482 milliseconds in repetition 110
 ... sending message 111
Round trip time was 205.142 milliseconds in repetition 111
 ... sending message 112
Round trip time was 205.425 milliseconds in repetition 112
 ... sending message 113
Round trip time was 205.360 milliseconds in repetition 113
 ... sending message 114
Round trip time was 205.444 milliseconds in repetition 114
 ... sending message 115

 ... received 0 bytes instead of 96 (lost count = 1); re-trying ...
 ... re-trying ...
 ... sending message 115
Round trip time was 568.961 milliseconds in repetition 115
 ... sending message 116
Round trip time was 202.443 milliseconds in repetition 116
 ... sending message 117
Round trip time was 205.490 milliseconds in repetition 117
 ... sending message 118
Round trip time was 205.573 milliseconds in repetition 118
 ... sending message 119
Round trip time was 205.259 milliseconds in repetition 119
 ... sending message 120
Round trip time was 65.267 milliseconds in repetition 120
 ... sending message 121
Round trip time was 62.984 milliseconds in repetition 121
 ... sending message 122
Round trip time was 55.865 milliseconds in repetition 122
 ... sending message 123
Round trip time was 60.284 milliseconds in repetition 123
 ... sending message 124
Round trip time was 59.867 milliseconds in repetition 124
 ... sending message 125
Round trip time was 59.834 milliseconds in repetition 125
 ... sending message 126
Round trip time was 60.175 milliseconds in repetition 126
 ... sending message 127
Round trip time was 59.925 milliseconds in repetition 127
 ... sending message 128
Round trip time was 48.014 milliseconds in repetition 128
 ... sending message 129
Round trip time was 52.812 milliseconds in repetition 129
 ... sending message 130
Round trip time was 51.548 milliseconds in repetition 130
 ... sending message 131
Round trip time was 55.813 milliseconds in repetition 131
 ... sending message 132
Round trip time was 80.943 milliseconds in repetition 132
 ... sending message 133
Round trip time was 50.945 milliseconds in repetition 133
 ... sending message 134
Round trip time was 60.119 milliseconds in repetition 134
 ... sending message 135
Round trip time was 85.184 milliseconds in repetition 135
 ... sending message 136
Round trip time was 66.680 milliseconds in repetition 136
 ... sending message 137
Round trip time was 72.194 milliseconds in repetition 137
 ... sending message 138
Round trip time was 55.937 milliseconds in repetition 138
 ... sending message 139
Round trip time was 59.910 milliseconds in repetition 139
 ... sending message 140
Round trip time was 60.112 milliseconds in repetition 140
 ... sending message 141
Round trip time was 87.613 milliseconds in repetition 141
 ... sending message 142
Round trip time was 60.282 milliseconds in repetition 142
 ... sending message 143
Round trip time was 60.039 milliseconds in repetition 143
 ... sending message 144
Round trip time was 55.272 milliseconds in repetition 144
 ... sending message 145
Round trip time was 56.894 milliseconds in repetition 145
 ... sending message 146
Round trip time was 66.374 milliseconds in repetition 146
 ... sending message 147
Round trip time was 53.581 milliseconds in repetition 147
 ... sending message 148
Round trip time was 67.654 milliseconds in repetition 148
 ... sending message 149
Round trip time was 62.235 milliseconds in repetition 149
 ... sending message 150
Round trip time was 50.018 milliseconds in repetition 150
 ... sending message 151
Round trip time was 65.039 milliseconds in repetition 151

 ... clock resolution was 1e-06 h_min=48.0143,  h_max=568.961, h_incr=26.0473
     rtt[0]=48.0143
     rtt[1]=49.9035
     rtt[2]=50.0182
     rtt[3]=50.9447
     rtt[4]=51.5484
     rtt[5]=51.8277
     rtt[6]=51.8923
     rtt[7]=51.9254
     rtt[8]=52.0164
     rtt[9]=52.0178
     rtt[10]=52.0922
     rtt[11]=52.812
     rtt[12]=53.3874
     rtt[13]=53.5272
     rtt[14]=53.5811
     rtt[15]=53.8008
     rtt[16]=54.2163
     rtt[17]=54.3699
     rtt[18]=55.2719
     rtt[19]=55.763
     rtt[20]=55.8126
     rtt[21]=55.8354
     rtt[22]=55.8654
     rtt[23]=55.9365
     rtt[24]=55.9862
     rtt[25]=56.0288
     rtt[26]=56.0551
     rtt[27]=56.2135
     rtt[28]=56.5698
     rtt[29]=56.7704
     rtt[30]=56.8594
     rtt[31]=56.8937
     rtt[32]=56.9574
     rtt[33]=57.1815
     rtt[34]=57.7411
     rtt[35]=57.7824
     rtt[36]=58.5298
     rtt[37]=59.2983
     rtt[38]=59.7211
     rtt[39]=59.7648
     rtt[40]=59.798
     rtt[41]=59.8135
     rtt[42]=59.8154
     rtt[43]=59.8338
     rtt[44]=59.8346
     rtt[45]=59.8671
     rtt[46]=59.8675
     rtt[47]=59.8822
     rtt[48]=59.905
     rtt[49]=59.9099
     rtt[50]=59.9254
     rtt[51]=59.9328
     rtt[52]=59.9401
     rtt[53]=59.9418
     rtt[54]=59.9491
     rtt[55]=59.9537
     rtt[56]=59.9749
     rtt[57]=59.976
     rtt[58]=59.9827
     rtt[59]=59.9889
     rtt[60]=60.0388
     rtt[61]=60.0431
     rtt[62]=60.071
     rtt[63]=60.0749
     rtt[64]=60.0884
     rtt[65]=60.0885
     rtt[66]=60.1117
     rtt[67]=60.1185
     rtt[68]=60.1283
     rtt[69]=60.1395
     rtt[70]=60.1503
     rtt[71]=60.162
     rtt[72]=60.1751
     rtt[73]=60.1882
     rtt[74]=60.2075
     rtt[75]=60.2823
     rtt[76]=60.2836
     rtt[77]=60.4783
     rtt[78]=61.0339
     rtt[79]=61.7838
     rtt[80]=61.8789
     rtt[81]=62.2353
     rtt[82]=62.7621
     rtt[83]=62.9301
     rtt[84]=62.9835
     rtt[85]=63.0598
     rtt[86]=63.1531
     rtt[87]=63.8716
     rtt[88]=64.0369
     rtt[89]=64.0402
     rtt[90]=64.1115
     rtt[91]=64.1351
     rtt[92]=64.6822
     rtt[93]=64.7403
     rtt[94]=65.0394
     rtt[95]=65.2671
     rtt[96]=66.3735
     rtt[97]=66.6803
     rtt[98]=66.9434
     rtt[99]=67.6164
     rtt[100]=67.654
     rtt[101]=67.686
     rtt[102]=67.8638
     rtt[103]=68.0058
     rtt[104]=68.0269
     rtt[105]=68.0384
     rtt[106]=68.1944
     rtt[107]=68.5467
     rtt[108]=69.6911
     rtt[109]=71.4028
     rtt[110]=72.1939
     rtt[111]=72.7325
     rtt[112]=74.0961
     rtt[113]=74.1905
     rtt[114]=76.1603
     rtt[115]=79.9547
     rtt[116]=80.0442
     rtt[117]=80.5249
     rtt[118]=80.9431
     rtt[119]=82.3776
     rtt[120]=83.41
     rtt[121]=85.1845
     rtt[122]=87.3593
     rtt[123]=87.6133
     rtt[124]=90.0304
     rtt[125]=94.7113
     rtt[126]=99.0282
     rtt[127]=102.355
     rtt[128]=102.405
     rtt[129]=102.413
     rtt[130]=103.569
     rtt[131]=120.743
     rtt[132]=144.753
     rtt[133]=174.158
     rtt[134]=185.283
     rtt[135]=202.443
     rtt[136]=205.142
     rtt[137]=205.259
     rtt[138]=205.36
     rtt[139]=205.425
     rtt[140]=205.444
     rtt[141]=205.49
     rtt[142]=205.539
     rtt[143]=205.573
     rtt[144]=206.482
     rtt[145]=209.617
     rtt[146]=213.402
     rtt[147]=213.411
     rtt[148]=221.544
     rtt[149]=227.542
     rtt[150]=568.961

UDP Ping:  Statistics over 151 repetitions of 96 byte messages

RTT : percentile 10: 53.8008, median: 60.2823, percentile 90: 202.443, average: 84.1655, variance: 3761.92

RTT histogram:
48.0143 79
74.0617 43
100.109 9
126.156 1
152.204 1
178.251 2
204.298 13
230.346 2
256.393 0
282.44 0
308.488 0
334.535 0
360.582 0
386.63 0
412.677 0
438.724 0
464.772 0
490.819 0
516.867 0
542.914 0
568.961 1

   median Throughput : 3.18502 KB/s   overall Throughput : 2.28122 KB/s

