UDP Ping trying to connect to server webdev.dibris.unige.it (130.251.61.30) on TCP port 1491
 ... connected to Pong server: asking for 151 repetitions of 24576 _bytes UDP messages
 ... Pong server agreed to ping-pong using port 62831 :-)
 ... about to connect socket 3 to IP address 130.251.61.30, port 62831
 ... sending message 1
Round trip time was 408.423 milliseconds in repetition 1
 ... sending message 2
Round trip time was 205.793 milliseconds in repetition 2
 ... sending message 3
Round trip time was 205.649 milliseconds in repetition 3
 ... sending message 4
Round trip time was 230.856 milliseconds in repetition 4
 ... sending message 5
Round trip time was 179.796 milliseconds in repetition 5
 ... sending message 6
Round trip time was 205.352 milliseconds in repetition 6
 ... sending message 7
Round trip time was 119.274 milliseconds in repetition 7
 ... sending message 8
Round trip time was 118.670 milliseconds in repetition 8
 ... sending message 9
Round trip time was 109.264 milliseconds in repetition 9
 ... sending message 10

 ... received 0 bytes instead of 24576 (lost count = 1); re-trying ...
 ... re-trying ...
 ... sending message 10
Round trip time was 151.665 milliseconds in repetition 10
 ... sending message 11
Round trip time was 157.984 milliseconds in repetition 11
 ... sending message 12
Round trip time was 140.570 milliseconds in repetition 12
 ... sending message 13
Round trip time was 128.423 milliseconds in repetition 13
 ... sending message 14
Round trip time was 170.151 milliseconds in repetition 14
 ... sending message 15
Round trip time was 150.459 milliseconds in repetition 15
 ... sending message 16
Round trip time was 179.407 milliseconds in repetition 16
 ... sending message 17
Round trip time was 156.110 milliseconds in repetition 17
 ... sending message 18
Round trip time was 139.412 milliseconds in repetition 18
 ... sending message 19
Round trip time was 143.637 milliseconds in repetition 19
 ... sending message 20
Round trip time was 131.258 milliseconds in repetition 20
 ... sending message 21
Round trip time was 114.023 milliseconds in repetition 21
 ... sending message 22
Round trip time was 189.620 milliseconds in repetition 22
 ... sending message 23
Round trip time was 130.188 milliseconds in repetition 23
 ... sending message 24
Round trip time was 176.514 milliseconds in repetition 24
 ... sending message 25
Round trip time was 135.751 milliseconds in repetition 25
 ... sending message 26
Round trip time was 198.457 milliseconds in repetition 26
 ... sending message 27
Round trip time was 189.546 milliseconds in repetition 27
 ... sending message 28
Round trip time was 186.559 milliseconds in repetition 28
 ... sending message 29
Round trip time was 214.770 milliseconds in repetition 29
 ... sending message 30
Round trip time was 191.673 milliseconds in repetition 30
 ... sending message 31
Round trip time was 213.190 milliseconds in repetition 31
 ... sending message 32
Round trip time was 205.766 milliseconds in repetition 32
 ... sending message 33
Round trip time was 106.952 milliseconds in repetition 33
 ... sending message 34
Round trip time was 574.394 milliseconds in repetition 34
 ... sending message 35
Round trip time was 208.948 milliseconds in repetition 35
 ... sending message 36
Round trip time was 236.257 milliseconds in repetition 36
 ... sending message 37
Round trip time was 174.125 milliseconds in repetition 37
 ... sending message 38
Round trip time was 205.270 milliseconds in repetition 38
 ... sending message 39
Round trip time was 216.480 milliseconds in repetition 39
 ... sending message 40
Round trip time was 194.386 milliseconds in repetition 40
 ... sending message 41
Round trip time was 209.224 milliseconds in repetition 41
 ... sending message 42
Round trip time was 201.043 milliseconds in repetition 42
 ... sending message 43
Round trip time was 206.098 milliseconds in repetition 43
 ... sending message 44
Round trip time was 205.116 milliseconds in repetition 44
 ... sending message 45
Round trip time was 413.811 milliseconds in repetition 45
 ... sending message 46

 ... received 0 bytes instead of 24576 (lost count = 1); re-trying ...
 ... re-trying ...
 ... sending message 46
Round trip time was 356.483 milliseconds in repetition 46
 ... sending message 47
Round trip time was 207.762 milliseconds in repetition 47
 ... sending message 48
Round trip time was 124.911 milliseconds in repetition 48
 ... sending message 49
Round trip time was 123.865 milliseconds in repetition 49
 ... sending message 50
Round trip time was 146.912 milliseconds in repetition 50
 ... sending message 51
Round trip time was 101.469 milliseconds in repetition 51
 ... sending message 52

 ... received 0 bytes instead of 24576 (lost count = 1); re-trying ...
 ... re-trying ...
 ... sending message 52
Round trip time was 184.844 milliseconds in repetition 52
 ... sending message 53
Round trip time was 139.400 milliseconds in repetition 53
 ... sending message 54
Round trip time was 170.210 milliseconds in repetition 54
 ... sending message 55
Round trip time was 118.839 milliseconds in repetition 55
 ... sending message 56
Round trip time was 170.446 milliseconds in repetition 56
 ... sending message 57
Round trip time was 140.699 milliseconds in repetition 57
 ... sending message 58
Round trip time was 157.433 milliseconds in repetition 58
 ... sending message 59
Round trip time was 190.489 milliseconds in repetition 59
 ... sending message 60
Round trip time was 138.334 milliseconds in repetition 60
 ... sending message 61
Round trip time was 101.854 milliseconds in repetition 61
 ... sending message 62
Round trip time was 175.225 milliseconds in repetition 62
 ... sending message 63
Round trip time was 110.469 milliseconds in repetition 63
 ... sending message 64
Round trip time was 139.322 milliseconds in repetition 64
 ... sending message 65
Round trip time was 143.301 milliseconds in repetition 65
 ... sending message 66
Round trip time was 150.881 milliseconds in repetition 66
 ... sending message 67
Round trip time was 141.804 milliseconds in repetition 67
 ... sending message 68
Round trip time was 158.462 milliseconds in repetition 68
 ... sending message 69
Round trip time was 115.108 milliseconds in repetition 69
 ... sending message 70
Round trip time was 172.791 milliseconds in repetition 70
 ... sending message 71
Round trip time was 116.642 milliseconds in repetition 71
 ... sending message 72
Round trip time was 107.205 milliseconds in repetition 72
 ... sending message 73
Round trip time was 287.805 milliseconds in repetition 73
 ... sending message 74
Round trip time was 201.690 milliseconds in repetition 74
 ... sending message 75
Round trip time was 225.038 milliseconds in repetition 75
 ... sending message 76

 ... received 0 bytes instead of 24576 (lost count = 1); re-trying ...
 ... re-trying ...
 ... sending message 76
Round trip time was 193.011 milliseconds in repetition 76
 ... sending message 77
Round trip time was 205.643 milliseconds in repetition 77
 ... sending message 78
Round trip time was 245.106 milliseconds in repetition 78
 ... sending message 79
Round trip time was 167.093 milliseconds in repetition 79
 ... sending message 80
Round trip time was 212.464 milliseconds in repetition 80
 ... sending message 81
Round trip time was 230.783 milliseconds in repetition 81
 ... sending message 82
Round trip time was 181.141 milliseconds in repetition 82
 ... sending message 83
Round trip time was 207.703 milliseconds in repetition 83
 ... sending message 84
Round trip time was 207.578 milliseconds in repetition 84
 ... sending message 85
Round trip time was 204.506 milliseconds in repetition 85
 ... sending message 86
Round trip time was 201.874 milliseconds in repetition 86
 ... sending message 87
Round trip time was 230.380 milliseconds in repetition 87
 ... sending message 88
Round trip time was 184.353 milliseconds in repetition 88
 ... sending message 89

 ... received 0 bytes instead of 24576 (lost count = 1); re-trying ...
 ... re-trying ...
 ... sending message 89
Round trip time was 118.251 milliseconds in repetition 89
 ... sending message 90
Round trip time was 120.409 milliseconds in repetition 90
 ... sending message 91
Round trip time was 119.976 milliseconds in repetition 91
 ... sending message 92
Round trip time was 157.076 milliseconds in repetition 92
 ... sending message 93
Round trip time was 161.557 milliseconds in repetition 93
 ... sending message 94
Round trip time was 125.442 milliseconds in repetition 94
 ... sending message 95
Round trip time was 145.499 milliseconds in repetition 95
 ... sending message 96
Round trip time was 120.927 milliseconds in repetition 96
 ... sending message 97
Round trip time was 108.113 milliseconds in repetition 97
 ... sending message 98
Round trip time was 122.502 milliseconds in repetition 98
 ... sending message 99
Round trip time was 126.193 milliseconds in repetition 99
 ... sending message 100
Round trip time was 139.112 milliseconds in repetition 100
 ... sending message 101
Round trip time was 120.406 milliseconds in repetition 101
 ... sending message 102
Round trip time was 107.493 milliseconds in repetition 102
 ... sending message 103
Round trip time was 119.853 milliseconds in repetition 103
 ... sending message 104
Round trip time was 126.038 milliseconds in repetition 104
 ... sending message 105
Round trip time was 160.265 milliseconds in repetition 105
 ... sending message 106
Round trip time was 164.327 milliseconds in repetition 106
 ... sending message 107
Round trip time was 127.147 milliseconds in repetition 107
 ... sending message 108
Round trip time was 188.912 milliseconds in repetition 108
 ... sending message 109
Round trip time was 138.512 milliseconds in repetition 109
 ... sending message 110

 ... received 0 bytes instead of 24576 (lost count = 1); re-trying ...
 ... re-trying ...
 ... sending message 110
Round trip time was 220.371 milliseconds in repetition 110
 ... sending message 111
Round trip time was 121.063 milliseconds in repetition 111
 ... sending message 112
Round trip time was 200.585 milliseconds in repetition 112
 ... sending message 113
Round trip time was 191.207 milliseconds in repetition 113
 ... sending message 114
Round trip time was 136.239 milliseconds in repetition 114
 ... sending message 115
Round trip time was 192.418 milliseconds in repetition 115
 ... sending message 116

 ... received 0 bytes instead of 24576 (lost count = 1); re-trying ...
 ... re-trying ...
 ... sending message 116
Round trip time was 201.907 milliseconds in repetition 116
 ... sending message 117
Round trip time was 205.858 milliseconds in repetition 117
 ... sending message 118
Round trip time was 233.832 milliseconds in repetition 118
 ... sending message 119
Round trip time was 186.410 milliseconds in repetition 119
 ... sending message 120
Round trip time was 195.199 milliseconds in repetition 120
 ... sending message 121
Round trip time was 213.811 milliseconds in repetition 121
 ... sending message 122
Round trip time was 197.462 milliseconds in repetition 122
 ... sending message 123
Round trip time was 205.528 milliseconds in repetition 123
 ... sending message 124
Round trip time was 204.416 milliseconds in repetition 124
 ... sending message 125
Round trip time was 215.022 milliseconds in repetition 125
 ... sending message 126
Round trip time was 196.104 milliseconds in repetition 126
 ... sending message 127
Round trip time was 205.375 milliseconds in repetition 127
 ... sending message 128
Round trip time was 205.054 milliseconds in repetition 128
 ... sending message 129

 ... received 0 bytes instead of 24576 (lost count = 1); re-trying ...
 ... re-trying ...
 ... sending message 129
Round trip time was 202.775 milliseconds in repetition 129
 ... sending message 130
Round trip time was 168.331 milliseconds in repetition 130
 ... sending message 131
Round trip time was 144.689 milliseconds in repetition 131
 ... sending message 132
Round trip time was 159.528 milliseconds in repetition 132
 ... sending message 133
Round trip time was 104.042 milliseconds in repetition 133
 ... sending message 134
Round trip time was 136.499 milliseconds in repetition 134
 ... sending message 135
Round trip time was 110.058 milliseconds in repetition 135
 ... sending message 136
Round trip time was 120.488 milliseconds in repetition 136
 ... sending message 137
Round trip time was 120.359 milliseconds in repetition 137
 ... sending message 138
Round trip time was 240.535 milliseconds in repetition 138
 ... sending message 139

 ... received 0 bytes instead of 24576 (lost count = 1); re-trying ...
 ... re-trying ...
 ... sending message 139
Round trip time was 143.321 milliseconds in repetition 139
 ... sending message 140
Round trip time was 95.615 milliseconds in repetition 140
 ... sending message 141
Round trip time was 116.529 milliseconds in repetition 141
 ... sending message 142
Round trip time was 164.815 milliseconds in repetition 142
 ... sending message 143
Round trip time was 133.699 milliseconds in repetition 143
 ... sending message 144
Round trip time was 183.428 milliseconds in repetition 144
 ... sending message 145
Round trip time was 129.434 milliseconds in repetition 145
 ... sending message 146
Round trip time was 167.873 milliseconds in repetition 146
 ... sending message 147
Round trip time was 205.347 milliseconds in repetition 147
 ... sending message 148
Round trip time was 257.155 milliseconds in repetition 148
 ... sending message 149
Round trip time was 232.696 milliseconds in repetition 149
 ... sending message 150
Round trip time was 193.687 milliseconds in repetition 150
 ... sending message 151
Round trip time was 205.034 milliseconds in repetition 151

 ... clock resolution was 1e-06 h_min=95.6147,  h_max=574.394, h_incr=23.939
     rtt[0]=95.6147
     rtt[1]=101.469
     rtt[2]=101.854
     rtt[3]=104.042
     rtt[4]=106.952
     rtt[5]=107.205
     rtt[6]=107.493
     rtt[7]=108.113
     rtt[8]=109.264
     rtt[9]=110.058
     rtt[10]=110.469
     rtt[11]=114.023
     rtt[12]=115.108
     rtt[13]=116.529
     rtt[14]=116.642
     rtt[15]=118.251
     rtt[16]=118.67
     rtt[17]=118.839
     rtt[18]=119.274
     rtt[19]=119.853
     rtt[20]=119.976
     rtt[21]=120.359
     rtt[22]=120.406
     rtt[23]=120.409
     rtt[24]=120.488
     rtt[25]=120.927
     rtt[26]=121.063
     rtt[27]=122.502
     rtt[28]=123.865
     rtt[29]=124.911
     rtt[30]=125.442
     rtt[31]=126.038
     rtt[32]=126.193
     rtt[33]=127.147
     rtt[34]=128.423
     rtt[35]=129.434
     rtt[36]=130.188
     rtt[37]=131.258
     rtt[38]=133.699
     rtt[39]=135.751
     rtt[40]=136.239
     rtt[41]=136.499
     rtt[42]=138.334
     rtt[43]=138.512
     rtt[44]=139.112
     rtt[45]=139.322
     rtt[46]=139.4
     rtt[47]=139.412
     rtt[48]=140.57
     rtt[49]=140.699
     rtt[50]=141.804
     rtt[51]=143.301
     rtt[52]=143.321
     rtt[53]=143.637
     rtt[54]=144.689
     rtt[55]=145.499
     rtt[56]=146.912
     rtt[57]=150.459
     rtt[58]=150.881
     rtt[59]=151.665
     rtt[60]=156.11
     rtt[61]=157.076
     rtt[62]=157.433
     rtt[63]=157.984
     rtt[64]=158.462
     rtt[65]=159.528
     rtt[66]=160.265
     rtt[67]=161.557
     rtt[68]=164.327
     rtt[69]=164.815
     rtt[70]=167.093
     rtt[71]=167.873
     rtt[72]=168.331
     rtt[73]=170.151
     rtt[74]=170.21
     rtt[75]=170.446
     rtt[76]=172.791
     rtt[77]=174.125
     rtt[78]=175.225
     rtt[79]=176.514
     rtt[80]=179.407
     rtt[81]=179.796
     rtt[82]=181.141
     rtt[83]=183.428
     rtt[84]=184.353
     rtt[85]=184.844
     rtt[86]=186.41
     rtt[87]=186.559
     rtt[88]=188.912
     rtt[89]=189.546
     rtt[90]=189.62
     rtt[91]=190.489
     rtt[92]=191.207
     rtt[93]=191.673
     rtt[94]=192.418
     rtt[95]=193.011
     rtt[96]=193.687
     rtt[97]=194.386
     rtt[98]=195.199
     rtt[99]=196.104
     rtt[100]=197.462
     rtt[101]=198.457
     rtt[102]=200.585
     rtt[103]=201.043
     rtt[104]=201.69
     rtt[105]=201.874
     rtt[106]=201.907
     rtt[107]=202.775
     rtt[108]=204.416
     rtt[109]=204.506
     rtt[110]=205.034
     rtt[111]=205.054
     rtt[112]=205.116
     rtt[113]=205.27
     rtt[114]=205.347
     rtt[115]=205.352
     rtt[116]=205.375
     rtt[117]=205.528
     rtt[118]=205.643
     rtt[119]=205.649
     rtt[120]=205.766
     rtt[121]=205.793
     rtt[122]=205.858
     rtt[123]=206.098
     rtt[124]=207.578
     rtt[125]=207.703
     rtt[126]=207.762
     rtt[127]=208.948
     rtt[128]=209.224
     rtt[129]=212.464
     rtt[130]=213.19
     rtt[131]=213.811
     rtt[132]=214.77
     rtt[133]=215.022
     rtt[134]=216.48
     rtt[135]=220.371
     rtt[136]=225.038
     rtt[137]=230.38
     rtt[138]=230.783
     rtt[139]=230.856
     rtt[140]=232.696
     rtt[141]=233.832
     rtt[142]=236.257
     rtt[143]=240.535
     rtt[144]=245.106
     rtt[145]=257.155
     rtt[146]=287.805
     rtt[147]=356.483
     rtt[148]=408.423
     rtt[149]=413.811
     rtt[150]=574.394

UDP Ping:  Statistics over 151 repetitions of 24576 byte messages

RTT : percentile 10: 118.251, median: 170.446, percentile 90: 220.371, average: 175.52, variance: 3684.83

RTT histogram:
95.6147 7
119.554 31
143.493 22
167.432 20
191.371 28
215.31 29
239.249 8
263.188 1
287.127 1
311.065 0
335.004 0
358.943 1
382.882 0
406.821 2
430.76 0
454.699 0
478.638 0
502.577 0
526.516 0
550.455 0
574.394 1

   median Throughput : 288.374 KB/s   overall Throughput : 280.037 KB/s

