UDP Ping trying to connect to server webdev.dibris.unige.it (130.251.61.30) on TCP port 1491
 ... connected to Pong server: asking for 151 repetitions of 6144 _bytes UDP messages
 ... Pong server agreed to ping-pong using port 62831 :-)
 ... about to connect socket 3 to IP address 130.251.61.30, port 62831
 ... sending message 1
Round trip time was 134.035 milliseconds in repetition 1
 ... sending message 2

 ... received 0 bytes instead of 6144 (lost count = 1); re-trying ...
 ... re-trying ...
 ... sending message 2
Round trip time was 101.859 milliseconds in repetition 2
 ... sending message 3
Round trip time was 95.709 milliseconds in repetition 3
 ... sending message 4
Round trip time was 82.441 milliseconds in repetition 4
 ... sending message 5
Round trip time was 116.745 milliseconds in repetition 5
 ... sending message 6
Round trip time was 88.684 milliseconds in repetition 6
 ... sending message 7
Round trip time was 80.891 milliseconds in repetition 7
 ... sending message 8
Round trip time was 124.703 milliseconds in repetition 8
 ... sending message 9
Round trip time was 97.916 milliseconds in repetition 9
 ... sending message 10
Round trip time was 95.806 milliseconds in repetition 10
 ... sending message 11

 ... received 0 bytes instead of 6144 (lost count = 1); re-trying ...
 ... re-trying ...
 ... sending message 11
Round trip time was 108.328 milliseconds in repetition 11
 ... sending message 12
Round trip time was 99.923 milliseconds in repetition 12
 ... sending message 13
Round trip time was 88.315 milliseconds in repetition 13
 ... sending message 14
Round trip time was 102.171 milliseconds in repetition 14
 ... sending message 15
Round trip time was 101.400 milliseconds in repetition 15
 ... sending message 16
Round trip time was 88.339 milliseconds in repetition 16
 ... sending message 17
Round trip time was 109.916 milliseconds in repetition 17
 ... sending message 18
Round trip time was 106.386 milliseconds in repetition 18
 ... sending message 19
Round trip time was 83.966 milliseconds in repetition 19
 ... sending message 20
Round trip time was 76.164 milliseconds in repetition 20
 ... sending message 21
Round trip time was 74.252 milliseconds in repetition 21
 ... sending message 22
Round trip time was 102.298 milliseconds in repetition 22
 ... sending message 23
Round trip time was 90.910 milliseconds in repetition 23
 ... sending message 24
Round trip time was 76.368 milliseconds in repetition 24
 ... sending message 25
Round trip time was 87.789 milliseconds in repetition 25
 ... sending message 26
Round trip time was 92.464 milliseconds in repetition 26
 ... sending message 27
Round trip time was 118.226 milliseconds in repetition 27
 ... sending message 28
Round trip time was 88.899 milliseconds in repetition 28
 ... sending message 29
Round trip time was 80.106 milliseconds in repetition 29
 ... sending message 30
Round trip time was 81.796 milliseconds in repetition 30
 ... sending message 31
Round trip time was 102.372 milliseconds in repetition 31
 ... sending message 32
Round trip time was 95.551 milliseconds in repetition 32
 ... sending message 33
Round trip time was 84.218 milliseconds in repetition 33
 ... sending message 34
Round trip time was 75.972 milliseconds in repetition 34
 ... sending message 35
Round trip time was 84.125 milliseconds in repetition 35
 ... sending message 36
Round trip time was 71.645 milliseconds in repetition 36
 ... sending message 37
Round trip time was 72.377 milliseconds in repetition 37
 ... sending message 38
Round trip time was 79.533 milliseconds in repetition 38
 ... sending message 39
Round trip time was 100.254 milliseconds in repetition 39
 ... sending message 40
Round trip time was 68.294 milliseconds in repetition 40
 ... sending message 41
Round trip time was 71.669 milliseconds in repetition 41
 ... sending message 42
Round trip time was 67.962 milliseconds in repetition 42
 ... sending message 43

 ... received 0 bytes instead of 6144 (lost count = 1); re-trying ...
 ... re-trying ...
 ... sending message 43
Round trip time was 108.108 milliseconds in repetition 43
 ... sending message 44
Round trip time was 79.967 milliseconds in repetition 44
 ... sending message 45
Round trip time was 83.368 milliseconds in repetition 45
 ... sending message 46
Round trip time was 84.183 milliseconds in repetition 46
 ... sending message 47
Round trip time was 87.797 milliseconds in repetition 47
 ... sending message 48
Round trip time was 77.924 milliseconds in repetition 48
 ... sending message 49
Round trip time was 76.335 milliseconds in repetition 49
 ... sending message 50
Round trip time was 81.565 milliseconds in repetition 50
 ... sending message 51
Round trip time was 76.153 milliseconds in repetition 51
 ... sending message 52
Round trip time was 75.811 milliseconds in repetition 52
 ... sending message 53
Round trip time was 95.972 milliseconds in repetition 53
 ... sending message 54
Round trip time was 72.205 milliseconds in repetition 54
 ... sending message 55
Round trip time was 79.934 milliseconds in repetition 55
 ... sending message 56
Round trip time was 82.339 milliseconds in repetition 56
 ... sending message 57
Round trip time was 85.628 milliseconds in repetition 57
 ... sending message 58
Round trip time was 80.302 milliseconds in repetition 58
 ... sending message 59
Round trip time was 83.443 milliseconds in repetition 59
 ... sending message 60
Round trip time was 88.797 milliseconds in repetition 60
 ... sending message 61
Round trip time was 71.633 milliseconds in repetition 61
 ... sending message 62
Round trip time was 92.034 milliseconds in repetition 62
 ... sending message 63

 ... received 0 bytes instead of 6144 (lost count = 1); re-trying ...
 ... re-trying ...
 ... sending message 63
Round trip time was 90.412 milliseconds in repetition 63
 ... sending message 64
Round trip time was 85.185 milliseconds in repetition 64
 ... sending message 65
Round trip time was 79.632 milliseconds in repetition 65
 ... sending message 66
Round trip time was 76.732 milliseconds in repetition 66
 ... sending message 67
Round trip time was 107.590 milliseconds in repetition 67
 ... sending message 68
Round trip time was 83.641 milliseconds in repetition 68
 ... sending message 69
Round trip time was 84.714 milliseconds in repetition 69
 ... sending message 70
Round trip time was 79.655 milliseconds in repetition 70
 ... sending message 71
Round trip time was 75.989 milliseconds in repetition 71
 ... sending message 72
Round trip time was 72.665 milliseconds in repetition 72
 ... sending message 73
Round trip time was 95.044 milliseconds in repetition 73
 ... sending message 74
Round trip time was 86.178 milliseconds in repetition 74
 ... sending message 75
Round trip time was 77.980 milliseconds in repetition 75
 ... sending message 76
Round trip time was 71.770 milliseconds in repetition 76
 ... sending message 77
Round trip time was 68.199 milliseconds in repetition 77
 ... sending message 78
Round trip time was 91.665 milliseconds in repetition 78
 ... sending message 79
Round trip time was 92.461 milliseconds in repetition 79
 ... sending message 80
Round trip time was 91.965 milliseconds in repetition 80
 ... sending message 81
Round trip time was 83.464 milliseconds in repetition 81
 ... sending message 82
Round trip time was 75.839 milliseconds in repetition 82
 ... sending message 83
Round trip time was 84.349 milliseconds in repetition 83
 ... sending message 84
Round trip time was 84.347 milliseconds in repetition 84
 ... sending message 85
Round trip time was 87.860 milliseconds in repetition 85
 ... sending message 86
Round trip time was 75.627 milliseconds in repetition 86
 ... sending message 87
Round trip time was 79.994 milliseconds in repetition 87
 ... sending message 88
Round trip time was 97.849 milliseconds in repetition 88
 ... sending message 89
Round trip time was 85.981 milliseconds in repetition 89
 ... sending message 90
Round trip time was 84.517 milliseconds in repetition 90
 ... sending message 91
Round trip time was 75.847 milliseconds in repetition 91
 ... sending message 92
Round trip time was 75.587 milliseconds in repetition 92
 ... sending message 93
Round trip time was 84.004 milliseconds in repetition 93
 ... sending message 94
Round trip time was 76.110 milliseconds in repetition 94
 ... sending message 95
Round trip time was 76.121 milliseconds in repetition 95
 ... sending message 96
Round trip time was 76.448 milliseconds in repetition 96
 ... sending message 97
Round trip time was 71.432 milliseconds in repetition 97
 ... sending message 98
Round trip time was 83.643 milliseconds in repetition 98
 ... sending message 99
Round trip time was 107.348 milliseconds in repetition 99
 ... sending message 100
Round trip time was 89.188 milliseconds in repetition 100
 ... sending message 101
Round trip time was 87.518 milliseconds in repetition 101
 ... sending message 102
Round trip time was 121.302 milliseconds in repetition 102
 ... sending message 103
Round trip time was 78.600 milliseconds in repetition 103
 ... sending message 104
Round trip time was 92.183 milliseconds in repetition 104
 ... sending message 105
Round trip time was 79.815 milliseconds in repetition 105
 ... sending message 106
Round trip time was 87.840 milliseconds in repetition 106
 ... sending message 107
Round trip time was 83.759 milliseconds in repetition 107
 ... sending message 108
Round trip time was 76.597 milliseconds in repetition 108
 ... sending message 109
Round trip time was 95.202 milliseconds in repetition 109
 ... sending message 110
Round trip time was 84.494 milliseconds in repetition 110
 ... sending message 111
Round trip time was 71.567 milliseconds in repetition 111
 ... sending message 112
Round trip time was 72.012 milliseconds in repetition 112
 ... sending message 113
Round trip time was 80.001 milliseconds in repetition 113
 ... sending message 114

 ... received 0 bytes instead of 6144 (lost count = 1); re-trying ...
 ... re-trying ...
 ... sending message 114

 ... received 0 bytes instead of 6144 (lost count = 2); re-trying ...
 ... re-trying ...
 ... sending message 114
Round trip time was 92.251 milliseconds in repetition 114
 ... sending message 115
Round trip time was 83.721 milliseconds in repetition 115
 ... sending message 116
Round trip time was 88.759 milliseconds in repetition 116
 ... sending message 117
Round trip time was 99.372 milliseconds in repetition 117
 ... sending message 118
Round trip time was 83.883 milliseconds in repetition 118
 ... sending message 119
Round trip time was 116.051 milliseconds in repetition 119
 ... sending message 120
Round trip time was 84.137 milliseconds in repetition 120
 ... sending message 121
Round trip time was 72.319 milliseconds in repetition 121
 ... sending message 122
Round trip time was 87.774 milliseconds in repetition 122
 ... sending message 123
Round trip time was 67.850 milliseconds in repetition 123
 ... sending message 124
Round trip time was 71.798 milliseconds in repetition 124
 ... sending message 125
Round trip time was 71.824 milliseconds in repetition 125
 ... sending message 126
Round trip time was 84.541 milliseconds in repetition 126
 ... sending message 127
Round trip time was 87.442 milliseconds in repetition 127
 ... sending message 128
Round trip time was 80.161 milliseconds in repetition 128
 ... sending message 129
Round trip time was 79.937 milliseconds in repetition 129
 ... sending message 130
Round trip time was 109.687 milliseconds in repetition 130
 ... sending message 131
Round trip time was 97.970 milliseconds in repetition 131
 ... sending message 132
Round trip time was 80.596 milliseconds in repetition 132
 ... sending message 133
Round trip time was 85.091 milliseconds in repetition 133
 ... sending message 134
Round trip time was 86.635 milliseconds in repetition 134
 ... sending message 135
Round trip time was 84.128 milliseconds in repetition 135
 ... sending message 136
Round trip time was 71.731 milliseconds in repetition 136
 ... sending message 137
Round trip time was 94.254 milliseconds in repetition 137
 ... sending message 138
Round trip time was 93.864 milliseconds in repetition 138
 ... sending message 139
Round trip time was 96.829 milliseconds in repetition 139
 ... sending message 140
Round trip time was 104.779 milliseconds in repetition 140
 ... sending message 141
Round trip time was 84.284 milliseconds in repetition 141
 ... sending message 142
Round trip time was 81.461 milliseconds in repetition 142
 ... sending message 143
Round trip time was 72.372 milliseconds in repetition 143
 ... sending message 144
Round trip time was 79.926 milliseconds in repetition 144
 ... sending message 145
Round trip time was 88.210 milliseconds in repetition 145
 ... sending message 146
Round trip time was 72.044 milliseconds in repetition 146
 ... sending message 147
Round trip time was 71.608 milliseconds in repetition 147
 ... sending message 148
Round trip time was 67.982 milliseconds in repetition 148
 ... sending message 149
Round trip time was 84.120 milliseconds in repetition 149
 ... sending message 150
Round trip time was 75.981 milliseconds in repetition 150
 ... sending message 151
Round trip time was 75.692 milliseconds in repetition 151

 ... clock resolution was 1e-06 h_min=67.8495,  h_max=134.035, h_incr=3.30928
     rtt[0]=67.8495
     rtt[1]=67.962
     rtt[2]=67.9823
     rtt[3]=68.1991
     rtt[4]=68.294
     rtt[5]=71.4316
     rtt[6]=71.5669
     rtt[7]=71.6085
     rtt[8]=71.6327
     rtt[9]=71.6447
     rtt[10]=71.6687
     rtt[11]=71.7313
     rtt[12]=71.7705
     rtt[13]=71.798
     rtt[14]=71.8238
     rtt[15]=72.0118
     rtt[16]=72.0443
     rtt[17]=72.2045
     rtt[18]=72.319
     rtt[19]=72.3723
     rtt[20]=72.377
     rtt[21]=72.6652
     rtt[22]=74.2517
     rtt[23]=75.5866
     rtt[24]=75.6271
     rtt[25]=75.6917
     rtt[26]=75.8106
     rtt[27]=75.8387
     rtt[28]=75.8475
     rtt[29]=75.9721
     rtt[30]=75.9814
     rtt[31]=75.9893
     rtt[32]=76.11
     rtt[33]=76.1212
     rtt[34]=76.1533
     rtt[35]=76.1641
     rtt[36]=76.3353
     rtt[37]=76.3682
     rtt[38]=76.4478
     rtt[39]=76.5973
     rtt[40]=76.732
     rtt[41]=77.9244
     rtt[42]=77.9804
     rtt[43]=78.5996
     rtt[44]=79.533
     rtt[45]=79.6319
     rtt[46]=79.655
     rtt[47]=79.8152
     rtt[48]=79.9256
     rtt[49]=79.9335
     rtt[50]=79.9365
     rtt[51]=79.967
     rtt[52]=79.9943
     rtt[53]=80.0014
     rtt[54]=80.1057
     rtt[55]=80.1613
     rtt[56]=80.3024
     rtt[57]=80.5959
     rtt[58]=80.8908
     rtt[59]=81.4606
     rtt[60]=81.5651
     rtt[61]=81.7963
     rtt[62]=82.339
     rtt[63]=82.4408
     rtt[64]=83.3681
     rtt[65]=83.4432
     rtt[66]=83.4637
     rtt[67]=83.6414
     rtt[68]=83.6426
     rtt[69]=83.7208
     rtt[70]=83.7587
     rtt[71]=83.8831
     rtt[72]=83.9658
     rtt[73]=84.0039
     rtt[74]=84.1197
     rtt[75]=84.1254
     rtt[76]=84.1283
     rtt[77]=84.1365
     rtt[78]=84.1829
     rtt[79]=84.2177
     rtt[80]=84.2839
     rtt[81]=84.3468
     rtt[82]=84.3485
     rtt[83]=84.4937
     rtt[84]=84.5165
     rtt[85]=84.5409
     rtt[86]=84.714
     rtt[87]=85.0908
     rtt[88]=85.1849
     rtt[89]=85.6281
     rtt[90]=85.9806
     rtt[91]=86.1783
     rtt[92]=86.6351
     rtt[93]=87.4418
     rtt[94]=87.518
     rtt[95]=87.7744
     rtt[96]=87.7889
     rtt[97]=87.7966
     rtt[98]=87.8399
     rtt[99]=87.8599
     rtt[100]=88.21
     rtt[101]=88.3154
     rtt[102]=88.3387
     rtt[103]=88.6835
     rtt[104]=88.7593
     rtt[105]=88.7967
     rtt[106]=88.8992
     rtt[107]=89.1879
     rtt[108]=90.4117
     rtt[109]=90.9099
     rtt[110]=91.6646
     rtt[111]=91.9653
     rtt[112]=92.0337
     rtt[113]=92.1826
     rtt[114]=92.2506
     rtt[115]=92.4606
     rtt[116]=92.4644
     rtt[117]=93.8639
     rtt[118]=94.2537
     rtt[119]=95.0443
     rtt[120]=95.2019
     rtt[121]=95.5508
     rtt[122]=95.7089
     rtt[123]=95.8063
     rtt[124]=95.9718
     rtt[125]=96.8286
     rtt[126]=97.8487
     rtt[127]=97.9161
     rtt[128]=97.9698
     rtt[129]=99.3722
     rtt[130]=99.9231
     rtt[131]=100.254
     rtt[132]=101.4
     rtt[133]=101.859
     rtt[134]=102.171
     rtt[135]=102.298
     rtt[136]=102.372
     rtt[137]=104.779
     rtt[138]=106.386
     rtt[139]=107.348
     rtt[140]=107.59
     rtt[141]=108.108
     rtt[142]=108.328
     rtt[143]=109.687
     rtt[144]=109.916
     rtt[145]=116.051
     rtt[146]=116.745
     rtt[147]=118.226
     rtt[148]=121.302
     rtt[149]=124.703
     rtt[150]=134.035

UDP Ping:  Statistics over 151 repetitions of 6144 byte messages

RTT : percentile 10: 72.0118, median: 84.1254, percentile 90: 102.298, average: 86.1143, variance: 153.363

RTT histogram:
67.8495 5
71.1588 17
74.4681 12
77.7774 10
81.0867 20
84.3959 27
87.7052 17
91.0145 9
94.3238 8
97.6331 4
100.942 8
104.252 1
107.561 5
110.87 2
114.179 0
117.489 3
120.798 1
124.107 1
127.417 0
130.726 0
134.035 1

   median Throughput : 146.068 KB/s   overall Throughput : 142.694 KB/s

