UDP Ping trying to connect to server webdev.dibris.unige.it (130.251.61.30) on TCP port 1491
 ... connected to Pong server: asking for 151 repetitions of 3072 _bytes UDP messages
 ... Pong server agreed to ping-pong using port 62832 :-)
 ... about to connect socket 3 to IP address 130.251.61.30, port 62832
 ... sending message 1

 ... received 0 bytes instead of 3072 (lost count = 1); re-trying ...
 ... re-trying ...
 ... sending message 1

 ... received 0 bytes instead of 3072 (lost count = 2); re-trying ...
 ... re-trying ...
 ... sending message 1
Round trip time was 91.938 milliseconds in repetition 1
 ... sending message 2
Round trip time was 77.689 milliseconds in repetition 2
 ... sending message 3
Round trip time was 91.654 milliseconds in repetition 3
 ... sending message 4
Round trip time was 80.065 milliseconds in repetition 4
 ... sending message 5
Round trip time was 71.373 milliseconds in repetition 5
 ... sending message 6
Round trip time was 78.955 milliseconds in repetition 6
 ... sending message 7
Round trip time was 66.516 milliseconds in repetition 7
 ... sending message 8
Round trip time was 78.164 milliseconds in repetition 8
 ... sending message 9
Round trip time was 64.060 milliseconds in repetition 9
 ... sending message 10
Round trip time was 75.094 milliseconds in repetition 10
 ... sending message 11
Round trip time was 69.290 milliseconds in repetition 11
 ... sending message 12
Round trip time was 71.343 milliseconds in repetition 12
 ... sending message 13
Round trip time was 59.760 milliseconds in repetition 13
 ... sending message 14
Round trip time was 79.734 milliseconds in repetition 14
 ... sending message 15
Round trip time was 88.239 milliseconds in repetition 15
 ... sending message 16
Round trip time was 71.568 milliseconds in repetition 16
 ... sending message 17
Round trip time was 64.348 milliseconds in repetition 17
 ... sending message 18
Round trip time was 75.971 milliseconds in repetition 18
 ... sending message 19
Round trip time was 71.801 milliseconds in repetition 19
 ... sending message 20
Round trip time was 72.410 milliseconds in repetition 20
 ... sending message 21
Round trip time was 67.477 milliseconds in repetition 21
 ... sending message 22
Round trip time was 80.147 milliseconds in repetition 22
 ... sending message 23
Round trip time was 74.036 milliseconds in repetition 23
 ... sending message 24
Round trip time was 85.935 milliseconds in repetition 24
 ... sending message 25
Round trip time was 84.063 milliseconds in repetition 25
 ... sending message 26
Round trip time was 67.857 milliseconds in repetition 26
 ... sending message 27
Round trip time was 63.901 milliseconds in repetition 27
 ... sending message 28
Round trip time was 72.559 milliseconds in repetition 28
 ... sending message 29
Round trip time was 59.543 milliseconds in repetition 29
 ... sending message 30
Round trip time was 67.697 milliseconds in repetition 30
 ... sending message 31
Round trip time was 95.800 milliseconds in repetition 31
 ... sending message 32
Round trip time was 84.390 milliseconds in repetition 32
 ... sending message 33
Round trip time was 63.573 milliseconds in repetition 33
 ... sending message 34
Round trip time was 80.442 milliseconds in repetition 34
 ... sending message 35
Round trip time was 76.043 milliseconds in repetition 35
 ... sending message 36
Round trip time was 72.142 milliseconds in repetition 36
 ... sending message 37
Round trip time was 67.493 milliseconds in repetition 37
 ... sending message 38
Round trip time was 80.097 milliseconds in repetition 38
 ... sending message 39
Round trip time was 80.015 milliseconds in repetition 39
 ... sending message 40
Round trip time was 72.226 milliseconds in repetition 40
 ... sending message 41
Round trip time was 68.202 milliseconds in repetition 41
 ... sending message 42
Round trip time was 75.320 milliseconds in repetition 42
 ... sending message 43
Round trip time was 79.604 milliseconds in repetition 43
 ... sending message 44
Round trip time was 84.658 milliseconds in repetition 44
 ... sending message 45
Round trip time was 79.692 milliseconds in repetition 45
 ... sending message 46
Round trip time was 75.245 milliseconds in repetition 46
 ... sending message 47
Round trip time was 84.745 milliseconds in repetition 47
 ... sending message 48
Round trip time was 76.584 milliseconds in repetition 48
 ... sending message 49
Round trip time was 67.214 milliseconds in repetition 49
 ... sending message 50
Round trip time was 63.781 milliseconds in repetition 50
 ... sending message 51
Round trip time was 81.759 milliseconds in repetition 51
 ... sending message 52
Round trip time was 70.531 milliseconds in repetition 52
 ... sending message 53
Round trip time was 72.105 milliseconds in repetition 53
 ... sending message 54
Round trip time was 62.242 milliseconds in repetition 54
 ... sending message 55
Round trip time was 77.328 milliseconds in repetition 55
 ... sending message 56
Round trip time was 72.216 milliseconds in repetition 56
 ... sending message 57
Round trip time was 68.705 milliseconds in repetition 57
 ... sending message 58
Round trip time was 59.234 milliseconds in repetition 58
 ... sending message 59
Round trip time was 59.845 milliseconds in repetition 59
 ... sending message 60
Round trip time was 109.034 milliseconds in repetition 60
 ... sending message 61
Round trip time was 71.250 milliseconds in repetition 61
 ... sending message 62
Round trip time was 67.752 milliseconds in repetition 62
 ... sending message 63
Round trip time was 96.896 milliseconds in repetition 63
 ... sending message 64
Round trip time was 74.970 milliseconds in repetition 64
 ... sending message 65
Round trip time was 63.653 milliseconds in repetition 65
 ... sending message 66
Round trip time was 76.729 milliseconds in repetition 66
 ... sending message 67

 ... received 0 bytes instead of 3072 (lost count = 1); re-trying ...
 ... re-trying ...
 ... sending message 67

 ... received 0 bytes instead of 3072 (lost count = 2); re-trying ...
 ... re-trying ...
 ... sending message 67
Round trip time was 90.188 milliseconds in repetition 67
 ... sending message 68
Round trip time was 80.014 milliseconds in repetition 68
 ... sending message 69
Round trip time was 80.103 milliseconds in repetition 69
 ... sending message 70
Round trip time was 65.908 milliseconds in repetition 70
 ... sending message 71
Round trip time was 73.565 milliseconds in repetition 71
 ... sending message 72
Round trip time was 60.133 milliseconds in repetition 72
 ... sending message 73
Round trip time was 59.774 milliseconds in repetition 73
 ... sending message 74
Round trip time was 60.276 milliseconds in repetition 74
 ... sending message 75
Round trip time was 60.090 milliseconds in repetition 75
 ... sending message 76
Round trip time was 60.083 milliseconds in repetition 76
 ... sending message 77
Round trip time was 60.440 milliseconds in repetition 77
 ... sending message 78
Round trip time was 58.784 milliseconds in repetition 78
 ... sending message 79
Round trip time was 80.323 milliseconds in repetition 79
 ... sending message 80
Round trip time was 80.078 milliseconds in repetition 80
 ... sending message 81

 ... received 0 bytes instead of 3072 (lost count = 1); re-trying ...
 ... re-trying ...
 ... sending message 81

 ... received 0 bytes instead of 3072 (lost count = 2); re-trying ...
 ... re-trying ...
 ... sending message 81
Round trip time was 88.569 milliseconds in repetition 81
 ... sending message 82
Round trip time was 74.917 milliseconds in repetition 82
 ... sending message 83
Round trip time was 84.672 milliseconds in repetition 83
 ... sending message 84
Round trip time was 71.898 milliseconds in repetition 84
 ... sending message 85
Round trip time was 80.194 milliseconds in repetition 85
 ... sending message 86
Round trip time was 59.961 milliseconds in repetition 86
 ... sending message 87
Round trip time was 59.967 milliseconds in repetition 87
 ... sending message 88
Round trip time was 66.925 milliseconds in repetition 88
 ... sending message 89
Round trip time was 81.175 milliseconds in repetition 89
 ... sending message 90
Round trip time was 67.344 milliseconds in repetition 90
 ... sending message 91
Round trip time was 76.020 milliseconds in repetition 91
 ... sending message 92
Round trip time was 68.502 milliseconds in repetition 92
 ... sending message 93
Round trip time was 79.867 milliseconds in repetition 93
 ... sending message 94
Round trip time was 59.560 milliseconds in repetition 94
 ... sending message 95
Round trip time was 68.082 milliseconds in repetition 95
 ... sending message 96
Round trip time was 64.276 milliseconds in repetition 96
 ... sending message 97
Round trip time was 111.861 milliseconds in repetition 97
 ... sending message 98
Round trip time was 75.796 milliseconds in repetition 98
 ... sending message 99
Round trip time was 72.229 milliseconds in repetition 99
 ... sending message 100
Round trip time was 69.971 milliseconds in repetition 100
 ... sending message 101
Round trip time was 72.808 milliseconds in repetition 101
 ... sending message 102
Round trip time was 77.056 milliseconds in repetition 102
 ... sending message 103
Round trip time was 71.954 milliseconds in repetition 103
 ... sending message 104
Round trip time was 74.254 milliseconds in repetition 104
 ... sending message 105
Round trip time was 73.499 milliseconds in repetition 105
 ... sending message 106
Round trip time was 76.496 milliseconds in repetition 106
 ... sending message 107
Round trip time was 63.613 milliseconds in repetition 107
 ... sending message 108
Round trip time was 88.454 milliseconds in repetition 108
 ... sending message 109
Round trip time was 79.530 milliseconds in repetition 109
 ... sending message 110
Round trip time was 60.406 milliseconds in repetition 110
 ... sending message 111
Round trip time was 63.915 milliseconds in repetition 111
 ... sending message 112
Round trip time was 94.208 milliseconds in repetition 112
 ... sending message 113
Round trip time was 81.676 milliseconds in repetition 113
 ... sending message 114
Round trip time was 67.722 milliseconds in repetition 114
 ... sending message 115
Round trip time was 97.626 milliseconds in repetition 115
 ... sending message 116
Round trip time was 89.155 milliseconds in repetition 116
 ... sending message 117
Round trip time was 81.345 milliseconds in repetition 117
 ... sending message 118
Round trip time was 71.899 milliseconds in repetition 118
 ... sending message 119
Round trip time was 71.761 milliseconds in repetition 119
 ... sending message 120
Round trip time was 80.437 milliseconds in repetition 120
 ... sending message 121
Round trip time was 75.716 milliseconds in repetition 121
 ... sending message 122
Round trip time was 84.443 milliseconds in repetition 122
 ... sending message 123
Round trip time was 91.515 milliseconds in repetition 123
 ... sending message 124
Round trip time was 96.088 milliseconds in repetition 124
 ... sending message 125
Round trip time was 63.678 milliseconds in repetition 125
 ... sending message 126
Round trip time was 72.148 milliseconds in repetition 126
 ... sending message 127
Round trip time was 76.401 milliseconds in repetition 127
 ... sending message 128
Round trip time was 63.526 milliseconds in repetition 128
 ... sending message 129
Round trip time was 81.482 milliseconds in repetition 129
 ... sending message 130
Round trip time was 94.281 milliseconds in repetition 130
 ... sending message 131
Round trip time was 72.182 milliseconds in repetition 131
 ... sending message 132
Round trip time was 100.199 milliseconds in repetition 132
 ... sending message 133
Round trip time was 71.730 milliseconds in repetition 133
 ... sending message 134
Round trip time was 69.506 milliseconds in repetition 134
 ... sending message 135
Round trip time was 88.039 milliseconds in repetition 135
 ... sending message 136
Round trip time was 99.813 milliseconds in repetition 136
 ... sending message 137
Round trip time was 78.410 milliseconds in repetition 137
 ... sending message 138
Round trip time was 140.015 milliseconds in repetition 138
 ... sending message 139
Round trip time was 68.556 milliseconds in repetition 139
 ... sending message 140
Round trip time was 63.538 milliseconds in repetition 140
 ... sending message 141
Round trip time was 98.367 milliseconds in repetition 141
 ... sending message 142
Round trip time was 81.664 milliseconds in repetition 142
 ... sending message 143
Round trip time was 68.071 milliseconds in repetition 143
 ... sending message 144
Round trip time was 67.543 milliseconds in repetition 144
 ... sending message 145
Round trip time was 79.287 milliseconds in repetition 145
 ... sending message 146
Round trip time was 73.234 milliseconds in repetition 146
 ... sending message 147
Round trip time was 67.873 milliseconds in repetition 147
 ... sending message 148
Round trip time was 63.677 milliseconds in repetition 148
 ... sending message 149
Round trip time was 95.393 milliseconds in repetition 149
 ... sending message 150
Round trip time was 80.423 milliseconds in repetition 150
 ... sending message 151
Round trip time was 64.065 milliseconds in repetition 151

 ... clock resolution was 1e-06 h_min=58.7839,  h_max=140.015, h_incr=4.06154
     rtt[0]=58.7839
     rtt[1]=59.2341
     rtt[2]=59.5431
     rtt[3]=59.5599
     rtt[4]=59.7602
     rtt[5]=59.7735
     rtt[6]=59.8447
     rtt[7]=59.9614
     rtt[8]=59.9674
     rtt[9]=60.0828
     rtt[10]=60.0899
     rtt[11]=60.1333
     rtt[12]=60.2765
     rtt[13]=60.4062
     rtt[14]=60.4404
     rtt[15]=62.2415
     rtt[16]=63.5264
     rtt[17]=63.5382
     rtt[18]=63.5726
     rtt[19]=63.6125
     rtt[20]=63.653
     rtt[21]=63.6773
     rtt[22]=63.6776
     rtt[23]=63.7809
     rtt[24]=63.9007
     rtt[25]=63.9152
     rtt[26]=64.0601
     rtt[27]=64.0647
     rtt[28]=64.276
     rtt[29]=64.3475
     rtt[30]=65.9083
     rtt[31]=66.5164
     rtt[32]=66.9255
     rtt[33]=67.2142
     rtt[34]=67.344
     rtt[35]=67.4774
     rtt[36]=67.4928
     rtt[37]=67.5426
     rtt[38]=67.6974
     rtt[39]=67.7224
     rtt[40]=67.7515
     rtt[41]=67.8565
     rtt[42]=67.8732
     rtt[43]=68.071
     rtt[44]=68.0823
     rtt[45]=68.2025
     rtt[46]=68.5021
     rtt[47]=68.556
     rtt[48]=68.7051
     rtt[49]=69.2898
     rtt[50]=69.5065
     rtt[51]=69.9712
     rtt[52]=70.5311
     rtt[53]=71.2502
     rtt[54]=71.3435
     rtt[55]=71.3727
     rtt[56]=71.5681
     rtt[57]=71.7301
     rtt[58]=71.7606
     rtt[59]=71.801
     rtt[60]=71.8982
     rtt[61]=71.8994
     rtt[62]=71.9542
     rtt[63]=72.1052
     rtt[64]=72.1419
     rtt[65]=72.1476
     rtt[66]=72.1822
     rtt[67]=72.2162
     rtt[68]=72.2261
     rtt[69]=72.2288
     rtt[70]=72.4105
     rtt[71]=72.5585
     rtt[72]=72.8075
     rtt[73]=73.2338
     rtt[74]=73.4987
     rtt[75]=73.5651
     rtt[76]=74.0358
     rtt[77]=74.2541
     rtt[78]=74.9168
     rtt[79]=74.9696
     rtt[80]=75.0943
     rtt[81]=75.2453
     rtt[82]=75.3199
     rtt[83]=75.7157
     rtt[84]=75.7958
     rtt[85]=75.9715
     rtt[86]=76.02
     rtt[87]=76.0429
     rtt[88]=76.4006
     rtt[89]=76.496
     rtt[90]=76.584
     rtt[91]=76.7288
     rtt[92]=77.0562
     rtt[93]=77.3277
     rtt[94]=77.6894
     rtt[95]=78.1637
     rtt[96]=78.4098
     rtt[97]=78.9552
     rtt[98]=79.2874
     rtt[99]=79.5304
     rtt[100]=79.6043
     rtt[101]=79.6918
     rtt[102]=79.7341
     rtt[103]=79.8675
     rtt[104]=80.0139
     rtt[105]=80.0154
     rtt[106]=80.0651
     rtt[107]=80.0778
     rtt[108]=80.0968
     rtt[109]=80.1031
     rtt[110]=80.1471
     rtt[111]=80.1942
     rtt[112]=80.3225
     rtt[113]=80.4231
     rtt[114]=80.4369
     rtt[115]=80.4422
     rtt[116]=81.1749
     rtt[117]=81.3446
     rtt[118]=81.4821
     rtt[119]=81.6635
     rtt[120]=81.676
     rtt[121]=81.7593
     rtt[122]=84.0633
     rtt[123]=84.3904
     rtt[124]=84.4427
     rtt[125]=84.6578
     rtt[126]=84.6722
     rtt[127]=84.7454
     rtt[128]=85.9348
     rtt[129]=88.0391
     rtt[130]=88.2388
     rtt[131]=88.4539
     rtt[132]=88.5691
     rtt[133]=89.1549
     rtt[134]=90.1885
     rtt[135]=91.5153
     rtt[136]=91.6543
     rtt[137]=91.9375
     rtt[138]=94.2079
     rtt[139]=94.2811
     rtt[140]=95.3929
     rtt[141]=95.7999
     rtt[142]=96.0884
     rtt[143]=96.8962
     rtt[144]=97.6258
     rtt[145]=98.3668
     rtt[146]=99.8134
     rtt[147]=100.199
     rtt[148]=109.034
     rtt[149]=111.861
     rtt[150]=140.015

UDP Ping:  Statistics over 151 repetitions of 3072 byte messages

RTT : percentile 10: 62.2415, median: 73.5651, percentile 90: 91.5153, average: 75.5955, variance: 144.112

RTT histogram:
58.7839 15
62.8455 15
66.907 19
70.9685 24
75.0301 20
79.0916 23
83.1532 12
87.2147 6
91.2762 4
95.3378 6
99.3993 4
103.461 0
107.522 1
111.584 1
115.645 0
119.707 0
123.769 0
127.83 0
131.892 0
135.953 0
140.015 1

   median Throughput : 83.5179 KB/s   overall Throughput : 81.2746 KB/s

