UDP Ping trying to connect to server webdev.dibris.unige.it (130.251.61.30) on TCP port 1491
 ... connected to Pong server: asking for 151 repetitions of 1024 _bytes UDP messages
 ... Pong server agreed to ping-pong using port 62831 :-)
 ... about to connect socket 3 to IP address 130.251.61.30, port 62831
 ... sending message 1
Round trip time was 81.257 milliseconds in repetition 1
 ... sending message 2
Round trip time was 85.471 milliseconds in repetition 2
 ... sending message 3
Round trip time was 78.111 milliseconds in repetition 3
 ... sending message 4
Round trip time was 76.112 milliseconds in repetition 4
 ... sending message 5
Round trip time was 67.968 milliseconds in repetition 5
 ... sending message 6
Round trip time was 60.112 milliseconds in repetition 6
 ... sending message 7
Round trip time was 75.991 milliseconds in repetition 7
 ... sending message 8
Round trip time was 84.170 milliseconds in repetition 8
 ... sending message 9
Round trip time was 63.905 milliseconds in repetition 9
 ... sending message 10
Round trip time was 79.740 milliseconds in repetition 10
 ... sending message 11
Round trip time was 71.062 milliseconds in repetition 11
 ... sending message 12
Round trip time was 73.439 milliseconds in repetition 12
 ... sending message 13
Round trip time was 71.472 milliseconds in repetition 13
 ... sending message 14
Round trip time was 60.165 milliseconds in repetition 14
 ... sending message 15
Round trip time was 60.040 milliseconds in repetition 15
 ... sending message 16
Round trip time was 64.026 milliseconds in repetition 16
 ... sending message 17
Round trip time was 67.937 milliseconds in repetition 17
 ... sending message 18
Round trip time was 75.917 milliseconds in repetition 18
 ... sending message 19
Round trip time was 63.970 milliseconds in repetition 19
 ... sending message 20
Round trip time was 60.265 milliseconds in repetition 20
 ... sending message 21
Round trip time was 59.621 milliseconds in repetition 21
 ... sending message 22
Round trip time was 59.995 milliseconds in repetition 22
 ... sending message 23
Round trip time was 60.206 milliseconds in repetition 23
 ... sending message 24
Round trip time was 121.858 milliseconds in repetition 24
 ... sending message 25
Round trip time was 94.165 milliseconds in repetition 25
 ... sending message 26
Round trip time was 80.026 milliseconds in repetition 26
 ... sending message 27
Round trip time was 63.858 milliseconds in repetition 27
 ... sending message 28
Round trip time was 63.303 milliseconds in repetition 28
 ... sending message 29
Round trip time was 92.716 milliseconds in repetition 29
 ... sending message 30
Round trip time was 71.846 milliseconds in repetition 30
 ... sending message 31
Round trip time was 78.241 milliseconds in repetition 31
 ... sending message 32
Round trip time was 78.222 milliseconds in repetition 32
 ... sending message 33
Round trip time was 63.513 milliseconds in repetition 33
 ... sending message 34
Round trip time was 59.759 milliseconds in repetition 34
 ... sending message 35
Round trip time was 62.791 milliseconds in repetition 35
 ... sending message 36
Round trip time was 87.183 milliseconds in repetition 36
 ... sending message 37
Round trip time was 78.525 milliseconds in repetition 37
 ... sending message 38
Round trip time was 64.221 milliseconds in repetition 38
 ... sending message 39
Round trip time was 67.652 milliseconds in repetition 39
 ... sending message 40
Round trip time was 88.300 milliseconds in repetition 40
 ... sending message 41
Round trip time was 91.476 milliseconds in repetition 41
 ... sending message 42
Round trip time was 67.953 milliseconds in repetition 42
 ... sending message 43
Round trip time was 64.075 milliseconds in repetition 43
 ... sending message 44
Round trip time was 75.208 milliseconds in repetition 44
 ... sending message 45
Round trip time was 72.976 milliseconds in repetition 45
 ... sending message 46
Round trip time was 61.425 milliseconds in repetition 46
 ... sending message 47
Round trip time was 58.369 milliseconds in repetition 47
 ... sending message 48
Round trip time was 67.915 milliseconds in repetition 48
 ... sending message 49
Round trip time was 80.058 milliseconds in repetition 49
 ... sending message 50
Round trip time was 72.126 milliseconds in repetition 50
 ... sending message 51
Round trip time was 60.080 milliseconds in repetition 51
 ... sending message 52
Round trip time was 59.907 milliseconds in repetition 52
 ... sending message 53
Round trip time was 84.063 milliseconds in repetition 53
 ... sending message 54
Round trip time was 76.096 milliseconds in repetition 54
 ... sending message 55
Round trip time was 59.375 milliseconds in repetition 55
 ... sending message 56
Round trip time was 76.280 milliseconds in repetition 56
 ... sending message 57
Round trip time was 71.958 milliseconds in repetition 57
 ... sending message 58
Round trip time was 80.358 milliseconds in repetition 58
 ... sending message 59
Round trip time was 65.495 milliseconds in repetition 59
 ... sending message 60
Round trip time was 58.439 milliseconds in repetition 60
 ... sending message 61
Round trip time was 91.231 milliseconds in repetition 61
 ... sending message 62
Round trip time was 68.520 milliseconds in repetition 62
 ... sending message 63
Round trip time was 88.970 milliseconds in repetition 63
 ... sending message 64
Round trip time was 62.636 milliseconds in repetition 64
 ... sending message 65
Round trip time was 81.517 milliseconds in repetition 65
 ... sending message 66
Round trip time was 74.650 milliseconds in repetition 66
 ... sending message 67
Round trip time was 64.229 milliseconds in repetition 67
 ... sending message 68
Round trip time was 55.750 milliseconds in repetition 68
 ... sending message 69
Round trip time was 88.808 milliseconds in repetition 69
 ... sending message 70
Round trip time was 83.019 milliseconds in repetition 70
 ... sending message 71
Round trip time was 61.996 milliseconds in repetition 71
 ... sending message 72
Round trip time was 66.317 milliseconds in repetition 72
 ... sending message 73
Round trip time was 121.605 milliseconds in repetition 73
 ... sending message 74
Round trip time was 86.952 milliseconds in repetition 74
 ... sending message 75
Round trip time was 73.842 milliseconds in repetition 75
 ... sending message 76
Round trip time was 69.518 milliseconds in repetition 76
 ... sending message 77
Round trip time was 62.700 milliseconds in repetition 77
 ... sending message 78
Round trip time was 77.311 milliseconds in repetition 78
 ... sending message 79
Round trip time was 60.375 milliseconds in repetition 79
 ... sending message 80
Round trip time was 59.479 milliseconds in repetition 80
 ... sending message 81
Round trip time was 84.115 milliseconds in repetition 81
 ... sending message 82
Round trip time was 91.739 milliseconds in repetition 82
 ... sending message 83
Round trip time was 64.070 milliseconds in repetition 83
 ... sending message 84
Round trip time was 60.219 milliseconds in repetition 84
 ... sending message 85
Round trip time was 86.179 milliseconds in repetition 85
 ... sending message 86
Round trip time was 81.924 milliseconds in repetition 86
 ... sending message 87
Round trip time was 75.531 milliseconds in repetition 87
 ... sending message 88
Round trip time was 72.507 milliseconds in repetition 88
 ... sending message 89
Round trip time was 65.904 milliseconds in repetition 89
 ... sending message 90
Round trip time was 77.723 milliseconds in repetition 90
 ... sending message 91
Round trip time was 59.791 milliseconds in repetition 91
 ... sending message 92
Round trip time was 60.570 milliseconds in repetition 92
 ... sending message 93
Round trip time was 59.859 milliseconds in repetition 93
 ... sending message 94
Round trip time was 67.668 milliseconds in repetition 94
 ... sending message 95
Round trip time was 68.265 milliseconds in repetition 95
 ... sending message 96
Round trip time was 71.945 milliseconds in repetition 96
 ... sending message 97
Round trip time was 59.969 milliseconds in repetition 97
 ... sending message 98
Round trip time was 71.941 milliseconds in repetition 98
 ... sending message 99
Round trip time was 67.993 milliseconds in repetition 99
 ... sending message 100
Round trip time was 63.650 milliseconds in repetition 100
 ... sending message 101
Round trip time was 76.298 milliseconds in repetition 101
 ... sending message 102
Round trip time was 89.683 milliseconds in repetition 102
 ... sending message 103
Round trip time was 86.275 milliseconds in repetition 103
 ... sending message 104
Round trip time was 83.966 milliseconds in repetition 104
 ... sending message 105
Round trip time was 64.643 milliseconds in repetition 105
 ... sending message 106
Round trip time was 72.272 milliseconds in repetition 106
 ... sending message 107
Round trip time was 77.865 milliseconds in repetition 107
 ... sending message 108
Round trip time was 86.316 milliseconds in repetition 108
 ... sending message 109
Round trip time was 66.551 milliseconds in repetition 109
 ... sending message 110
Round trip time was 64.421 milliseconds in repetition 110
 ... sending message 111
Round trip time was 76.846 milliseconds in repetition 111
 ... sending message 112
Round trip time was 76.034 milliseconds in repetition 112
 ... sending message 113
Round trip time was 91.027 milliseconds in repetition 113
 ... sending message 114
Round trip time was 64.725 milliseconds in repetition 114
 ... sending message 115
Round trip time was 68.401 milliseconds in repetition 115
 ... sending message 116
Round trip time was 70.590 milliseconds in repetition 116
 ... sending message 117
Round trip time was 71.881 milliseconds in repetition 117
 ... sending message 118
Round trip time was 74.023 milliseconds in repetition 118
 ... sending message 119
Round trip time was 86.246 milliseconds in repetition 119
 ... sending message 120
Round trip time was 111.493 milliseconds in repetition 120
 ... sending message 121
Round trip time was 101.380 milliseconds in repetition 121
 ... sending message 122
Round trip time was 83.219 milliseconds in repetition 122
 ... sending message 123
Round trip time was 64.001 milliseconds in repetition 123
 ... sending message 124
Round trip time was 59.575 milliseconds in repetition 124
 ... sending message 125
Round trip time was 91.512 milliseconds in repetition 125
 ... sending message 126
Round trip time was 68.782 milliseconds in repetition 126
 ... sending message 127
Round trip time was 59.949 milliseconds in repetition 127
 ... sending message 128
Round trip time was 61.804 milliseconds in repetition 128
 ... sending message 129
Round trip time was 62.072 milliseconds in repetition 129
 ... sending message 130
Round trip time was 64.496 milliseconds in repetition 130
 ... sending message 131
Round trip time was 68.253 milliseconds in repetition 131
 ... sending message 132
Round trip time was 71.279 milliseconds in repetition 132
 ... sending message 133
Round trip time was 60.013 milliseconds in repetition 133
 ... sending message 134
Round trip time was 82.047 milliseconds in repetition 134
 ... sending message 135
Round trip time was 78.056 milliseconds in repetition 135
 ... sending message 136
Round trip time was 68.030 milliseconds in repetition 136
 ... sending message 137
Round trip time was 63.783 milliseconds in repetition 137
 ... sending message 138
Round trip time was 88.784 milliseconds in repetition 138
 ... sending message 139
Round trip time was 79.412 milliseconds in repetition 139
 ... sending message 140
Round trip time was 67.797 milliseconds in repetition 140
 ... sending message 141
Round trip time was 65.899 milliseconds in repetition 141
 ... sending message 142
Round trip time was 112.013 milliseconds in repetition 142
 ... sending message 143
Round trip time was 94.472 milliseconds in repetition 143
 ... sending message 144
Round trip time was 63.579 milliseconds in repetition 144
 ... sending message 145
Round trip time was 68.659 milliseconds in repetition 145
 ... sending message 146
Round trip time was 67.345 milliseconds in repetition 146
 ... sending message 147
Round trip time was 71.929 milliseconds in repetition 147
 ... sending message 148
Round trip time was 68.037 milliseconds in repetition 148
 ... sending message 149
Round trip time was 69.836 milliseconds in repetition 149
 ... sending message 150
Round trip time was 67.080 milliseconds in repetition 150
 ... sending message 151
Round trip time was 90.838 milliseconds in repetition 151

 ... clock resolution was 1e-06 h_min=55.75,  h_max=121.858, h_incr=3.30538
     rtt[0]=55.75
     rtt[1]=58.3685
     rtt[2]=58.4392
     rtt[3]=59.3753
     rtt[4]=59.4794
     rtt[5]=59.5746
     rtt[6]=59.6208
     rtt[7]=59.7591
     rtt[8]=59.7912
     rtt[9]=59.8595
     rtt[10]=59.9065
     rtt[11]=59.9486
     rtt[12]=59.9693
     rtt[13]=59.9949
     rtt[14]=60.0126
     rtt[15]=60.0399
     rtt[16]=60.0798
     rtt[17]=60.1123
     rtt[18]=60.1649
     rtt[19]=60.2056
     rtt[20]=60.2189
     rtt[21]=60.2645
     rtt[22]=60.3748
     rtt[23]=60.5696
     rtt[24]=61.4253
     rtt[25]=61.8042
     rtt[26]=61.9956
     rtt[27]=62.0724
     rtt[28]=62.6355
     rtt[29]=62.6995
     rtt[30]=62.791
     rtt[31]=63.3026
     rtt[32]=63.5129
     rtt[33]=63.5786
     rtt[34]=63.6505
     rtt[35]=63.7835
     rtt[36]=63.8577
     rtt[37]=63.9052
     rtt[38]=63.9702
     rtt[39]=64.0006
     rtt[40]=64.0264
     rtt[41]=64.0704
     rtt[42]=64.0752
     rtt[43]=64.2207
     rtt[44]=64.2294
     rtt[45]=64.4209
     rtt[46]=64.4962
     rtt[47]=64.6434
     rtt[48]=64.7248
     rtt[49]=65.4945
     rtt[50]=65.8986
     rtt[51]=65.9037
     rtt[52]=66.3173
     rtt[53]=66.5505
     rtt[54]=67.0798
     rtt[55]=67.3449
     rtt[56]=67.6521
     rtt[57]=67.6679
     rtt[58]=67.7967
     rtt[59]=67.9146
     rtt[60]=67.9373
     rtt[61]=67.9525
     rtt[62]=67.9683
     rtt[63]=67.9925
     rtt[64]=68.0301
     rtt[65]=68.0368
     rtt[66]=68.2528
     rtt[67]=68.2646
     rtt[68]=68.4008
     rtt[69]=68.5195
     rtt[70]=68.6592
     rtt[71]=68.7815
     rtt[72]=69.518
     rtt[73]=69.8359
     rtt[74]=70.5896
     rtt[75]=71.0617
     rtt[76]=71.2789
     rtt[77]=71.472
     rtt[78]=71.8461
     rtt[79]=71.8808
     rtt[80]=71.9294
     rtt[81]=71.9409
     rtt[82]=71.9452
     rtt[83]=71.9578
     rtt[84]=72.1262
     rtt[85]=72.2724
     rtt[86]=72.5072
     rtt[87]=72.9758
     rtt[88]=73.439
     rtt[89]=73.8419
     rtt[90]=74.0228
     rtt[91]=74.6499
     rtt[92]=75.2083
     rtt[93]=75.5314
     rtt[94]=75.9173
     rtt[95]=75.9911
     rtt[96]=76.0338
     rtt[97]=76.0964
     rtt[98]=76.1125
     rtt[99]=76.2797
     rtt[100]=76.2975
     rtt[101]=76.8458
     rtt[102]=77.3111
     rtt[103]=77.7226
     rtt[104]=77.8654
     rtt[105]=78.0558
     rtt[106]=78.1111
     rtt[107]=78.2222
     rtt[108]=78.2409
     rtt[109]=78.525
     rtt[110]=79.4124
     rtt[111]=79.7402
     rtt[112]=80.026
     rtt[113]=80.0584
     rtt[114]=80.358
     rtt[115]=81.2573
     rtt[116]=81.5174
     rtt[117]=81.9236
     rtt[118]=82.0471
     rtt[119]=83.0191
     rtt[120]=83.219
     rtt[121]=83.9663
     rtt[122]=84.0627
     rtt[123]=84.1149
     rtt[124]=84.1696
     rtt[125]=85.4706
     rtt[126]=86.1786
     rtt[127]=86.2462
     rtt[128]=86.2754
     rtt[129]=86.3163
     rtt[130]=86.9517
     rtt[131]=87.1834
     rtt[132]=88.3004
     rtt[133]=88.7842
     rtt[134]=88.8083
     rtt[135]=88.9699
     rtt[136]=89.6826
     rtt[137]=90.8382
     rtt[138]=91.0271
     rtt[139]=91.2307
     rtt[140]=91.4757
     rtt[141]=91.5116
     rtt[142]=91.7392
     rtt[143]=92.7158
     rtt[144]=94.1653
     rtt[145]=94.472
     rtt[146]=101.38
     rtt[147]=111.493
     rtt[148]=112.013
     rtt[149]=121.605
     rtt[150]=121.858

UDP Ping:  Statistics over 151 repetitions of 1024 byte messages

RTT : percentile 10: 60.0399, median: 71.0617, percentile 90: 88.9699, average: 73.3459, variance: 154.724

RTT histogram:
55.75 1
59.0554 23
62.3608 16
65.6662 15
68.9715 20
72.2769 15
75.5823 12
78.8877 13
82.1931 6
85.4985 10
88.8038 6
92.1092 7
95.4146 2
98.72 0
102.025 1
105.331 0
108.636 0
111.942 2
115.247 0
118.552 0
121.858 2

   median Throughput : 28.82 KB/s   overall Throughput : 27.9225 KB/s

