UDP Ping trying to connect to server webdev.dibris.unige.it (130.251.61.30) on TCP port 1491
 ... connected to Pong server: asking for 151 repetitions of 512 _bytes UDP messages
 ... Pong server agreed to ping-pong using port 62831 :-)
 ... about to connect socket 3 to IP address 130.251.61.30, port 62831
 ... sending message 1
Round trip time was 65.303 milliseconds in repetition 1
 ... sending message 2
Round trip time was 89.470 milliseconds in repetition 2
 ... sending message 3
Round trip time was 73.418 milliseconds in repetition 3
 ... sending message 4
Round trip time was 76.889 milliseconds in repetition 4
 ... sending message 5
Round trip time was 62.911 milliseconds in repetition 5
 ... sending message 6
Round trip time was 86.931 milliseconds in repetition 6
 ... sending message 7
Round trip time was 93.728 milliseconds in repetition 7
 ... sending message 8
Round trip time was 71.648 milliseconds in repetition 8
 ... sending message 9
Round trip time was 80.107 milliseconds in repetition 9
 ... sending message 10
Round trip time was 84.880 milliseconds in repetition 10
 ... sending message 11
Round trip time was 74.757 milliseconds in repetition 11
 ... sending message 12
Round trip time was 60.095 milliseconds in repetition 12
 ... sending message 13
Round trip time was 60.078 milliseconds in repetition 13
 ... sending message 14
Round trip time was 60.142 milliseconds in repetition 14
 ... sending message 15
Round trip time was 59.857 milliseconds in repetition 15
 ... sending message 16
Round trip time was 59.889 milliseconds in repetition 16
 ... sending message 17
Round trip time was 67.961 milliseconds in repetition 17
 ... sending message 18
Round trip time was 59.694 milliseconds in repetition 18
 ... sending message 19
Round trip time was 60.438 milliseconds in repetition 19
 ... sending message 20
Round trip time was 59.621 milliseconds in repetition 20
 ... sending message 21
Round trip time was 60.413 milliseconds in repetition 21
 ... sending message 22
Round trip time was 86.480 milliseconds in repetition 22
 ... sending message 23
Round trip time was 81.348 milliseconds in repetition 23
 ... sending message 24
Round trip time was 64.028 milliseconds in repetition 24
 ... sending message 25
Round trip time was 62.021 milliseconds in repetition 25
 ... sending message 26
Round trip time was 57.824 milliseconds in repetition 26
 ... sending message 27
Round trip time was 67.983 milliseconds in repetition 27
 ... sending message 28
Round trip time was 89.101 milliseconds in repetition 28
 ... sending message 29
Round trip time was 81.616 milliseconds in repetition 29
 ... sending message 30
Round trip time was 61.932 milliseconds in repetition 30
 ... sending message 31
Round trip time was 59.391 milliseconds in repetition 31
 ... sending message 32
Round trip time was 60.142 milliseconds in repetition 32
 ... sending message 33
Round trip time was 67.884 milliseconds in repetition 33
 ... sending message 34
Round trip time was 68.323 milliseconds in repetition 34
 ... sending message 35
Round trip time was 64.065 milliseconds in repetition 35
 ... sending message 36
Round trip time was 59.440 milliseconds in repetition 36
 ... sending message 37
Round trip time was 76.139 milliseconds in repetition 37
 ... sending message 38
Round trip time was 72.223 milliseconds in repetition 38
 ... sending message 39
Round trip time was 60.003 milliseconds in repetition 39
 ... sending message 40
Round trip time was 67.767 milliseconds in repetition 40
 ... sending message 41
Round trip time was 63.755 milliseconds in repetition 41
 ... sending message 42
Round trip time was 60.658 milliseconds in repetition 42
 ... sending message 43
Round trip time was 75.501 milliseconds in repetition 43
 ... sending message 44
Round trip time was 63.947 milliseconds in repetition 44
 ... sending message 45
Round trip time was 67.967 milliseconds in repetition 45
 ... sending message 46
Round trip time was 71.817 milliseconds in repetition 46
 ... sending message 47
Round trip time was 60.179 milliseconds in repetition 47
 ... sending message 48
Round trip time was 59.999 milliseconds in repetition 48
 ... sending message 49
Round trip time was 60.258 milliseconds in repetition 49
 ... sending message 50
Round trip time was 67.844 milliseconds in repetition 50
 ... sending message 51
Round trip time was 60.004 milliseconds in repetition 51
 ... sending message 52
Round trip time was 67.869 milliseconds in repetition 52
 ... sending message 53
Round trip time was 64.293 milliseconds in repetition 53
 ... sending message 54
Round trip time was 59.386 milliseconds in repetition 54
 ... sending message 55
Round trip time was 98.340 milliseconds in repetition 55
 ... sending message 56
Round trip time was 75.977 milliseconds in repetition 56
 ... sending message 57
Round trip time was 73.702 milliseconds in repetition 57
 ... sending message 58
Round trip time was 60.263 milliseconds in repetition 58
 ... sending message 59
Round trip time was 83.343 milliseconds in repetition 59
 ... sending message 60
Round trip time was 68.368 milliseconds in repetition 60
 ... sending message 61
Round trip time was 69.000 milliseconds in repetition 61
 ... sending message 62
Round trip time was 55.215 milliseconds in repetition 62
 ... sending message 63
Round trip time was 64.033 milliseconds in repetition 63
 ... sending message 64
Round trip time was 55.947 milliseconds in repetition 64
 ... sending message 65
Round trip time was 64.332 milliseconds in repetition 65
 ... sending message 66
Round trip time was 59.500 milliseconds in repetition 66
 ... sending message 67
Round trip time was 60.232 milliseconds in repetition 67
 ... sending message 68
Round trip time was 59.877 milliseconds in repetition 68
 ... sending message 69
Round trip time was 59.993 milliseconds in repetition 69
 ... sending message 70
Round trip time was 60.031 milliseconds in repetition 70
 ... sending message 71
Round trip time was 60.025 milliseconds in repetition 71
 ... sending message 72
Round trip time was 63.997 milliseconds in repetition 72
 ... sending message 73
Round trip time was 96.061 milliseconds in repetition 73
 ... sending message 74
Round trip time was 71.673 milliseconds in repetition 74
 ... sending message 75
Round trip time was 61.368 milliseconds in repetition 75
 ... sending message 76
Round trip time was 71.050 milliseconds in repetition 76
 ... sending message 77
Round trip time was 94.137 milliseconds in repetition 77
 ... sending message 78
Round trip time was 73.759 milliseconds in repetition 78
 ... sending message 79
Round trip time was 76.174 milliseconds in repetition 79
 ... sending message 80
Round trip time was 63.865 milliseconds in repetition 80
 ... sending message 81
Round trip time was 84.113 milliseconds in repetition 81
 ... sending message 82
Round trip time was 75.574 milliseconds in repetition 82
 ... sending message 83
Round trip time was 88.970 milliseconds in repetition 83
 ... sending message 84
Round trip time was 59.870 milliseconds in repetition 84
 ... sending message 85
Round trip time was 75.103 milliseconds in repetition 85
 ... sending message 86
Round trip time was 86.490 milliseconds in repetition 86
 ... sending message 87
Round trip time was 73.804 milliseconds in repetition 87
 ... sending message 88
Round trip time was 63.806 milliseconds in repetition 88
 ... sending message 89
Round trip time was 76.596 milliseconds in repetition 89
 ... sending message 90
Round trip time was 93.457 milliseconds in repetition 90
 ... sending message 91
Round trip time was 61.844 milliseconds in repetition 91
 ... sending message 92
Round trip time was 67.823 milliseconds in repetition 92
 ... sending message 93
Round trip time was 74.358 milliseconds in repetition 93
 ... sending message 94
Round trip time was 66.544 milliseconds in repetition 94
 ... sending message 95
Round trip time was 67.350 milliseconds in repetition 95
 ... sending message 96
Round trip time was 63.853 milliseconds in repetition 96
 ... sending message 97
Round trip time was 61.241 milliseconds in repetition 97
 ... sending message 98
Round trip time was 59.722 milliseconds in repetition 98
 ... sending message 99
Round trip time was 66.927 milliseconds in repetition 99
 ... sending message 100
Round trip time was 78.106 milliseconds in repetition 100
 ... sending message 101
Round trip time was 66.094 milliseconds in repetition 101
 ... sending message 102
Round trip time was 67.517 milliseconds in repetition 102
 ... sending message 103
Round trip time was 68.283 milliseconds in repetition 103
 ... sending message 104
Round trip time was 60.947 milliseconds in repetition 104
 ... sending message 105
Round trip time was 58.743 milliseconds in repetition 105
 ... sending message 106
Round trip time was 60.121 milliseconds in repetition 106
 ... sending message 107
Round trip time was 60.151 milliseconds in repetition 107
 ... sending message 108
Round trip time was 70.356 milliseconds in repetition 108
 ... sending message 109
Round trip time was 96.910 milliseconds in repetition 109
 ... sending message 110
Round trip time was 72.546 milliseconds in repetition 110
 ... sending message 111
Round trip time was 59.929 milliseconds in repetition 111
 ... sending message 112
Round trip time was 60.029 milliseconds in repetition 112
 ... sending message 113
Round trip time was 60.479 milliseconds in repetition 113
 ... sending message 114
Round trip time was 87.544 milliseconds in repetition 114
 ... sending message 115
Round trip time was 87.069 milliseconds in repetition 115
 ... sending message 116
Round trip time was 73.217 milliseconds in repetition 116
 ... sending message 117
Round trip time was 67.685 milliseconds in repetition 117
 ... sending message 118
Round trip time was 76.249 milliseconds in repetition 118
 ... sending message 119
Round trip time was 73.021 milliseconds in repetition 119
 ... sending message 120
Round trip time was 66.881 milliseconds in repetition 120
 ... sending message 121
Round trip time was 75.768 milliseconds in repetition 121
 ... sending message 122
Round trip time was 72.507 milliseconds in repetition 122
 ... sending message 123
Round trip time was 83.516 milliseconds in repetition 123
 ... sending message 124
Round trip time was 68.327 milliseconds in repetition 124
 ... sending message 125
Round trip time was 59.943 milliseconds in repetition 125
 ... sending message 126
Round trip time was 59.673 milliseconds in repetition 126
 ... sending message 127
Round trip time was 59.992 milliseconds in repetition 127
 ... sending message 128
Round trip time was 67.964 milliseconds in repetition 128
 ... sending message 129
Round trip time was 60.024 milliseconds in repetition 129
 ... sending message 130
Round trip time was 60.250 milliseconds in repetition 130
 ... sending message 131
Round trip time was 59.998 milliseconds in repetition 131
 ... sending message 132
Round trip time was 101.297 milliseconds in repetition 132
 ... sending message 133
Round trip time was 70.714 milliseconds in repetition 133
 ... sending message 134
Round trip time was 68.645 milliseconds in repetition 134
 ... sending message 135
Round trip time was 71.351 milliseconds in repetition 135
 ... sending message 136
Round trip time was 89.304 milliseconds in repetition 136
 ... sending message 137
Round trip time was 78.544 milliseconds in repetition 137
 ... sending message 138
Round trip time was 67.779 milliseconds in repetition 138
 ... sending message 139
Round trip time was 64.394 milliseconds in repetition 139
 ... sending message 140
Round trip time was 91.064 milliseconds in repetition 140
 ... sending message 141
Round trip time was 68.825 milliseconds in repetition 141
 ... sending message 142
Round trip time was 59.890 milliseconds in repetition 142
 ... sending message 143
Round trip time was 67.833 milliseconds in repetition 143
 ... sending message 144
Round trip time was 68.322 milliseconds in repetition 144
 ... sending message 145
Round trip time was 79.597 milliseconds in repetition 145
 ... sending message 146
Round trip time was 64.420 milliseconds in repetition 146
 ... sending message 147
Round trip time was 59.828 milliseconds in repetition 147
 ... sending message 148
Round trip time was 67.619 milliseconds in repetition 148
 ... sending message 149
Round trip time was 68.309 milliseconds in repetition 149
 ... sending message 150
Round trip time was 64.221 milliseconds in repetition 150
 ... sending message 151
Round trip time was 60.295 milliseconds in repetition 151

 ... clock resolution was 1e-06 h_min=55.2154,  h_max=101.297, h_incr=2.30405
     rtt[0]=55.2154
     rtt[1]=55.9472
     rtt[2]=57.8244
     rtt[3]=58.7427
     rtt[4]=59.3855
     rtt[5]=59.3914
     rtt[6]=59.4399
     rtt[7]=59.5001
     rtt[8]=59.621
     rtt[9]=59.6731
     rtt[10]=59.6941
     rtt[11]=59.7222
     rtt[12]=59.8279
     rtt[13]=59.8567
     rtt[14]=59.87
     rtt[15]=59.8768
     rtt[16]=59.8894
     rtt[17]=59.8898
     rtt[18]=59.9287
     rtt[19]=59.9433
     rtt[20]=59.9919
     rtt[21]=59.9926
     rtt[22]=59.9979
     rtt[23]=59.9989
     rtt[24]=60.0034
     rtt[25]=60.004
     rtt[26]=60.0245
     rtt[27]=60.0252
     rtt[28]=60.0291
     rtt[29]=60.0311
     rtt[30]=60.0777
     rtt[31]=60.0953
     rtt[32]=60.1206
     rtt[33]=60.1416
     rtt[34]=60.1423
     rtt[35]=60.1505
     rtt[36]=60.1793
     rtt[37]=60.2324
     rtt[38]=60.2496
     rtt[39]=60.2582
     rtt[40]=60.2631
     rtt[41]=60.2954
     rtt[42]=60.4129
     rtt[43]=60.4377
     rtt[44]=60.4791
     rtt[45]=60.6579
     rtt[46]=60.9468
     rtt[47]=61.2408
     rtt[48]=61.3682
     rtt[49]=61.8436
     rtt[50]=61.9322
     rtt[51]=62.0212
     rtt[52]=62.9105
     rtt[53]=63.7546
     rtt[54]=63.806
     rtt[55]=63.8532
     rtt[56]=63.8651
     rtt[57]=63.9472
     rtt[58]=63.997
     rtt[59]=64.0283
     rtt[60]=64.0331
     rtt[61]=64.0653
     rtt[62]=64.2206
     rtt[63]=64.2933
     rtt[64]=64.3319
     rtt[65]=64.3935
     rtt[66]=64.4204
     rtt[67]=65.3031
     rtt[68]=66.0936
     rtt[69]=66.5444
     rtt[70]=66.8806
     rtt[71]=66.9266
     rtt[72]=67.3505
     rtt[73]=67.5168
     rtt[74]=67.6193
     rtt[75]=67.6845
     rtt[76]=67.7669
     rtt[77]=67.779
     rtt[78]=67.8225
     rtt[79]=67.8329
     rtt[80]=67.8437
     rtt[81]=67.8686
     rtt[82]=67.8843
     rtt[83]=67.9607
     rtt[84]=67.9635
     rtt[85]=67.9672
     rtt[86]=67.9831
     rtt[87]=68.2829
     rtt[88]=68.3088
     rtt[89]=68.3222
     rtt[90]=68.3226
     rtt[91]=68.3269
     rtt[92]=68.3675
     rtt[93]=68.6452
     rtt[94]=68.8254
     rtt[95]=69.0005
     rtt[96]=70.3562
     rtt[97]=70.7143
     rtt[98]=71.0495
     rtt[99]=71.3513
     rtt[100]=71.6483
     rtt[101]=71.6725
     rtt[102]=71.8167
     rtt[103]=72.2228
     rtt[104]=72.5074
     rtt[105]=72.5461
     rtt[106]=73.0212
     rtt[107]=73.2172
     rtt[108]=73.4181
     rtt[109]=73.7024
     rtt[110]=73.7587
     rtt[111]=73.804
     rtt[112]=74.3575
     rtt[113]=74.7574
     rtt[114]=75.1029
     rtt[115]=75.5013
     rtt[116]=75.5736
     rtt[117]=75.7684
     rtt[118]=75.9773
     rtt[119]=76.1388
     rtt[120]=76.1741
     rtt[121]=76.2493
     rtt[122]=76.5964
     rtt[123]=76.8893
     rtt[124]=78.1059
     rtt[125]=78.5443
     rtt[126]=79.5971
     rtt[127]=80.1069
     rtt[128]=81.348
     rtt[129]=81.6162
     rtt[130]=83.343
     rtt[131]=83.5164
     rtt[132]=84.1135
     rtt[133]=84.8799
     rtt[134]=86.4797
     rtt[135]=86.4904
     rtt[136]=86.9306
     rtt[137]=87.0692
     rtt[138]=87.544
     rtt[139]=88.9705
     rtt[140]=89.1012
     rtt[141]=89.3037
     rtt[142]=89.4696
     rtt[143]=91.0643
     rtt[144]=93.4568
     rtt[145]=93.7283
     rtt[146]=94.1366
     rtt[147]=96.0607
     rtt[148]=96.9102
     rtt[149]=98.3399
     rtt[150]=101.297

UDP Ping:  Statistics over 151 repetitions of 512 byte messages

RTT : percentile 10: 59.8768, median: 67.6845, percentile 90: 86.4904, average: 69.3988, variance: 107.3

RTT histogram:
55.2154 2
57.5195 1
59.8235 44
62.1276 6
64.4316 15
66.7357 15
69.0398 13
71.3438 8
73.6479 10
75.9519 10
78.256 2
80.56 4
82.8641 2
85.1681 2
87.4722 5
89.7762 4
92.0803 1
94.3843 3
96.6884 2
98.9924 1
101.297 1

   median Throughput : 15.129 KB/s   overall Throughput : 14.7553 KB/s

