UDP Ping trying to connect to server webdev.dibris.unige.it (130.251.61.30) on TCP port 1491
 ... connected to Pong server: asking for 151 repetitions of 384 _bytes UDP messages
 ... Pong server agreed to ping-pong using port 62831 :-)
 ... about to connect socket 3 to IP address 130.251.61.30, port 62831
 ... sending message 1
Round trip time was 200.791 milliseconds in repetition 1
 ... sending message 2
Round trip time was 205.012 milliseconds in repetition 2
 ... sending message 3

 ... received 0 bytes instead of 384 (lost count = 1); re-trying ...
 ... re-trying ...
 ... sending message 3
Round trip time was 757.296 milliseconds in repetition 3
 ... sending message 4
Round trip time was 216.316 milliseconds in repetition 4
 ... sending message 5
Round trip time was 205.964 milliseconds in repetition 5
 ... sending message 6
Round trip time was 214.074 milliseconds in repetition 6
 ... sending message 7
Round trip time was 205.290 milliseconds in repetition 7
 ... sending message 8
Round trip time was 205.687 milliseconds in repetition 8
 ... sending message 9
Round trip time was 209.525 milliseconds in repetition 9
 ... sending message 10
Round trip time was 204.743 milliseconds in repetition 10
 ... sending message 11
Round trip time was 75.135 milliseconds in repetition 11
 ... sending message 12
Round trip time was 60.225 milliseconds in repetition 12
 ... sending message 13
Round trip time was 60.070 milliseconds in repetition 13
 ... sending message 14
Round trip time was 69.829 milliseconds in repetition 14
 ... sending message 15
Round trip time was 58.794 milliseconds in repetition 15
 ... sending message 16
Round trip time was 66.989 milliseconds in repetition 16
 ... sending message 17
Round trip time was 64.134 milliseconds in repetition 17
 ... sending message 18
Round trip time was 74.987 milliseconds in repetition 18
 ... sending message 19
Round trip time was 81.183 milliseconds in repetition 19
 ... sending message 20
Round trip time was 63.916 milliseconds in repetition 20
 ... sending message 21
Round trip time was 102.359 milliseconds in repetition 21
 ... sending message 22
Round trip time was 77.413 milliseconds in repetition 22
 ... sending message 23
Round trip time was 60.127 milliseconds in repetition 23
 ... sending message 24
Round trip time was 59.814 milliseconds in repetition 24
 ... sending message 25
Round trip time was 63.937 milliseconds in repetition 25
 ... sending message 26
Round trip time was 88.473 milliseconds in repetition 26
 ... sending message 27
Round trip time was 87.789 milliseconds in repetition 27
 ... sending message 28
Round trip time was 64.043 milliseconds in repetition 28
 ... sending message 29
Round trip time was 75.711 milliseconds in repetition 29
 ... sending message 30
Round trip time was 66.371 milliseconds in repetition 30
 ... sending message 31
Round trip time was 73.770 milliseconds in repetition 31
 ... sending message 32
Round trip time was 87.479 milliseconds in repetition 32
 ... sending message 33
Round trip time was 72.611 milliseconds in repetition 33
 ... sending message 34
Round trip time was 64.849 milliseconds in repetition 34
 ... sending message 35
Round trip time was 74.901 milliseconds in repetition 35
 ... sending message 36
Round trip time was 64.339 milliseconds in repetition 36
 ... sending message 37
Round trip time was 75.973 milliseconds in repetition 37
 ... sending message 38
Round trip time was 83.520 milliseconds in repetition 38
 ... sending message 39
Round trip time was 76.442 milliseconds in repetition 39
 ... sending message 40
Round trip time was 61.697 milliseconds in repetition 40
 ... sending message 41
Round trip time was 74.362 milliseconds in repetition 41
 ... sending message 42
Round trip time was 86.147 milliseconds in repetition 42
 ... sending message 43
Round trip time was 85.746 milliseconds in repetition 43
 ... sending message 44
Round trip time was 63.601 milliseconds in repetition 44
 ... sending message 45
Round trip time was 60.058 milliseconds in repetition 45
 ... sending message 46
Round trip time was 89.349 milliseconds in repetition 46
 ... sending message 47
Round trip time was 86.719 milliseconds in repetition 47
 ... sending message 48
Round trip time was 68.898 milliseconds in repetition 48
 ... sending message 49
Round trip time was 85.525 milliseconds in repetition 49
 ... sending message 50
Round trip time was 85.762 milliseconds in repetition 50
 ... sending message 51
Round trip time was 63.596 milliseconds in repetition 51
 ... sending message 52
Round trip time was 56.425 milliseconds in repetition 52
 ... sending message 53
Round trip time was 63.660 milliseconds in repetition 53
 ... sending message 54
Round trip time was 86.848 milliseconds in repetition 54
 ... sending message 55
Round trip time was 73.221 milliseconds in repetition 55
 ... sending message 56
Round trip time was 68.116 milliseconds in repetition 56
 ... sending message 57
Round trip time was 59.909 milliseconds in repetition 57
 ... sending message 58
Round trip time was 67.935 milliseconds in repetition 58
 ... sending message 59
Round trip time was 103.989 milliseconds in repetition 59
 ... sending message 60
Round trip time was 60.166 milliseconds in repetition 60
 ... sending message 61
Round trip time was 72.187 milliseconds in repetition 61
 ... sending message 62
Round trip time was 94.293 milliseconds in repetition 62
 ... sending message 63
Round trip time was 89.318 milliseconds in repetition 63
 ... sending message 64
Round trip time was 60.267 milliseconds in repetition 64
 ... sending message 65
Round trip time was 60.019 milliseconds in repetition 65
 ... sending message 66
Round trip time was 112.698 milliseconds in repetition 66
 ... sending message 67
Round trip time was 69.163 milliseconds in repetition 67
 ... sending message 68
Round trip time was 69.833 milliseconds in repetition 68
 ... sending message 69
Round trip time was 67.999 milliseconds in repetition 69
 ... sending message 70
Round trip time was 69.337 milliseconds in repetition 70
 ... sending message 71
Round trip time was 70.840 milliseconds in repetition 71
 ... sending message 72
Round trip time was 75.682 milliseconds in repetition 72
 ... sending message 73
Round trip time was 72.217 milliseconds in repetition 73
 ... sending message 74
Round trip time was 80.093 milliseconds in repetition 74
 ... sending message 75
Round trip time was 80.119 milliseconds in repetition 75
 ... sending message 76
Round trip time was 71.822 milliseconds in repetition 76
 ... sending message 77
Round trip time was 69.648 milliseconds in repetition 77
 ... sending message 78
Round trip time was 77.072 milliseconds in repetition 78
 ... sending message 79
Round trip time was 57.167 milliseconds in repetition 79
 ... sending message 80
Round trip time was 68.620 milliseconds in repetition 80
 ... sending message 81
Round trip time was 75.529 milliseconds in repetition 81
 ... sending message 82
Round trip time was 98.634 milliseconds in repetition 82
 ... sending message 83
Round trip time was 75.447 milliseconds in repetition 83
 ... sending message 84
Round trip time was 69.810 milliseconds in repetition 84
 ... sending message 85
Round trip time was 60.494 milliseconds in repetition 85
 ... sending message 86
Round trip time was 91.696 milliseconds in repetition 86
 ... sending message 87
Round trip time was 67.511 milliseconds in repetition 87
 ... sending message 88
Round trip time was 60.670 milliseconds in repetition 88
 ... sending message 89
Round trip time was 79.641 milliseconds in repetition 89
 ... sending message 90
Round trip time was 60.308 milliseconds in repetition 90
 ... sending message 91
Round trip time was 107.783 milliseconds in repetition 91
 ... sending message 92
Round trip time was 68.488 milliseconds in repetition 92
 ... sending message 93
Round trip time was 71.272 milliseconds in repetition 93
 ... sending message 94
Round trip time was 86.048 milliseconds in repetition 94
 ... sending message 95
Round trip time was 74.376 milliseconds in repetition 95
 ... sending message 96
Round trip time was 59.830 milliseconds in repetition 96
 ... sending message 97
Round trip time was 59.839 milliseconds in repetition 97
 ... sending message 98
Round trip time was 59.903 milliseconds in repetition 98
 ... sending message 99
Round trip time was 59.848 milliseconds in repetition 99
 ... sending message 100
Round trip time was 59.866 milliseconds in repetition 100
 ... sending message 101
Round trip time was 68.336 milliseconds in repetition 101
 ... sending message 102
Round trip time was 64.917 milliseconds in repetition 102
 ... sending message 103
Round trip time was 87.505 milliseconds in repetition 103
 ... sending message 104
Round trip time was 73.042 milliseconds in repetition 104
 ... sending message 105
Round trip time was 58.264 milliseconds in repetition 105
 ... sending message 106
Round trip time was 68.576 milliseconds in repetition 106
 ... sending message 107
Round trip time was 59.156 milliseconds in repetition 107
 ... sending message 108
Round trip time was 60.386 milliseconds in repetition 108
 ... sending message 109
Round trip time was 76.032 milliseconds in repetition 109
 ... sending message 110
Round trip time was 72.061 milliseconds in repetition 110
 ... sending message 111
Round trip time was 63.954 milliseconds in repetition 111
 ... sending message 112
Round trip time was 75.590 milliseconds in repetition 112
 ... sending message 113
Round trip time was 64.030 milliseconds in repetition 113
 ... sending message 114
Round trip time was 92.222 milliseconds in repetition 114
 ... sending message 115
Round trip time was 75.985 milliseconds in repetition 115
 ... sending message 116
Round trip time was 60.433 milliseconds in repetition 116
 ... sending message 117
Round trip time was 59.693 milliseconds in repetition 117
 ... sending message 118
Round trip time was 60.436 milliseconds in repetition 118
 ... sending message 119
Round trip time was 59.544 milliseconds in repetition 119
 ... sending message 120
Round trip time was 79.011 milliseconds in repetition 120
 ... sending message 121
Round trip time was 72.931 milliseconds in repetition 121
 ... sending message 122
Round trip time was 61.148 milliseconds in repetition 122
 ... sending message 123
Round trip time was 67.564 milliseconds in repetition 123
 ... sending message 124
Round trip time was 59.681 milliseconds in repetition 124
 ... sending message 125
Round trip time was 76.193 milliseconds in repetition 125
 ... sending message 126
Round trip time was 83.997 milliseconds in repetition 126
 ... sending message 127
Round trip time was 67.387 milliseconds in repetition 127
 ... sending message 128
Round trip time was 72.059 milliseconds in repetition 128
 ... sending message 129
Round trip time was 74.375 milliseconds in repetition 129
 ... sending message 130
Round trip time was 78.065 milliseconds in repetition 130
 ... sending message 131
Round trip time was 67.574 milliseconds in repetition 131
 ... sending message 132
Round trip time was 69.853 milliseconds in repetition 132
 ... sending message 133
Round trip time was 82.821 milliseconds in repetition 133
 ... sending message 134
Round trip time was 73.092 milliseconds in repetition 134
 ... sending message 135
Round trip time was 54.042 milliseconds in repetition 135
 ... sending message 136
Round trip time was 67.800 milliseconds in repetition 136
 ... sending message 137
Round trip time was 63.970 milliseconds in repetition 137
 ... sending message 138
Round trip time was 81.459 milliseconds in repetition 138
 ... sending message 139
Round trip time was 58.974 milliseconds in repetition 139
 ... sending message 140
Round trip time was 67.769 milliseconds in repetition 140
 ... sending message 141
Round trip time was 73.187 milliseconds in repetition 141
 ... sending message 142
Round trip time was 58.644 milliseconds in repetition 142
 ... sending message 143
Round trip time was 59.961 milliseconds in repetition 143
 ... sending message 144
Round trip time was 60.902 milliseconds in repetition 144
 ... sending message 145
Round trip time was 67.229 milliseconds in repetition 145
 ... sending message 146
Round trip time was 60.529 milliseconds in repetition 146
 ... sending message 147
Round trip time was 71.351 milliseconds in repetition 147
 ... sending message 148
Round trip time was 60.240 milliseconds in repetition 148
 ... sending message 149
Round trip time was 64.314 milliseconds in repetition 149
 ... sending message 150
Round trip time was 75.673 milliseconds in repetition 150
 ... sending message 151
Round trip time was 75.641 milliseconds in repetition 151

 ... clock resolution was 1e-06 h_min=54.0419,  h_max=757.296, h_incr=35.1627
     rtt[0]=54.0419
     rtt[1]=56.4255
     rtt[2]=57.1665
     rtt[3]=58.2643
     rtt[4]=58.6436
     rtt[5]=58.7944
     rtt[6]=58.9741
     rtt[7]=59.1561
     rtt[8]=59.5436
     rtt[9]=59.6814
     rtt[10]=59.6933
     rtt[11]=59.8141
     rtt[12]=59.8299
     rtt[13]=59.8394
     rtt[14]=59.8481
     rtt[15]=59.8659
     rtt[16]=59.903
     rtt[17]=59.9092
     rtt[18]=59.9614
     rtt[19]=60.0187
     rtt[20]=60.0581
     rtt[21]=60.0699
     rtt[22]=60.1269
     rtt[23]=60.1656
     rtt[24]=60.2247
     rtt[25]=60.2404
     rtt[26]=60.2673
     rtt[27]=60.3078
     rtt[28]=60.386
     rtt[29]=60.4335
     rtt[30]=60.4355
     rtt[31]=60.4939
     rtt[32]=60.5294
     rtt[33]=60.67
     rtt[34]=60.9017
     rtt[35]=61.1478
     rtt[36]=61.6973
     rtt[37]=63.5964
     rtt[38]=63.6012
     rtt[39]=63.6598
     rtt[40]=63.9157
     rtt[41]=63.9367
     rtt[42]=63.9544
     rtt[43]=63.9701
     rtt[44]=64.03
     rtt[45]=64.0427
     rtt[46]=64.1336
     rtt[47]=64.3135
     rtt[48]=64.3395
     rtt[49]=64.849
     rtt[50]=64.9172
     rtt[51]=66.3707
     rtt[52]=66.9886
     rtt[53]=67.2293
     rtt[54]=67.3869
     rtt[55]=67.5108
     rtt[56]=67.5645
     rtt[57]=67.5744
     rtt[58]=67.7693
     rtt[59]=67.8003
     rtt[60]=67.935
     rtt[61]=67.9995
     rtt[62]=68.1165
     rtt[63]=68.3359
     rtt[64]=68.4882
     rtt[65]=68.5761
     rtt[66]=68.6202
     rtt[67]=68.898
     rtt[68]=69.1633
     rtt[69]=69.3371
     rtt[70]=69.6478
     rtt[71]=69.8104
     rtt[72]=69.8293
     rtt[73]=69.8325
     rtt[74]=69.8535
     rtt[75]=70.8398
     rtt[76]=71.2721
     rtt[77]=71.3511
     rtt[78]=71.8216
     rtt[79]=72.0588
     rtt[80]=72.0614
     rtt[81]=72.1868
     rtt[82]=72.2172
     rtt[83]=72.6107
     rtt[84]=72.9314
     rtt[85]=73.042
     rtt[86]=73.0918
     rtt[87]=73.1872
     rtt[88]=73.221
     rtt[89]=73.7704
     rtt[90]=74.3616
     rtt[91]=74.3751
     rtt[92]=74.3765
     rtt[93]=74.9007
     rtt[94]=74.9872
     rtt[95]=75.1352
     rtt[96]=75.4473
     rtt[97]=75.5295
     rtt[98]=75.5902
     rtt[99]=75.6406
     rtt[100]=75.6732
     rtt[101]=75.6821
     rtt[102]=75.7113
     rtt[103]=75.9728
     rtt[104]=75.9846
     rtt[105]=76.0323
     rtt[106]=76.1934
     rtt[107]=76.4423
     rtt[108]=77.0719
     rtt[109]=77.4131
     rtt[110]=78.065
     rtt[111]=79.0112
     rtt[112]=79.6406
     rtt[113]=80.0926
     rtt[114]=80.1186
     rtt[115]=81.1829
     rtt[116]=81.4587
     rtt[117]=82.8211
     rtt[118]=83.5197
     rtt[119]=83.997
     rtt[120]=85.5248
     rtt[121]=85.7459
     rtt[122]=85.7625
     rtt[123]=86.0478
     rtt[124]=86.1465
     rtt[125]=86.719
     rtt[126]=86.8483
     rtt[127]=87.479
     rtt[128]=87.5047
     rtt[129]=87.7894
     rtt[130]=88.4733
     rtt[131]=89.3178
     rtt[132]=89.3487
     rtt[133]=91.6958
     rtt[134]=92.2216
     rtt[135]=94.293
     rtt[136]=98.6343
     rtt[137]=102.359
     rtt[138]=103.989
     rtt[139]=107.783
     rtt[140]=112.698
     rtt[141]=200.791
     rtt[142]=204.743
     rtt[143]=205.012
     rtt[144]=205.29
     rtt[145]=205.687
     rtt[146]=205.964
     rtt[147]=209.525
     rtt[148]=214.074
     rtt[149]=216.316
     rtt[150]=757.296

UDP Ping:  Statistics over 151 repetitions of 384 byte messages

RTT : percentile 10: 59.8659, median: 70.8398, percentile 90: 94.293, average: 84.2026, variance: 4203.26

RTT histogram:
54.0419 78
89.2046 61
124.367 2
159.53 0
194.693 7
229.856 2
265.018 0
300.181 0
335.344 0
370.506 0
405.669 0
440.832 0
475.995 0
511.157 0
546.32 0
581.483 0
616.645 0
651.808 0
686.971 0
722.134 0
757.296 1

   median Throughput : 10.8414 KB/s   overall Throughput : 9.12085 KB/s

