UDP Ping trying to connect to server webdev.dibris.unige.it (130.251.61.30) on TCP port 1491
 ... connected to Pong server: asking for 151 repetitions of 256 _bytes UDP messages
 ... Pong server agreed to ping-pong using port 62831 :-)
 ... about to connect socket 3 to IP address 130.251.61.30, port 62831
 ... sending message 1
Round trip time was 72.897 milliseconds in repetition 1
 ... sending message 2
Round trip time was 76.191 milliseconds in repetition 2
 ... sending message 3
Round trip time was 59.667 milliseconds in repetition 3
 ... sending message 4
Round trip time was 55.901 milliseconds in repetition 4
 ... sending message 5
Round trip time was 88.351 milliseconds in repetition 5
 ... sending message 6
Round trip time was 67.894 milliseconds in repetition 6
 ... sending message 7
Round trip time was 59.706 milliseconds in repetition 7
 ... sending message 8
Round trip time was 56.282 milliseconds in repetition 8
 ... sending message 9
Round trip time was 54.777 milliseconds in repetition 9
 ... sending message 10
Round trip time was 61.971 milliseconds in repetition 10
 ... sending message 11
Round trip time was 58.911 milliseconds in repetition 11
 ... sending message 12
Round trip time was 64.348 milliseconds in repetition 12
 ... sending message 13
Round trip time was 55.845 milliseconds in repetition 13
 ... sending message 14
Round trip time was 65.272 milliseconds in repetition 14
 ... sending message 15
Round trip time was 86.729 milliseconds in repetition 15
 ... sending message 16
Round trip time was 72.914 milliseconds in repetition 16
 ... sending message 17
Round trip time was 75.785 milliseconds in repetition 17
 ... sending message 18
Round trip time was 63.256 milliseconds in repetition 18
 ... sending message 19
Round trip time was 59.855 milliseconds in repetition 19
 ... sending message 20
Round trip time was 60.484 milliseconds in repetition 20
 ... sending message 21
Round trip time was 95.944 milliseconds in repetition 21
 ... sending message 22
Round trip time was 63.527 milliseconds in repetition 22
 ... sending message 23
Round trip time was 55.079 milliseconds in repetition 23
 ... sending message 24
Round trip time was 65.086 milliseconds in repetition 24
 ... sending message 25
Round trip time was 51.761 milliseconds in repetition 25
 ... sending message 26
Round trip time was 60.941 milliseconds in repetition 26
 ... sending message 27
Round trip time was 122.125 milliseconds in repetition 27
 ... sending message 28
Round trip time was 73.236 milliseconds in repetition 28
 ... sending message 29
Round trip time was 101.761 milliseconds in repetition 29
 ... sending message 30
Round trip time was 128.256 milliseconds in repetition 30
 ... sending message 31
Round trip time was 95.399 milliseconds in repetition 31
 ... sending message 32
Round trip time was 84.096 milliseconds in repetition 32
 ... sending message 33
Round trip time was 118.507 milliseconds in repetition 33
 ... sending message 34
Round trip time was 85.675 milliseconds in repetition 34
 ... sending message 35
Round trip time was 102.365 milliseconds in repetition 35
 ... sending message 36
Round trip time was 112.278 milliseconds in repetition 36
 ... sending message 37
Round trip time was 196.403 milliseconds in repetition 37
 ... sending message 38
Round trip time was 205.432 milliseconds in repetition 38
 ... sending message 39
Round trip time was 74.406 milliseconds in repetition 39
 ... sending message 40
Round trip time was 182.388 milliseconds in repetition 40
 ... sending message 41
Round trip time was 234.748 milliseconds in repetition 41
 ... sending message 42
Round trip time was 191.236 milliseconds in repetition 42
 ... sending message 43
Round trip time was 206.752 milliseconds in repetition 43
 ... sending message 44
Round trip time was 204.706 milliseconds in repetition 44
 ... sending message 45
Round trip time was 205.418 milliseconds in repetition 45
 ... sending message 46
Round trip time was 205.341 milliseconds in repetition 46
 ... sending message 47
Round trip time was 205.487 milliseconds in repetition 47
 ... sending message 48
Round trip time was 205.477 milliseconds in repetition 48
 ... sending message 49

 ... received 0 bytes instead of 256 (lost count = 1); re-trying ...
 ... re-trying ...
 ... sending message 49
Round trip time was 562.557 milliseconds in repetition 49
 ... sending message 50
Round trip time was 203.007 milliseconds in repetition 50
 ... sending message 51
Round trip time was 205.451 milliseconds in repetition 51
 ... sending message 52
Round trip time was 205.390 milliseconds in repetition 52
 ... sending message 53
Round trip time was 213.547 milliseconds in repetition 53
 ... sending message 54
Round trip time was 205.333 milliseconds in repetition 54
 ... sending message 55
Round trip time was 205.563 milliseconds in repetition 55
 ... sending message 56
Round trip time was 64.651 milliseconds in repetition 56
 ... sending message 57
Round trip time was 51.784 milliseconds in repetition 57
 ... sending message 58
Round trip time was 71.919 milliseconds in repetition 58
 ... sending message 59
Round trip time was 56.626 milliseconds in repetition 59
 ... sending message 60
Round trip time was 67.585 milliseconds in repetition 60
 ... sending message 61
Round trip time was 64.361 milliseconds in repetition 61
 ... sending message 62
Round trip time was 59.816 milliseconds in repetition 62
 ... sending message 63
Round trip time was 59.932 milliseconds in repetition 63
 ... sending message 64
Round trip time was 51.555 milliseconds in repetition 64
 ... sending message 65
Round trip time was 61.226 milliseconds in repetition 65
 ... sending message 66
Round trip time was 59.758 milliseconds in repetition 66
 ... sending message 67
Round trip time was 83.764 milliseconds in repetition 67
 ... sending message 68
Round trip time was 71.549 milliseconds in repetition 68
 ... sending message 69
Round trip time was 60.178 milliseconds in repetition 69
 ... sending message 70
Round trip time was 67.619 milliseconds in repetition 70
 ... sending message 71
Round trip time was 64.373 milliseconds in repetition 71
 ... sending message 72
Round trip time was 51.908 milliseconds in repetition 72
 ... sending message 73
Round trip time was 60.110 milliseconds in repetition 73
 ... sending message 74
Round trip time was 75.414 milliseconds in repetition 74
 ... sending message 75
Round trip time was 56.364 milliseconds in repetition 75
 ... sending message 76
Round trip time was 64.376 milliseconds in repetition 76
 ... sending message 77
Round trip time was 59.674 milliseconds in repetition 77
 ... sending message 78
Round trip time was 61.674 milliseconds in repetition 78
 ... sending message 79
Round trip time was 53.060 milliseconds in repetition 79
 ... sending message 80
Round trip time was 69.060 milliseconds in repetition 80
 ... sending message 81
Round trip time was 68.182 milliseconds in repetition 81
 ... sending message 82
Round trip time was 52.617 milliseconds in repetition 82
 ... sending message 83
Round trip time was 67.257 milliseconds in repetition 83
 ... sending message 84
Round trip time was 90.917 milliseconds in repetition 84
 ... sending message 85
Round trip time was 61.904 milliseconds in repetition 85
 ... sending message 86
Round trip time was 71.900 milliseconds in repetition 86
 ... sending message 87
Round trip time was 63.541 milliseconds in repetition 87
 ... sending message 88
Round trip time was 51.583 milliseconds in repetition 88
 ... sending message 89
Round trip time was 67.960 milliseconds in repetition 89
 ... sending message 90
Round trip time was 68.493 milliseconds in repetition 90
 ... sending message 91
Round trip time was 63.585 milliseconds in repetition 91
 ... sending message 92
Round trip time was 71.138 milliseconds in repetition 92
 ... sending message 93
Round trip time was 78.892 milliseconds in repetition 93
 ... sending message 94
Round trip time was 61.860 milliseconds in repetition 94
 ... sending message 95
Round trip time was 56.816 milliseconds in repetition 95
 ... sending message 96
Round trip time was 52.139 milliseconds in repetition 96
 ... sending message 97
Round trip time was 59.667 milliseconds in repetition 97
 ... sending message 98
Round trip time was 68.043 milliseconds in repetition 98
 ... sending message 99
Round trip time was 78.526 milliseconds in repetition 99
 ... sending message 100
Round trip time was 73.003 milliseconds in repetition 100
 ... sending message 101
Round trip time was 59.660 milliseconds in repetition 101
 ... sending message 102
Round trip time was 85.340 milliseconds in repetition 102
 ... sending message 103
Round trip time was 66.914 milliseconds in repetition 103
 ... sending message 104
Round trip time was 68.001 milliseconds in repetition 104
 ... sending message 105
Round trip time was 59.973 milliseconds in repetition 105
 ... sending message 106
Round trip time was 51.692 milliseconds in repetition 106
 ... sending message 107
Round trip time was 61.343 milliseconds in repetition 107
 ... sending message 108
Round trip time was 58.952 milliseconds in repetition 108
 ... sending message 109
Round trip time was 71.776 milliseconds in repetition 109
 ... sending message 110
Round trip time was 56.103 milliseconds in repetition 110
 ... sending message 111
Round trip time was 67.384 milliseconds in repetition 111
 ... sending message 112
Round trip time was 52.722 milliseconds in repetition 112
 ... sending message 113
Round trip time was 59.678 milliseconds in repetition 113
 ... sending message 114
Round trip time was 63.958 milliseconds in repetition 114
 ... sending message 115
Round trip time was 60.424 milliseconds in repetition 115
 ... sending message 116
Round trip time was 67.912 milliseconds in repetition 116
 ... sending message 117
Round trip time was 108.483 milliseconds in repetition 117
 ... sending message 118
Round trip time was 51.205 milliseconds in repetition 118
 ... sending message 119
Round trip time was 60.098 milliseconds in repetition 119
 ... sending message 120
Round trip time was 59.882 milliseconds in repetition 120
 ... sending message 121
Round trip time was 60.221 milliseconds in repetition 121
 ... sending message 122
Round trip time was 64.707 milliseconds in repetition 122
 ... sending message 123
Round trip time was 55.484 milliseconds in repetition 123
 ... sending message 124
Round trip time was 75.423 milliseconds in repetition 124
 ... sending message 125
Round trip time was 93.706 milliseconds in repetition 125
 ... sending message 126
Round trip time was 58.691 milliseconds in repetition 126
 ... sending message 127
Round trip time was 52.152 milliseconds in repetition 127
 ... sending message 128
Round trip time was 59.604 milliseconds in repetition 128
 ... sending message 129
Round trip time was 59.904 milliseconds in repetition 129
 ... sending message 130
Round trip time was 69.447 milliseconds in repetition 130
 ... sending message 131
Round trip time was 59.350 milliseconds in repetition 131
 ... sending message 132
Round trip time was 51.937 milliseconds in repetition 132
 ... sending message 133
Round trip time was 68.212 milliseconds in repetition 133
 ... sending message 134
Round trip time was 51.082 milliseconds in repetition 134
 ... sending message 135
Round trip time was 71.115 milliseconds in repetition 135
 ... sending message 136
Round trip time was 86.967 milliseconds in repetition 136
 ... sending message 137
Round trip time was 101.728 milliseconds in repetition 137
 ... sending message 138
Round trip time was 111.890 milliseconds in repetition 138
 ... sending message 139
Round trip time was 142.724 milliseconds in repetition 139
 ... sending message 140
Round trip time was 74.555 milliseconds in repetition 140
 ... sending message 141
Round trip time was 89.604 milliseconds in repetition 141
 ... sending message 142
Round trip time was 93.737 milliseconds in repetition 142
 ... sending message 143
Round trip time was 101.656 milliseconds in repetition 143
 ... sending message 144
Round trip time was 102.399 milliseconds in repetition 144
 ... sending message 145
Round trip time was 102.438 milliseconds in repetition 145
 ... sending message 146
Round trip time was 205.389 milliseconds in repetition 146
 ... sending message 147
Round trip time was 205.395 milliseconds in repetition 147
 ... sending message 148
Round trip time was 73.503 milliseconds in repetition 148
 ... sending message 149
Round trip time was 183.329 milliseconds in repetition 149
 ... sending message 150
Round trip time was 205.289 milliseconds in repetition 150
 ... sending message 151
Round trip time was 207.065 milliseconds in repetition 151

 ... clock resolution was 1e-06 h_min=51.0823,  h_max=562.557, h_incr=25.5737
     rtt[0]=51.0823
     rtt[1]=51.2052
     rtt[2]=51.5549
     rtt[3]=51.5832
     rtt[4]=51.6915
     rtt[5]=51.7607
     rtt[6]=51.7841
     rtt[7]=51.9079
     rtt[8]=51.937
     rtt[9]=52.139
     rtt[10]=52.152
     rtt[11]=52.6167
     rtt[12]=52.7216
     rtt[13]=53.0596
     rtt[14]=54.7765
     rtt[15]=55.0787
     rtt[16]=55.4838
     rtt[17]=55.8453
     rtt[18]=55.9008
     rtt[19]=56.1031
     rtt[20]=56.2823
     rtt[21]=56.3643
     rtt[22]=56.6261
     rtt[23]=56.8161
     rtt[24]=58.6907
     rtt[25]=58.9107
     rtt[26]=58.9522
     rtt[27]=59.3497
     rtt[28]=59.604
     rtt[29]=59.6599
     rtt[30]=59.6668
     rtt[31]=59.6669
     rtt[32]=59.6739
     rtt[33]=59.6779
     rtt[34]=59.706
     rtt[35]=59.7575
     rtt[36]=59.8157
     rtt[37]=59.8552
     rtt[38]=59.8824
     rtt[39]=59.9044
     rtt[40]=59.9324
     rtt[41]=59.9728
     rtt[42]=60.0978
     rtt[43]=60.1095
     rtt[44]=60.1783
     rtt[45]=60.2209
     rtt[46]=60.4245
     rtt[47]=60.4839
     rtt[48]=60.9406
     rtt[49]=61.2261
     rtt[50]=61.3427
     rtt[51]=61.6745
     rtt[52]=61.8598
     rtt[53]=61.9036
     rtt[54]=61.9708
     rtt[55]=63.2558
     rtt[56]=63.5272
     rtt[57]=63.5408
     rtt[58]=63.5849
     rtt[59]=63.958
     rtt[60]=64.348
     rtt[61]=64.3608
     rtt[62]=64.3727
     rtt[63]=64.376
     rtt[64]=64.651
     rtt[65]=64.7066
     rtt[66]=65.0858
     rtt[67]=65.2717
     rtt[68]=66.9136
     rtt[69]=67.2568
     rtt[70]=67.3844
     rtt[71]=67.585
     rtt[72]=67.6192
     rtt[73]=67.8939
     rtt[74]=67.9123
     rtt[75]=67.9602
     rtt[76]=68.001
     rtt[77]=68.0429
     rtt[78]=68.1819
     rtt[79]=68.2117
     rtt[80]=68.4932
     rtt[81]=69.0599
     rtt[82]=69.4467
     rtt[83]=71.1148
     rtt[84]=71.1375
     rtt[85]=71.5487
     rtt[86]=71.7756
     rtt[87]=71.8995
     rtt[88]=71.919
     rtt[89]=72.8973
     rtt[90]=72.9141
     rtt[91]=73.0034
     rtt[92]=73.2357
     rtt[93]=73.5026
     rtt[94]=74.4056
     rtt[95]=74.5548
     rtt[96]=75.4137
     rtt[97]=75.4226
     rtt[98]=75.7853
     rtt[99]=76.1914
     rtt[100]=78.5257
     rtt[101]=78.8921
     rtt[102]=83.7636
     rtt[103]=84.0964
     rtt[104]=85.3395
     rtt[105]=85.6749
     rtt[106]=86.7292
     rtt[107]=86.9666
     rtt[108]=88.3509
     rtt[109]=89.604
     rtt[110]=90.9174
     rtt[111]=93.7059
     rtt[112]=93.7367
     rtt[113]=95.3994
     rtt[114]=95.9438
     rtt[115]=101.656
     rtt[116]=101.728
     rtt[117]=101.761
     rtt[118]=102.365
     rtt[119]=102.399
     rtt[120]=102.438
     rtt[121]=108.483
     rtt[122]=111.89
     rtt[123]=112.278
     rtt[124]=118.507
     rtt[125]=122.125
     rtt[126]=128.256
     rtt[127]=142.724
     rtt[128]=182.388
     rtt[129]=183.329
     rtt[130]=191.236
     rtt[131]=196.403
     rtt[132]=203.007
     rtt[133]=204.706
     rtt[134]=205.289
     rtt[135]=205.333
     rtt[136]=205.341
     rtt[137]=205.389
     rtt[138]=205.39
     rtt[139]=205.395
     rtt[140]=205.418
     rtt[141]=205.432
     rtt[142]=205.451
     rtt[143]=205.477
     rtt[144]=205.487
     rtt[145]=205.563
     rtt[146]=206.752
     rtt[147]=207.065
     rtt[148]=213.547
     rtt[149]=234.748
     rtt[150]=562.557

UDP Ping:  Statistics over 151 repetitions of 256 byte messages

RTT : percentile 10: 55.0787, median: 67.9602, percentile 90: 205.333, average: 93.2336, variance: 3992.1

RTT histogram:
51.0823 59
76.6561 50
102.23 15
127.804 3
153.377 1
178.951 3
204.525 18
230.099 1
255.672 0
281.246 0
306.82 0
332.393 0
357.967 0
383.541 0
409.115 0
434.688 0
460.262 0
485.836 0
511.41 0
536.983 0
562.557 1

   median Throughput : 7.53382 KB/s   overall Throughput : 5.49158 KB/s

