UDP Ping trying to connect to server webdev.dibris.unige.it (130.251.61.30) on TCP port 1491
 ... connected to Pong server: asking for 151 repetitions of 1536 _bytes UDP messages
 ... Pong server agreed to ping-pong using port 62831 :-)
 ... about to connect socket 3 to IP address 130.251.61.30, port 62831
 ... sending message 1

 ... received 0 bytes instead of 1536 (lost count = 1); re-trying ...
 ... re-trying ...
 ... sending message 1

 ... received 0 bytes instead of 1536 (lost count = 2); re-trying ...
 ... re-trying ...
 ... sending message 1
Round trip time was 103.485 milliseconds in repetition 1
 ... sending message 2
Round trip time was 71.578 milliseconds in repetition 2
 ... sending message 3
Round trip time was 75.866 milliseconds in repetition 3
 ... sending message 4
Round trip time was 60.204 milliseconds in repetition 4
 ... sending message 5
Round trip time was 72.014 milliseconds in repetition 5
 ... sending message 6
Round trip time was 87.863 milliseconds in repetition 6
 ... sending message 7
Round trip time was 60.211 milliseconds in repetition 7
 ... sending message 8
Round trip time was 60.136 milliseconds in repetition 8
 ... sending message 9
Round trip time was 59.663 milliseconds in repetition 9
 ... sending message 10
Round trip time was 76.094 milliseconds in repetition 10
 ... sending message 11
Round trip time was 67.865 milliseconds in repetition 11
 ... sending message 12
Round trip time was 84.152 milliseconds in repetition 12
 ... sending message 13
Round trip time was 64.024 milliseconds in repetition 13
 ... sending message 14
Round trip time was 68.401 milliseconds in repetition 14
 ... sending message 15
Round trip time was 75.575 milliseconds in repetition 15
 ... sending message 16
Round trip time was 83.695 milliseconds in repetition 16
 ... sending message 17
Round trip time was 67.328 milliseconds in repetition 17
 ... sending message 18
Round trip time was 64.611 milliseconds in repetition 18
 ... sending message 19
Round trip time was 60.338 milliseconds in repetition 19
 ... sending message 20
Round trip time was 67.788 milliseconds in repetition 20
 ... sending message 21
Round trip time was 59.768 milliseconds in repetition 21
 ... sending message 22
Round trip time was 60.428 milliseconds in repetition 22
 ... sending message 23
Round trip time was 59.464 milliseconds in repetition 23
 ... sending message 24
Round trip time was 68.578 milliseconds in repetition 24
 ... sending message 25
Round trip time was 60.138 milliseconds in repetition 25
 ... sending message 26
Round trip time was 96.778 milliseconds in repetition 26
 ... sending message 27
Round trip time was 75.063 milliseconds in repetition 27
 ... sending message 28
Round trip time was 59.767 milliseconds in repetition 28
 ... sending message 29
Round trip time was 100.277 milliseconds in repetition 29
 ... sending message 30
Round trip time was 79.910 milliseconds in repetition 30
 ... sending message 31
Round trip time was 59.885 milliseconds in repetition 31
 ... sending message 32
Round trip time was 60.378 milliseconds in repetition 32
 ... sending message 33
Round trip time was 59.536 milliseconds in repetition 33
 ... sending message 34
Round trip time was 102.139 milliseconds in repetition 34
 ... sending message 35
Round trip time was 82.291 milliseconds in repetition 35
 ... sending message 36
Round trip time was 67.676 milliseconds in repetition 36
 ... sending message 37
Round trip time was 75.783 milliseconds in repetition 37
 ... sending message 38
Round trip time was 72.901 milliseconds in repetition 38
 ... sending message 39
Round trip time was 78.780 milliseconds in repetition 39
 ... sending message 40
Round trip time was 59.953 milliseconds in repetition 40
 ... sending message 41
Round trip time was 65.645 milliseconds in repetition 41
 ... sending message 42
Round trip time was 102.175 milliseconds in repetition 42
 ... sending message 43
Round trip time was 72.871 milliseconds in repetition 43
 ... sending message 44
Round trip time was 75.538 milliseconds in repetition 44
 ... sending message 45
Round trip time was 75.915 milliseconds in repetition 45
 ... sending message 46
Round trip time was 66.442 milliseconds in repetition 46
 ... sending message 47
Round trip time was 61.511 milliseconds in repetition 47
 ... sending message 48
Round trip time was 272.515 milliseconds in repetition 48
 ... sending message 49
Round trip time was 67.825 milliseconds in repetition 49
 ... sending message 50
Round trip time was 59.446 milliseconds in repetition 50
 ... sending message 51
Round trip time was 60.471 milliseconds in repetition 51
 ... sending message 52
Round trip time was 79.848 milliseconds in repetition 52
 ... sending message 53
Round trip time was 77.053 milliseconds in repetition 53
 ... sending message 54
Round trip time was 62.514 milliseconds in repetition 54
 ... sending message 55
Round trip time was 60.398 milliseconds in repetition 55
 ... sending message 56
Round trip time was 97.678 milliseconds in repetition 56
 ... sending message 57
Round trip time was 74.096 milliseconds in repetition 57
 ... sending message 58
Round trip time was 76.239 milliseconds in repetition 58
 ... sending message 59
Round trip time was 63.643 milliseconds in repetition 59
 ... sending message 60
Round trip time was 82.807 milliseconds in repetition 60
 ... sending message 61
Round trip time was 77.274 milliseconds in repetition 61
 ... sending message 62
Round trip time was 60.281 milliseconds in repetition 62
 ... sending message 63
Round trip time was 79.883 milliseconds in repetition 63
 ... sending message 64
Round trip time was 81.278 milliseconds in repetition 64
 ... sending message 65
Round trip time was 87.440 milliseconds in repetition 65
 ... sending message 66
Round trip time was 83.156 milliseconds in repetition 66
 ... sending message 67
Round trip time was 68.015 milliseconds in repetition 67
 ... sending message 68
Round trip time was 80.123 milliseconds in repetition 68
 ... sending message 69
Round trip time was 67.769 milliseconds in repetition 69
 ... sending message 70
Round trip time was 68.144 milliseconds in repetition 70
 ... sending message 71
Round trip time was 64.447 milliseconds in repetition 71
 ... sending message 72
Round trip time was 77.004 milliseconds in repetition 72
 ... sending message 73
Round trip time was 78.040 milliseconds in repetition 73
 ... sending message 74
Round trip time was 72.157 milliseconds in repetition 74
 ... sending message 75
Round trip time was 68.310 milliseconds in repetition 75
 ... sending message 76
Round trip time was 80.154 milliseconds in repetition 76
 ... sending message 77
Round trip time was 83.056 milliseconds in repetition 77
 ... sending message 78
Round trip time was 76.769 milliseconds in repetition 78
 ... sending message 79
Round trip time was 68.914 milliseconds in repetition 79
 ... sending message 80
Round trip time was 69.995 milliseconds in repetition 80
 ... sending message 81
Round trip time was 73.017 milliseconds in repetition 81
 ... sending message 82
Round trip time was 88.000 milliseconds in repetition 82
 ... sending message 83
Round trip time was 73.419 milliseconds in repetition 83
 ... sending message 84
Round trip time was 66.734 milliseconds in repetition 84
 ... sending message 85
Round trip time was 83.773 milliseconds in repetition 85
 ... sending message 86
Round trip time was 76.013 milliseconds in repetition 86
 ... sending message 87
Round trip time was 79.931 milliseconds in repetition 87
 ... sending message 88
Round trip time was 63.923 milliseconds in repetition 88
 ... sending message 89
Round trip time was 67.773 milliseconds in repetition 89
 ... sending message 90
Round trip time was 135.593 milliseconds in repetition 90
 ... sending message 91
Round trip time was 94.212 milliseconds in repetition 91
 ... sending message 92
Round trip time was 102.314 milliseconds in repetition 92
 ... sending message 93
Round trip time was 102.460 milliseconds in repetition 93
 ... sending message 94
Round trip time was 102.191 milliseconds in repetition 94
 ... sending message 95
Round trip time was 102.497 milliseconds in repetition 95
 ... sending message 96
Round trip time was 81.103 milliseconds in repetition 96
 ... sending message 97
Round trip time was 123.545 milliseconds in repetition 97
 ... sending message 98
Round trip time was 114.314 milliseconds in repetition 98
 ... sending message 99
Round trip time was 92.419 milliseconds in repetition 99
 ... sending message 100
Round trip time was 101.815 milliseconds in repetition 100
 ... sending message 101
Round trip time was 101.164 milliseconds in repetition 101
 ... sending message 102
Round trip time was 205.272 milliseconds in repetition 102
 ... sending message 103
Round trip time was 205.445 milliseconds in repetition 103
 ... sending message 104
Round trip time was 82.584 milliseconds in repetition 104
 ... sending message 105
Round trip time was 174.111 milliseconds in repetition 105
 ... sending message 106
Round trip time was 205.460 milliseconds in repetition 106
 ... sending message 107
Round trip time was 205.412 milliseconds in repetition 107
 ... sending message 108
Round trip time was 220.217 milliseconds in repetition 108
 ... sending message 109

 ... received 0 bytes instead of 1536 (lost count = 1); re-trying ...
 ... re-trying ...
 ... sending message 109
Round trip time was 563.018 milliseconds in repetition 109
 ... sending message 110
Round trip time was 205.834 milliseconds in repetition 110
 ... sending message 111
Round trip time was 205.575 milliseconds in repetition 111
 ... sending message 112
Round trip time was 205.373 milliseconds in repetition 112
 ... sending message 113

 ... received 0 bytes instead of 1536 (lost count = 1); re-trying ...
 ... re-trying ...
 ... sending message 113
Round trip time was 329.268 milliseconds in repetition 113
 ... sending message 114
Round trip time was 68.201 milliseconds in repetition 114
 ... sending message 115
Round trip time was 59.485 milliseconds in repetition 115
 ... sending message 116
Round trip time was 59.803 milliseconds in repetition 116
 ... sending message 117
Round trip time was 60.257 milliseconds in repetition 117
 ... sending message 118
Round trip time was 59.538 milliseconds in repetition 118
 ... sending message 119
Round trip time was 59.974 milliseconds in repetition 119
 ... sending message 120
Round trip time was 60.027 milliseconds in repetition 120
 ... sending message 121
Round trip time was 75.935 milliseconds in repetition 121
 ... sending message 122
Round trip time was 64.021 milliseconds in repetition 122
 ... sending message 123
Round trip time was 76.002 milliseconds in repetition 123
 ... sending message 124
Round trip time was 72.104 milliseconds in repetition 124
 ... sending message 125
Round trip time was 87.377 milliseconds in repetition 125
 ... sending message 126
Round trip time was 84.875 milliseconds in repetition 126
 ... sending message 127
Round trip time was 70.266 milliseconds in repetition 127
 ... sending message 128
Round trip time was 69.275 milliseconds in repetition 128
 ... sending message 129
Round trip time was 71.981 milliseconds in repetition 129
 ... sending message 130
Round trip time was 68.360 milliseconds in repetition 130
 ... sending message 131
Round trip time was 89.046 milliseconds in repetition 131
 ... sending message 132
Round trip time was 78.885 milliseconds in repetition 132
 ... sending message 133
Round trip time was 80.060 milliseconds in repetition 133
 ... sending message 134
Round trip time was 71.466 milliseconds in repetition 134
 ... sending message 135
Round trip time was 91.295 milliseconds in repetition 135
 ... sending message 136
Round trip time was 73.341 milliseconds in repetition 136
 ... sending message 137
Round trip time was 67.471 milliseconds in repetition 137
 ... sending message 138
Round trip time was 60.212 milliseconds in repetition 138
 ... sending message 139
Round trip time was 73.899 milliseconds in repetition 139
 ... sending message 140
Round trip time was 78.222 milliseconds in repetition 140
 ... sending message 141
Round trip time was 67.525 milliseconds in repetition 141
 ... sending message 142
Round trip time was 60.037 milliseconds in repetition 142
 ... sending message 143
Round trip time was 59.945 milliseconds in repetition 143
 ... sending message 144
Round trip time was 60.075 milliseconds in repetition 144
 ... sending message 145
Round trip time was 68.367 milliseconds in repetition 145
 ... sending message 146
Round trip time was 59.685 milliseconds in repetition 146
 ... sending message 147
Round trip time was 60.242 milliseconds in repetition 147
 ... sending message 148
Round trip time was 81.231 milliseconds in repetition 148
 ... sending message 149
Round trip time was 86.451 milliseconds in repetition 149
 ... sending message 150
Round trip time was 72.174 milliseconds in repetition 150
 ... sending message 151
Round trip time was 70.246 milliseconds in repetition 151

 ... clock resolution was 1e-06 h_min=59.4458,  h_max=563.018, h_incr=25.1786
     rtt[0]=59.4458
     rtt[1]=59.4644
     rtt[2]=59.4845
     rtt[3]=59.5357
     rtt[4]=59.5381
     rtt[5]=59.6628
     rtt[6]=59.6848
     rtt[7]=59.7671
     rtt[8]=59.7682
     rtt[9]=59.8034
     rtt[10]=59.8845
     rtt[11]=59.9448
     rtt[12]=59.9533
     rtt[13]=59.9744
     rtt[14]=60.0268
     rtt[15]=60.0366
     rtt[16]=60.0753
     rtt[17]=60.1358
     rtt[18]=60.1381
     rtt[19]=60.2042
     rtt[20]=60.211
     rtt[21]=60.2116
     rtt[22]=60.2423
     rtt[23]=60.2566
     rtt[24]=60.281
     rtt[25]=60.3381
     rtt[26]=60.3782
     rtt[27]=60.3977
     rtt[28]=60.4279
     rtt[29]=60.4705
     rtt[30]=61.5112
     rtt[31]=62.5141
     rtt[32]=63.643
     rtt[33]=63.9234
     rtt[34]=64.0209
     rtt[35]=64.0241
     rtt[36]=64.4473
     rtt[37]=64.611
     rtt[38]=65.6448
     rtt[39]=66.4416
     rtt[40]=66.7336
     rtt[41]=67.3284
     rtt[42]=67.4706
     rtt[43]=67.5255
     rtt[44]=67.676
     rtt[45]=67.7687
     rtt[46]=67.7734
     rtt[47]=67.7879
     rtt[48]=67.8253
     rtt[49]=67.8646
     rtt[50]=68.0151
     rtt[51]=68.1442
     rtt[52]=68.2005
     rtt[53]=68.31
     rtt[54]=68.3605
     rtt[55]=68.3669
     rtt[56]=68.4014
     rtt[57]=68.5781
     rtt[58]=68.9143
     rtt[59]=69.2755
     rtt[60]=69.9947
     rtt[61]=70.246
     rtt[62]=70.2661
     rtt[63]=71.4656
     rtt[64]=71.578
     rtt[65]=71.9806
     rtt[66]=72.0138
     rtt[67]=72.1042
     rtt[68]=72.1569
     rtt[69]=72.1745
     rtt[70]=72.8708
     rtt[71]=72.9011
     rtt[72]=73.0169
     rtt[73]=73.3406
     rtt[74]=73.4186
     rtt[75]=73.8992
     rtt[76]=74.0956
     rtt[77]=75.0629
     rtt[78]=75.5383
     rtt[79]=75.575
     rtt[80]=75.7834
     rtt[81]=75.866
     rtt[82]=75.9145
     rtt[83]=75.9348
     rtt[84]=76.0021
     rtt[85]=76.0127
     rtt[86]=76.0936
     rtt[87]=76.2394
     rtt[88]=76.7695
     rtt[89]=77.0035
     rtt[90]=77.0531
     rtt[91]=77.2745
     rtt[92]=78.0399
     rtt[93]=78.2216
     rtt[94]=78.7797
     rtt[95]=78.885
     rtt[96]=79.8476
     rtt[97]=79.8834
     rtt[98]=79.9096
     rtt[99]=79.9309
     rtt[100]=80.0597
     rtt[101]=80.1235
     rtt[102]=80.1543
     rtt[103]=81.1026
     rtt[104]=81.2311
     rtt[105]=81.2782
     rtt[106]=82.2909
     rtt[107]=82.5843
     rtt[108]=82.8066
     rtt[109]=83.0564
     rtt[110]=83.1561
     rtt[111]=83.6955
     rtt[112]=83.7733
     rtt[113]=84.1518
     rtt[114]=84.8748
     rtt[115]=86.4508
     rtt[116]=87.3765
     rtt[117]=87.4403
     rtt[118]=87.8631
     rtt[119]=87.9996
     rtt[120]=89.0464
     rtt[121]=91.295
     rtt[122]=92.4186
     rtt[123]=94.2122
     rtt[124]=96.7776
     rtt[125]=97.6784
     rtt[126]=100.277
     rtt[127]=101.164
     rtt[128]=101.815
     rtt[129]=102.139
     rtt[130]=102.175
     rtt[131]=102.191
     rtt[132]=102.314
     rtt[133]=102.46
     rtt[134]=102.497
     rtt[135]=103.485
     rtt[136]=114.314
     rtt[137]=123.545
     rtt[138]=135.593
     rtt[139]=174.111
     rtt[140]=205.272
     rtt[141]=205.373
     rtt[142]=205.412
     rtt[143]=205.445
     rtt[144]=205.46
     rtt[145]=205.575
     rtt[146]=205.834
     rtt[147]=220.217
     rtt[148]=272.515
     rtt[149]=329.268
     rtt[150]=563.018

UDP Ping:  Statistics over 151 repetitions of 1536 byte messages

RTT : percentile 10: 60.0366, median: 73.8992, percentile 90: 103.485, average: 88.9295, variance: 3270.15

RTT histogram:
59.4458 67
84.6244 58
109.803 12
134.982 2
160.16 0
185.339 1
210.517 8
235.696 0
260.875 1
286.053 0
311.232 0
336.41 1
361.589 0
386.767 0
411.946 0
437.125 0
462.303 0
487.482 0
512.66 0
537.839 0
563.018 1

   median Throughput : 41.5702 KB/s   overall Throughput : 34.5442 KB/s

